[0.048s] DEBUG:colcon:Command line arguments: ['/usr/bin/colcon', 'build']
[0.048s] DEBUG:colcon:Parsed command line arguments: Namespace(log_base=None, log_level=None, verb_name='build', build_base='build', install_base='install', merge_install=False, symlink_install=False, test_result_base=None, continue_on_error=False, executor='parallel', parallel_workers=24, event_handlers=None, ignore_user_meta=False, metas=['./colcon.meta'], base_paths=['.'], packages_ignore=None, packages_ignore_regex=None, paths=None, packages_up_to=None, packages_up_to_regex=None, packages_above=None, packages_above_and_dependencies=None, packages_above_depth=None, packages_select_by_dep=None, packages_skip_by_dep=None, packages_skip_up_to=None, packages_select_build_failed=False, packages_skip_build_finished=False, packages_select_test_failures=False, packages_skip_test_passed=False, packages_select=None, packages_skip=None, packages_select_regex=None, packages_skip_regex=None, packages_start=None, packages_end=None, allow_overriding=[], cmake_args=None, cmake_target=None, cmake_target_skip_unavailable=False, cmake_clean_cache=False, cmake_clean_first=False, cmake_force_configure=False, ament_cmake_args=None, catkin_cmake_args=None, catkin_skip_building_tests=False, verb_parser=<colcon_defaults.argument_parser.defaults.DefaultArgumentsDecorator object at 0x77ca84d3dba0>, verb_extension=<colcon_core.verb.build.BuildVerb object at 0x77ca84eb7310>, main=<bound method BuildVerb.main of <colcon_core.verb.build.BuildVerb object at 0x77ca84eb7310>>)
[0.123s] Level 1:colcon.colcon_core.package_discovery:discover_packages(colcon_meta) check parameters
[0.123s] Level 1:colcon.colcon_core.package_discovery:discover_packages(recursive) check parameters
[0.123s] Level 1:colcon.colcon_core.package_discovery:discover_packages(ignore) check parameters
[0.123s] Level 1:colcon.colcon_core.package_discovery:discover_packages(path) check parameters
[0.123s] Level 1:colcon.colcon_core.package_discovery:discover_packages(colcon_meta) discover
[0.123s] Level 1:colcon.colcon_core.package_discovery:discover_packages(recursive) discover
[0.123s] INFO:colcon.colcon_core.package_discovery:Crawling recursively for packages in '/home/jeongtae/umv_control'
[0.123s] Level 1:colcon.colcon_core.package_identification:_identify(.) by extensions ['ignore', 'ignore_ament_install']
[0.123s] Level 1:colcon.colcon_core.package_identification:_identify(.) by extension 'ignore'
[0.123s] Level 1:colcon.colcon_core.package_identification:_identify(.) by extension 'ignore_ament_install'
[0.123s] Level 1:colcon.colcon_core.package_identification:_identify(.) by extensions ['colcon_pkg']
[0.123s] Level 1:colcon.colcon_core.package_identification:_identify(.) by extension 'colcon_pkg'
[0.123s] Level 1:colcon.colcon_core.package_identification:_identify(.) by extensions ['colcon_meta']
[0.123s] Level 1:colcon.colcon_core.package_identification:_identify(.) by extension 'colcon_meta'
[0.123s] Level 1:colcon.colcon_core.package_identification:_identify(.) by extensions ['ros']
[0.123s] Level 1:colcon.colcon_core.package_identification:_identify(.) by extension 'ros'
[0.129s] Level 1:colcon.colcon_core.package_identification:_identify(.) by extensions ['cmake', 'python']
[0.129s] Level 1:colcon.colcon_core.package_identification:_identify(.) by extension 'cmake'
[0.129s] Level 1:colcon.colcon_core.package_identification:_identify(.) by extension 'python'
[0.129s] Level 1:colcon.colcon_core.package_identification:_identify(.) by extensions ['python_setup_py']
[0.129s] Level 1:colcon.colcon_core.package_identification:_identify(.) by extension 'python_setup_py'
[0.129s] Level 1:colcon.colcon_core.package_identification:_identify(build) by extensions ['ignore', 'ignore_ament_install']
[0.129s] Level 1:colcon.colcon_core.package_identification:_identify(build) by extension 'ignore'
[0.129s] Level 1:colcon.colcon_core.package_identification:_identify(build) ignored
[0.129s] Level 1:colcon.colcon_core.package_identification:_identify(install) by extensions ['ignore', 'ignore_ament_install']
[0.129s] Level 1:colcon.colcon_core.package_identification:_identify(install) by extension 'ignore'
[0.129s] Level 1:colcon.colcon_core.package_identification:_identify(install) ignored
[0.129s] Level 1:colcon.colcon_core.package_identification:_identify(log) by extensions ['ignore', 'ignore_ament_install']
[0.129s] Level 1:colcon.colcon_core.package_identification:_identify(log) by extension 'ignore'
[0.129s] Level 1:colcon.colcon_core.package_identification:_identify(log) ignored
[0.129s] Level 1:colcon.colcon_core.package_identification:_identify(src) by extensions ['ignore', 'ignore_ament_install']
[0.129s] Level 1:colcon.colcon_core.package_identification:_identify(src) by extension 'ignore'
[0.129s] Level 1:colcon.colcon_core.package_identification:_identify(src) by extension 'ignore_ament_install'
[0.129s] Level 1:colcon.colcon_core.package_identification:_identify(src) by extensions ['colcon_pkg']
[0.129s] Level 1:colcon.colcon_core.package_identification:_identify(src) by extension 'colcon_pkg'
[0.129s] Level 1:colcon.colcon_core.package_identification:_identify(src) by extensions ['colcon_meta']
[0.129s] Level 1:colcon.colcon_core.package_identification:_identify(src) by extension 'colcon_meta'
[0.129s] Level 1:colcon.colcon_core.package_identification:_identify(src) by extensions ['ros']
[0.129s] Level 1:colcon.colcon_core.package_identification:_identify(src) by extension 'ros'
[0.129s] Level 1:colcon.colcon_core.package_identification:_identify(src) by extensions ['cmake', 'python']
[0.129s] Level 1:colcon.colcon_core.package_identification:_identify(src) by extension 'cmake'
[0.129s] Level 1:colcon.colcon_core.package_identification:_identify(src) by extension 'python'
[0.129s] Level 1:colcon.colcon_core.package_identification:_identify(src) by extensions ['python_setup_py']
[0.129s] Level 1:colcon.colcon_core.package_identification:_identify(src) by extension 'python_setup_py'
[0.129s] Level 1:colcon.colcon_core.package_identification:_identify(src/host_vehicle_filter) by extensions ['ignore', 'ignore_ament_install']
[0.129s] Level 1:colcon.colcon_core.package_identification:_identify(src/host_vehicle_filter) by extension 'ignore'
[0.129s] Level 1:colcon.colcon_core.package_identification:_identify(src/host_vehicle_filter) by extension 'ignore_ament_install'
[0.129s] Level 1:colcon.colcon_core.package_identification:_identify(src/host_vehicle_filter) by extensions ['colcon_pkg']
[0.129s] Level 1:colcon.colcon_core.package_identification:_identify(src/host_vehicle_filter) by extension 'colcon_pkg'
[0.129s] Level 1:colcon.colcon_core.package_identification:_identify(src/host_vehicle_filter) by extensions ['colcon_meta']
[0.129s] Level 1:colcon.colcon_core.package_identification:_identify(src/host_vehicle_filter) by extension 'colcon_meta'
[0.129s] Level 1:colcon.colcon_core.package_identification:_identify(src/host_vehicle_filter) by extensions ['ros']
[0.129s] Level 1:colcon.colcon_core.package_identification:_identify(src/host_vehicle_filter) by extension 'ros'
[0.131s] DEBUG:colcon.colcon_core.package_identification:Package 'src/host_vehicle_filter' with type 'ros.ament_python' and name 'host_vehicle_filter'
[0.131s] Level 1:colcon.colcon_core.package_identification:_identify(src/lower_controller) by extensions ['ignore', 'ignore_ament_install']
[0.131s] Level 1:colcon.colcon_core.package_identification:_identify(src/lower_controller) by extension 'ignore'
[0.131s] Level 1:colcon.colcon_core.package_identification:_identify(src/lower_controller) by extension 'ignore_ament_install'
[0.131s] Level 1:colcon.colcon_core.package_identification:_identify(src/lower_controller) by extensions ['colcon_pkg']
[0.131s] Level 1:colcon.colcon_core.package_identification:_identify(src/lower_controller) by extension 'colcon_pkg'
[0.131s] Level 1:colcon.colcon_core.package_identification:_identify(src/lower_controller) by extensions ['colcon_meta']
[0.131s] Level 1:colcon.colcon_core.package_identification:_identify(src/lower_controller) by extension 'colcon_meta'
[0.131s] Level 1:colcon.colcon_core.package_identification:_identify(src/lower_controller) by extensions ['ros']
[0.131s] Level 1:colcon.colcon_core.package_identification:_identify(src/lower_controller) by extension 'ros'
[0.131s] DEBUG:colcon.colcon_core.package_identification:Package 'src/lower_controller' with type 'ros.ament_python' and name 'lower_controller'
[0.131s] Level 1:colcon.colcon_core.package_identification:_identify(src/motion_planner) by extensions ['ignore', 'ignore_ament_install']
[0.131s] Level 1:colcon.colcon_core.package_identification:_identify(src/motion_planner) by extension 'ignore'
[0.131s] Level 1:colcon.colcon_core.package_identification:_identify(src/motion_planner) by extension 'ignore_ament_install'
[0.131s] Level 1:colcon.colcon_core.package_identification:_identify(src/motion_planner) by extensions ['colcon_pkg']
[0.131s] Level 1:colcon.colcon_core.package_identification:_identify(src/motion_planner) by extension 'colcon_pkg'
[0.131s] Level 1:colcon.colcon_core.package_identification:_identify(src/motion_planner) by extensions ['colcon_meta']
[0.131s] Level 1:colcon.colcon_core.package_identification:_identify(src/motion_planner) by extension 'colcon_meta'
[0.131s] Level 1:colcon.colcon_core.package_identification:_identify(src/motion_planner) by extensions ['ros']
[0.131s] Level 1:colcon.colcon_core.package_identification:_identify(src/motion_planner) by extension 'ros'
[0.132s] DEBUG:colcon.colcon_core.package_identification:Package 'src/motion_planner' with type 'ros.ament_python' and name 'motion_planner'
[0.132s] Level 1:colcon.colcon_core.package_identification:_identify(src/mppi) by extensions ['ignore', 'ignore_ament_install']
[0.132s] Level 1:colcon.colcon_core.package_identification:_identify(src/mppi) by extension 'ignore'
[0.132s] Level 1:colcon.colcon_core.package_identification:_identify(src/mppi) by extension 'ignore_ament_install'
[0.132s] Level 1:colcon.colcon_core.package_identification:_identify(src/mppi) by extensions ['colcon_pkg']
[0.132s] Level 1:colcon.colcon_core.package_identification:_identify(src/mppi) by extension 'colcon_pkg'
[0.132s] Level 1:colcon.colcon_core.package_identification:_identify(src/mppi) by extensions ['colcon_meta']
[0.132s] Level 1:colcon.colcon_core.package_identification:_identify(src/mppi) by extension 'colcon_meta'
[0.132s] Level 1:colcon.colcon_core.package_identification:_identify(src/mppi) by extensions ['ros']
[0.132s] Level 1:colcon.colcon_core.package_identification:_identify(src/mppi) by extension 'ros'
[0.132s] DEBUG:colcon.colcon_core.package_identification:Package 'src/mppi' with type 'ros.ament_cmake' and name 'mppi'
[0.132s] Level 1:colcon.colcon_core.package_identification:_identify(src/umv_msgs) by extensions ['ignore', 'ignore_ament_install']
[0.132s] Level 1:colcon.colcon_core.package_identification:_identify(src/umv_msgs) by extension 'ignore'
[0.132s] Level 1:colcon.colcon_core.package_identification:_identify(src/umv_msgs) by extension 'ignore_ament_install'
[0.132s] Level 1:colcon.colcon_core.package_identification:_identify(src/umv_msgs) by extensions ['colcon_pkg']
[0.132s] Level 1:colcon.colcon_core.package_identification:_identify(src/umv_msgs) by extension 'colcon_pkg'
[0.132s] Level 1:colcon.colcon_core.package_identification:_identify(src/umv_msgs) by extensions ['colcon_meta']
[0.132s] Level 1:colcon.colcon_core.package_identification:_identify(src/umv_msgs) by extension 'colcon_meta'
[0.132s] Level 1:colcon.colcon_core.package_identification:_identify(src/umv_msgs) by extensions ['ros']
[0.132s] Level 1:colcon.colcon_core.package_identification:_identify(src/umv_msgs) by extension 'ros'
[0.133s] DEBUG:colcon.colcon_core.package_identification:Package 'src/umv_msgs' with type 'ros.ament_cmake' and name 'umv_msgs'
[0.133s] Level 1:colcon.colcon_core.package_discovery:discover_packages(recursive) using defaults
[0.133s] Level 1:colcon.colcon_core.package_discovery:discover_packages(ignore) discover
[0.133s] Level 1:colcon.colcon_core.package_discovery:discover_packages(ignore) using defaults
[0.133s] Level 1:colcon.colcon_core.package_discovery:discover_packages(path) discover
[0.133s] Level 1:colcon.colcon_core.package_discovery:discover_packages(path) using defaults
[0.147s] Level 1:colcon.colcon_core.package_discovery:discover_packages(prefix_path) check parameters
[0.147s] Level 1:colcon.colcon_core.package_discovery:discover_packages(prefix_path) discover
[0.148s] WARNING:colcon.colcon_ros.prefix_path.ament:The path '/home/jeongtae/umv_control/install/lower_controller' in the environment variable AMENT_PREFIX_PATH doesn't exist
[0.148s] WARNING:colcon.colcon_ros.prefix_path.ament:The path '/home/jeongtae/umv_control/install/mppi' in the environment variable AMENT_PREFIX_PATH doesn't exist
[0.148s] WARNING:colcon.colcon_ros.prefix_path.ament:The path '/home/jeongtae/umv_control/install/host_vehicle_filter' in the environment variable AMENT_PREFIX_PATH doesn't exist
[0.148s] WARNING:colcon.colcon_ros.prefix_path.ament:The path '/home/jeongtae/umv_control/install/umv_msgs' in the environment variable AMENT_PREFIX_PATH doesn't exist
[0.148s] WARNING:colcon.colcon_ros.prefix_path.ament:The path '/home/jeongtae/umv_control/install/motion_planner' in the environment variable AMENT_PREFIX_PATH doesn't exist
[0.148s] WARNING:colcon.colcon_ros.prefix_path.ament:The path '/home/jeongtae/umv_control/install/airsim_controller' in the environment variable AMENT_PREFIX_PATH doesn't exist
[0.148s] WARNING:colcon.colcon_ros.prefix_path.catkin:The path '/home/jeongtae/umv_control/install/mppi' in the environment variable CMAKE_PREFIX_PATH doesn't exist
[0.148s] WARNING:colcon.colcon_ros.prefix_path.catkin:The path '/home/jeongtae/umv_control/install/umv_msgs' in the environment variable CMAKE_PREFIX_PATH doesn't exist
[0.148s] WARNING:colcon.colcon_ros.prefix_path.catkin:The path '/home/jeongtae/umv_control/install/airsim_controller' in the environment variable CMAKE_PREFIX_PATH doesn't exist
[0.148s] DEBUG:colcon.colcon_installed_package_information.package_discovery:Found 0 installed packages in /home/jeongtae/umv_control/install
[0.148s] DEBUG:colcon.colcon_installed_package_information.package_discovery:Found 3 installed packages in /home/jeongtae/AirSim/ros2/install
[0.149s] DEBUG:colcon.colcon_installed_package_information.package_discovery:Found 0 installed packages in /home/jeongtae/Workspace/install
[0.149s] DEBUG:colcon.colcon_installed_package_information.package_discovery:Found 277 installed packages in /opt/ros/humble
[0.150s] Level 1:colcon.colcon_core.package_discovery:discover_packages(prefix_path) using defaults
[0.166s] Level 5:colcon.colcon_core.verb:set package 'motion_planner' build argument 'cmake_args' from command line to 'None'
[0.167s] Level 5:colcon.colcon_core.verb:set package 'motion_planner' build argument 'cmake_target' from command line to 'None'
[0.167s] Level 5:colcon.colcon_core.verb:set package 'motion_planner' build argument 'cmake_target_skip_unavailable' from command line to 'False'
[0.167s] Level 5:colcon.colcon_core.verb:set package 'motion_planner' build argument 'cmake_clean_cache' from command line to 'False'
[0.167s] Level 5:colcon.colcon_core.verb:set package 'motion_planner' build argument 'cmake_clean_first' from command line to 'False'
[0.167s] Level 5:colcon.colcon_core.verb:set package 'motion_planner' build argument 'cmake_force_configure' from command line to 'False'
[0.167s] Level 5:colcon.colcon_core.verb:set package 'motion_planner' build argument 'ament_cmake_args' from command line to 'None'
[0.167s] Level 5:colcon.colcon_core.verb:set package 'motion_planner' build argument 'catkin_cmake_args' from command line to 'None'
[0.167s] Level 5:colcon.colcon_core.verb:set package 'motion_planner' build argument 'catkin_skip_building_tests' from command line to 'False'
[0.167s] DEBUG:colcon.colcon_core.verb:Building package 'motion_planner' with the following arguments: {'ament_cmake_args': None, 'build_base': '/home/jeongtae/umv_control/build/motion_planner', 'catkin_cmake_args': None, 'catkin_skip_building_tests': False, 'cmake_args': None, 'cmake_clean_cache': False, 'cmake_clean_first': False, 'cmake_force_configure': False, 'cmake_target': None, 'cmake_target_skip_unavailable': False, 'install_base': '/home/jeongtae/umv_control/install/motion_planner', 'merge_install': False, 'path': '/home/jeongtae/umv_control/src/motion_planner', 'symlink_install': False, 'test_result_base': None}
[0.167s] Level 5:colcon.colcon_core.verb:set package 'umv_msgs' build argument 'cmake_args' from command line to 'None'
[0.167s] Level 5:colcon.colcon_core.verb:set package 'umv_msgs' build argument 'cmake_target' from command line to 'None'
[0.167s] Level 5:colcon.colcon_core.verb:set package 'umv_msgs' build argument 'cmake_target_skip_unavailable' from command line to 'False'
[0.167s] Level 5:colcon.colcon_core.verb:set package 'umv_msgs' build argument 'cmake_clean_cache' from command line to 'False'
[0.167s] Level 5:colcon.colcon_core.verb:set package 'umv_msgs' build argument 'cmake_clean_first' from command line to 'False'
[0.167s] Level 5:colcon.colcon_core.verb:set package 'umv_msgs' build argument 'cmake_force_configure' from command line to 'False'
[0.167s] Level 5:colcon.colcon_core.verb:set package 'umv_msgs' build argument 'ament_cmake_args' from command line to 'None'
[0.167s] Level 5:colcon.colcon_core.verb:set package 'umv_msgs' build argument 'catkin_cmake_args' from command line to 'None'
[0.167s] Level 5:colcon.colcon_core.verb:set package 'umv_msgs' build argument 'catkin_skip_building_tests' from command line to 'False'
[0.167s] DEBUG:colcon.colcon_core.verb:Building package 'umv_msgs' with the following arguments: {'ament_cmake_args': None, 'build_base': '/home/jeongtae/umv_control/build/umv_msgs', 'catkin_cmake_args': None, 'catkin_skip_building_tests': False, 'cmake_args': None, 'cmake_clean_cache': False, 'cmake_clean_first': False, 'cmake_force_configure': False, 'cmake_target': None, 'cmake_target_skip_unavailable': False, 'install_base': '/home/jeongtae/umv_control/install/umv_msgs', 'merge_install': False, 'path': '/home/jeongtae/umv_control/src/umv_msgs', 'symlink_install': False, 'test_result_base': None}
[0.167s] Level 5:colcon.colcon_core.verb:set package 'host_vehicle_filter' build argument 'cmake_args' from command line to 'None'
[0.167s] Level 5:colcon.colcon_core.verb:set package 'host_vehicle_filter' build argument 'cmake_target' from command line to 'None'
[0.167s] Level 5:colcon.colcon_core.verb:set package 'host_vehicle_filter' build argument 'cmake_target_skip_unavailable' from command line to 'False'
[0.167s] Level 5:colcon.colcon_core.verb:set package 'host_vehicle_filter' build argument 'cmake_clean_cache' from command line to 'False'
[0.167s] Level 5:colcon.colcon_core.verb:set package 'host_vehicle_filter' build argument 'cmake_clean_first' from command line to 'False'
[0.167s] Level 5:colcon.colcon_core.verb:set package 'host_vehicle_filter' build argument 'cmake_force_configure' from command line to 'False'
[0.167s] Level 5:colcon.colcon_core.verb:set package 'host_vehicle_filter' build argument 'ament_cmake_args' from command line to 'None'
[0.167s] Level 5:colcon.colcon_core.verb:set package 'host_vehicle_filter' build argument 'catkin_cmake_args' from command line to 'None'
[0.167s] Level 5:colcon.colcon_core.verb:set package 'host_vehicle_filter' build argument 'catkin_skip_building_tests' from command line to 'False'
[0.167s] DEBUG:colcon.colcon_core.verb:Building package 'host_vehicle_filter' with the following arguments: {'ament_cmake_args': None, 'build_base': '/home/jeongtae/umv_control/build/host_vehicle_filter', 'catkin_cmake_args': None, 'catkin_skip_building_tests': False, 'cmake_args': None, 'cmake_clean_cache': False, 'cmake_clean_first': False, 'cmake_force_configure': False, 'cmake_target': None, 'cmake_target_skip_unavailable': False, 'install_base': '/home/jeongtae/umv_control/install/host_vehicle_filter', 'merge_install': False, 'path': '/home/jeongtae/umv_control/src/host_vehicle_filter', 'symlink_install': False, 'test_result_base': None}
[0.167s] Level 5:colcon.colcon_core.verb:set package 'lower_controller' build argument 'cmake_args' from command line to 'None'
[0.167s] Level 5:colcon.colcon_core.verb:set package 'lower_controller' build argument 'cmake_target' from command line to 'None'
[0.167s] Level 5:colcon.colcon_core.verb:set package 'lower_controller' build argument 'cmake_target_skip_unavailable' from command line to 'False'
[0.167s] Level 5:colcon.colcon_core.verb:set package 'lower_controller' build argument 'cmake_clean_cache' from command line to 'False'
[0.167s] Level 5:colcon.colcon_core.verb:set package 'lower_controller' build argument 'cmake_clean_first' from command line to 'False'
[0.167s] Level 5:colcon.colcon_core.verb:set package 'lower_controller' build argument 'cmake_force_configure' from command line to 'False'
[0.167s] Level 5:colcon.colcon_core.verb:set package 'lower_controller' build argument 'ament_cmake_args' from command line to 'None'
[0.167s] Level 5:colcon.colcon_core.verb:set package 'lower_controller' build argument 'catkin_cmake_args' from command line to 'None'
[0.167s] Level 5:colcon.colcon_core.verb:set package 'lower_controller' build argument 'catkin_skip_building_tests' from command line to 'False'
[0.167s] DEBUG:colcon.colcon_core.verb:Building package 'lower_controller' with the following arguments: {'ament_cmake_args': None, 'build_base': '/home/jeongtae/umv_control/build/lower_controller', 'catkin_cmake_args': None, 'catkin_skip_building_tests': False, 'cmake_args': None, 'cmake_clean_cache': False, 'cmake_clean_first': False, 'cmake_force_configure': False, 'cmake_target': None, 'cmake_target_skip_unavailable': False, 'install_base': '/home/jeongtae/umv_control/install/lower_controller', 'merge_install': False, 'path': '/home/jeongtae/umv_control/src/lower_controller', 'symlink_install': False, 'test_result_base': None}
[0.168s] Level 5:colcon.colcon_core.verb:set package 'mppi' build argument 'cmake_args' from command line to 'None'
[0.168s] Level 5:colcon.colcon_core.verb:set package 'mppi' build argument 'cmake_target' from command line to 'None'
[0.168s] Level 5:colcon.colcon_core.verb:set package 'mppi' build argument 'cmake_target_skip_unavailable' from command line to 'False'
[0.168s] Level 5:colcon.colcon_core.verb:set package 'mppi' build argument 'cmake_clean_cache' from command line to 'False'
[0.168s] Level 5:colcon.colcon_core.verb:set package 'mppi' build argument 'cmake_clean_first' from command line to 'False'
[0.168s] Level 5:colcon.colcon_core.verb:set package 'mppi' build argument 'cmake_force_configure' from command line to 'False'
[0.168s] Level 5:colcon.colcon_core.verb:set package 'mppi' build argument 'ament_cmake_args' from command line to 'None'
[0.168s] Level 5:colcon.colcon_core.verb:set package 'mppi' build argument 'catkin_cmake_args' from command line to 'None'
[0.168s] Level 5:colcon.colcon_core.verb:set package 'mppi' build argument 'catkin_skip_building_tests' from command line to 'False'
[0.168s] DEBUG:colcon.colcon_core.verb:Building package 'mppi' with the following arguments: {'ament_cmake_args': None, 'build_base': '/home/jeongtae/umv_control/build/mppi', 'catkin_cmake_args': None, 'catkin_skip_building_tests': False, 'cmake_args': None, 'cmake_clean_cache': False, 'cmake_clean_first': False, 'cmake_force_configure': False, 'cmake_target': None, 'cmake_target_skip_unavailable': False, 'install_base': '/home/jeongtae/umv_control/install/mppi', 'merge_install': False, 'path': '/home/jeongtae/umv_control/src/mppi', 'symlink_install': False, 'test_result_base': None}
[0.168s] INFO:colcon.colcon_core.executor:Executing jobs using 'parallel' executor
[0.168s] DEBUG:colcon.colcon_parallel_executor.executor.parallel:run_until_complete
[0.168s] INFO:colcon.colcon_ros.task.ament_cmake.build:Building ROS package in '/home/jeongtae/umv_control/src/umv_msgs' with build type 'ament_cmake'
[0.168s] INFO:colcon.colcon_cmake.task.cmake.build:Building CMake package in '/home/jeongtae/umv_control/src/umv_msgs'
[0.169s] INFO:colcon.colcon_core.plugin_system:Skipping extension 'colcon_core.shell.bat': Not used on non-Windows systems
[0.169s] INFO:colcon.colcon_core.shell:Skip shell extension 'powershell' for command environment: Not usable outside of PowerShell
[0.169s] DEBUG:colcon.colcon_core.shell:Skip shell extension 'dsv' for command environment
[0.171s] INFO:colcon.colcon_ros.task.ament_python.build:Building ROS package in '/home/jeongtae/umv_control/src/motion_planner' with build type 'ament_python'
[0.171s] Level 1:colcon.colcon_core.shell:create_environment_hook('motion_planner', 'ament_prefix_path')
[0.171s] INFO:colcon.colcon_core.shell:Creating environment hook '/home/jeongtae/umv_control/install/motion_planner/share/motion_planner/hook/ament_prefix_path.ps1'
[0.172s] INFO:colcon.colcon_core.shell:Creating environment descriptor '/home/jeongtae/umv_control/install/motion_planner/share/motion_planner/hook/ament_prefix_path.dsv'
[0.172s] INFO:colcon.colcon_core.shell:Creating environment hook '/home/jeongtae/umv_control/install/motion_planner/share/motion_planner/hook/ament_prefix_path.sh'
[0.172s] INFO:colcon.colcon_core.shell:Skip shell extension 'powershell' for command environment: Not usable outside of PowerShell
[0.172s] DEBUG:colcon.colcon_core.shell:Skip shell extension 'dsv' for command environment
[0.175s] DEBUG:colcon.colcon_core.event_handler.log_command:Invoking command in '/home/jeongtae/umv_control/build/umv_msgs': CMAKE_PREFIX_PATH=${CMAKE_PREFIX_PATH}:/home/jeongtae/umv_control/install/lower_controller:/home/jeongtae/umv_control/install/host_vehicle_filter:/home/jeongtae/umv_control/install/motion_planner:/opt/ros/humble /usr/bin/cmake /home/jeongtae/umv_control/src/umv_msgs -DCMAKE_INSTALL_PREFIX=/home/jeongtae/umv_control/install/umv_msgs
[0.297s] INFO:colcon.colcon_core.task.python.build:Building Python package in '/home/jeongtae/umv_control/src/motion_planner'
[0.297s] INFO:colcon.colcon_core.shell:Skip shell extension 'powershell' for command environment: Not usable outside of PowerShell
[0.297s] DEBUG:colcon.colcon_core.shell:Skip shell extension 'dsv' for command environment
[0.473s] DEBUG:colcon.colcon_core.event_handler.log_command:Invoking command in '/home/jeongtae/umv_control/src/motion_planner': PYTHONPATH=/home/jeongtae/umv_control/build/motion_planner/prefix_override:/home/jeongtae/umv_control/install/motion_planner/lib/python3.10/site-packages:${PYTHONPATH} /usr/bin/python3 -W ignore:setup.py install is deprecated setup.py egg_info --egg-base ../../build/motion_planner build --build-base /home/jeongtae/umv_control/build/motion_planner/build install --record /home/jeongtae/umv_control/build/motion_planner/install.log --single-version-externally-managed install_data
[0.616s] DEBUG:colcon.colcon_core.event_handler.log_command:Invoked command in '/home/jeongtae/umv_control/src/motion_planner' returned '0': PYTHONPATH=/home/jeongtae/umv_control/build/motion_planner/prefix_override:/home/jeongtae/umv_control/install/motion_planner/lib/python3.10/site-packages:${PYTHONPATH} /usr/bin/python3 -W ignore:setup.py install is deprecated setup.py egg_info --egg-base ../../build/motion_planner build --build-base /home/jeongtae/umv_control/build/motion_planner/build install --record /home/jeongtae/umv_control/build/motion_planner/install.log --single-version-externally-managed install_data
[0.617s] Level 1:colcon.colcon_core.environment:checking '/home/jeongtae/umv_control/install/motion_planner' for CMake module files
[0.618s] Level 1:colcon.colcon_core.environment:checking '/home/jeongtae/umv_control/install/motion_planner' for CMake config files
[0.618s] Level 1:colcon.colcon_core.environment:checking '/home/jeongtae/umv_control/install/motion_planner/lib'
[0.618s] Level 1:colcon.colcon_core.environment:checking '/home/jeongtae/umv_control/install/motion_planner/bin'
[0.618s] Level 1:colcon.colcon_core.environment:checking '/home/jeongtae/umv_control/install/motion_planner/lib/pkgconfig/motion_planner.pc'
[0.618s] Level 1:colcon.colcon_core.environment:checking '/home/jeongtae/umv_control/install/motion_planner/lib/python3.10/site-packages'
[0.618s] Level 1:colcon.colcon_core.shell:create_environment_hook('motion_planner', 'pythonpath')
[0.618s] INFO:colcon.colcon_core.shell:Creating environment hook '/home/jeongtae/umv_control/install/motion_planner/share/motion_planner/hook/pythonpath.ps1'
[0.619s] INFO:colcon.colcon_core.shell:Creating environment descriptor '/home/jeongtae/umv_control/install/motion_planner/share/motion_planner/hook/pythonpath.dsv'
[0.619s] INFO:colcon.colcon_core.shell:Creating environment hook '/home/jeongtae/umv_control/install/motion_planner/share/motion_planner/hook/pythonpath.sh'
[0.619s] Level 1:colcon.colcon_core.environment:checking '/home/jeongtae/umv_control/install/motion_planner/bin'
[0.619s] Level 1:colcon.colcon_core.environment:create_environment_scripts_only(motion_planner)
[0.619s] INFO:colcon.colcon_core.shell:Creating package script '/home/jeongtae/umv_control/install/motion_planner/share/motion_planner/package.ps1'
[0.620s] INFO:colcon.colcon_core.shell:Creating package descriptor '/home/jeongtae/umv_control/install/motion_planner/share/motion_planner/package.dsv'
[0.620s] INFO:colcon.colcon_core.shell:Creating package script '/home/jeongtae/umv_control/install/motion_planner/share/motion_planner/package.sh'
[0.620s] INFO:colcon.colcon_core.shell:Creating package script '/home/jeongtae/umv_control/install/motion_planner/share/motion_planner/package.bash'
[0.620s] INFO:colcon.colcon_core.shell:Creating package script '/home/jeongtae/umv_control/install/motion_planner/share/motion_planner/package.zsh'
[0.621s] Level 1:colcon.colcon_core.environment:create_file_with_runtime_dependencies(/home/jeongtae/umv_control/install/motion_planner/share/colcon-core/packages/motion_planner)
[1.198s] DEBUG:colcon.colcon_core.event_handler.log_command:Invoked command in '/home/jeongtae/umv_control/build/umv_msgs' returned '0': CMAKE_PREFIX_PATH=${CMAKE_PREFIX_PATH}:/home/jeongtae/umv_control/install/lower_controller:/home/jeongtae/umv_control/install/host_vehicle_filter:/home/jeongtae/umv_control/install/motion_planner:/opt/ros/humble /usr/bin/cmake /home/jeongtae/umv_control/src/umv_msgs -DCMAKE_INSTALL_PREFIX=/home/jeongtae/umv_control/install/umv_msgs
[1.199s] DEBUG:colcon.colcon_core.event_handler.log_command:Invoking command in '/home/jeongtae/umv_control/build/umv_msgs': CMAKE_PREFIX_PATH=${CMAKE_PREFIX_PATH}:/home/jeongtae/umv_control/install/lower_controller:/home/jeongtae/umv_control/install/host_vehicle_filter:/home/jeongtae/umv_control/install/motion_planner:/opt/ros/humble /usr/bin/cmake --build /home/jeongtae/umv_control/build/umv_msgs -- -j24 -l24
[2.458s] DEBUG:colcon.colcon_core.event_handler.log_command:Invoked command in '/home/jeongtae/umv_control/build/umv_msgs' returned '0': CMAKE_PREFIX_PATH=${CMAKE_PREFIX_PATH}:/home/jeongtae/umv_control/install/lower_controller:/home/jeongtae/umv_control/install/host_vehicle_filter:/home/jeongtae/umv_control/install/motion_planner:/opt/ros/humble /usr/bin/cmake --build /home/jeongtae/umv_control/build/umv_msgs -- -j24 -l24
[2.543s] DEBUG:colcon.colcon_core.event_handler.log_command:Invoking command in '/home/jeongtae/umv_control/build/umv_msgs': CMAKE_PREFIX_PATH=${CMAKE_PREFIX_PATH}:/home/jeongtae/umv_control/install/lower_controller:/home/jeongtae/umv_control/install/host_vehicle_filter:/home/jeongtae/umv_control/install/motion_planner:/opt/ros/humble /usr/bin/cmake --install /home/jeongtae/umv_control/build/umv_msgs
[2.579s] Level 1:colcon.colcon_core.environment:create_environment_scripts_only(umv_msgs)
[2.580s] Level 1:colcon.colcon_core.environment:checking '/home/jeongtae/umv_control/install/umv_msgs' for CMake module files
[2.580s] DEBUG:colcon.colcon_core.event_handler.log_command:Invoked command in '/home/jeongtae/umv_control/build/umv_msgs' returned '0': CMAKE_PREFIX_PATH=${CMAKE_PREFIX_PATH}:/home/jeongtae/umv_control/install/lower_controller:/home/jeongtae/umv_control/install/host_vehicle_filter:/home/jeongtae/umv_control/install/motion_planner:/opt/ros/humble /usr/bin/cmake --install /home/jeongtae/umv_control/build/umv_msgs
[2.580s] Level 1:colcon.colcon_core.environment:checking '/home/jeongtae/umv_control/install/umv_msgs' for CMake config files
[2.580s] Level 1:colcon.colcon_core.shell:create_environment_hook('umv_msgs', 'cmake_prefix_path')
[2.580s] INFO:colcon.colcon_core.shell:Creating environment hook '/home/jeongtae/umv_control/install/umv_msgs/share/umv_msgs/hook/cmake_prefix_path.ps1'
[2.580s] INFO:colcon.colcon_core.shell:Creating environment descriptor '/home/jeongtae/umv_control/install/umv_msgs/share/umv_msgs/hook/cmake_prefix_path.dsv'
[2.581s] INFO:colcon.colcon_core.shell:Creating environment hook '/home/jeongtae/umv_control/install/umv_msgs/share/umv_msgs/hook/cmake_prefix_path.sh'
[2.581s] Level 1:colcon.colcon_core.environment:checking '/home/jeongtae/umv_control/install/umv_msgs/lib'
[2.581s] Level 1:colcon.colcon_core.shell:create_environment_hook('umv_msgs', 'ld_library_path_lib')
[2.581s] INFO:colcon.colcon_core.shell:Creating environment hook '/home/jeongtae/umv_control/install/umv_msgs/share/umv_msgs/hook/ld_library_path_lib.ps1'
[2.581s] INFO:colcon.colcon_core.shell:Creating environment descriptor '/home/jeongtae/umv_control/install/umv_msgs/share/umv_msgs/hook/ld_library_path_lib.dsv'
[2.581s] INFO:colcon.colcon_core.shell:Creating environment hook '/home/jeongtae/umv_control/install/umv_msgs/share/umv_msgs/hook/ld_library_path_lib.sh'
[2.581s] Level 1:colcon.colcon_core.environment:checking '/home/jeongtae/umv_control/install/umv_msgs/bin'
[2.581s] Level 1:colcon.colcon_core.environment:checking '/home/jeongtae/umv_control/install/umv_msgs/lib/pkgconfig/umv_msgs.pc'
[2.581s] Level 1:colcon.colcon_core.environment:checking '/home/jeongtae/umv_control/install/umv_msgs/lib/python3.10/site-packages'
[2.581s] Level 1:colcon.colcon_core.environment:checking '/home/jeongtae/umv_control/install/umv_msgs/bin'
[2.582s] INFO:colcon.colcon_core.shell:Creating package script '/home/jeongtae/umv_control/install/umv_msgs/share/umv_msgs/package.ps1'
[2.582s] INFO:colcon.colcon_core.shell:Creating package descriptor '/home/jeongtae/umv_control/install/umv_msgs/share/umv_msgs/package.dsv'
[2.582s] INFO:colcon.colcon_core.shell:Creating package script '/home/jeongtae/umv_control/install/umv_msgs/share/umv_msgs/package.sh'
[2.582s] INFO:colcon.colcon_core.shell:Creating package script '/home/jeongtae/umv_control/install/umv_msgs/share/umv_msgs/package.bash'
[2.582s] INFO:colcon.colcon_core.shell:Creating package script '/home/jeongtae/umv_control/install/umv_msgs/share/umv_msgs/package.zsh'
[2.582s] Level 1:colcon.colcon_core.environment:create_file_with_runtime_dependencies(/home/jeongtae/umv_control/install/umv_msgs/share/colcon-core/packages/umv_msgs)
[2.667s] Level 1:colcon.colcon_core.environment:create_environment_scripts_only(umv_msgs)
[2.667s] Level 1:colcon.colcon_core.environment:checking '/home/jeongtae/umv_control/install/umv_msgs' for CMake module files
[2.668s] Level 1:colcon.colcon_core.environment:checking '/home/jeongtae/umv_control/install/umv_msgs' for CMake config files
[2.668s] Level 1:colcon.colcon_core.shell:create_environment_hook('umv_msgs', 'cmake_prefix_path')
[2.668s] INFO:colcon.colcon_core.shell:Creating environment hook '/home/jeongtae/umv_control/install/umv_msgs/share/umv_msgs/hook/cmake_prefix_path.ps1'
[2.669s] INFO:colcon.colcon_core.shell:Creating environment descriptor '/home/jeongtae/umv_control/install/umv_msgs/share/umv_msgs/hook/cmake_prefix_path.dsv'
[2.669s] INFO:colcon.colcon_core.shell:Creating environment hook '/home/jeongtae/umv_control/install/umv_msgs/share/umv_msgs/hook/cmake_prefix_path.sh'
[2.670s] Level 1:colcon.colcon_core.environment:checking '/home/jeongtae/umv_control/install/umv_msgs/lib'
[2.670s] Level 1:colcon.colcon_core.shell:create_environment_hook('umv_msgs', 'ld_library_path_lib')
[2.670s] INFO:colcon.colcon_core.shell:Creating environment hook '/home/jeongtae/umv_control/install/umv_msgs/share/umv_msgs/hook/ld_library_path_lib.ps1'
[2.671s] INFO:colcon.colcon_core.shell:Creating environment descriptor '/home/jeongtae/umv_control/install/umv_msgs/share/umv_msgs/hook/ld_library_path_lib.dsv'
[2.671s] INFO:colcon.colcon_core.shell:Creating environment hook '/home/jeongtae/umv_control/install/umv_msgs/share/umv_msgs/hook/ld_library_path_lib.sh'
[2.672s] Level 1:colcon.colcon_core.environment:checking '/home/jeongtae/umv_control/install/umv_msgs/bin'
[2.672s] Level 1:colcon.colcon_core.environment:checking '/home/jeongtae/umv_control/install/umv_msgs/lib/pkgconfig/umv_msgs.pc'
[2.672s] Level 1:colcon.colcon_core.environment:checking '/home/jeongtae/umv_control/install/umv_msgs/lib/python3.10/site-packages'
[2.672s] Level 1:colcon.colcon_core.environment:checking '/home/jeongtae/umv_control/install/umv_msgs/bin'
[2.673s] INFO:colcon.colcon_core.shell:Creating package script '/home/jeongtae/umv_control/install/umv_msgs/share/umv_msgs/package.ps1'
[2.673s] INFO:colcon.colcon_core.shell:Creating package descriptor '/home/jeongtae/umv_control/install/umv_msgs/share/umv_msgs/package.dsv'
[2.674s] INFO:colcon.colcon_core.shell:Creating package script '/home/jeongtae/umv_control/install/umv_msgs/share/umv_msgs/package.sh'
[2.674s] INFO:colcon.colcon_core.shell:Creating package script '/home/jeongtae/umv_control/install/umv_msgs/share/umv_msgs/package.bash'
[2.675s] INFO:colcon.colcon_core.shell:Creating package script '/home/jeongtae/umv_control/install/umv_msgs/share/umv_msgs/package.zsh'
[2.675s] Level 1:colcon.colcon_core.environment:create_file_with_runtime_dependencies(/home/jeongtae/umv_control/install/umv_msgs/share/colcon-core/packages/umv_msgs)
[2.676s] INFO:colcon.colcon_ros.task.ament_python.build:Building ROS package in '/home/jeongtae/umv_control/src/host_vehicle_filter' with build type 'ament_python'
[2.676s] Level 1:colcon.colcon_core.shell:create_environment_hook('host_vehicle_filter', 'ament_prefix_path')
[2.676s] INFO:colcon.colcon_core.shell:Creating environment hook '/home/jeongtae/umv_control/install/host_vehicle_filter/share/host_vehicle_filter/hook/ament_prefix_path.ps1'
[2.677s] INFO:colcon.colcon_core.shell:Creating environment descriptor '/home/jeongtae/umv_control/install/host_vehicle_filter/share/host_vehicle_filter/hook/ament_prefix_path.dsv'
[2.677s] INFO:colcon.colcon_core.shell:Creating environment hook '/home/jeongtae/umv_control/install/host_vehicle_filter/share/host_vehicle_filter/hook/ament_prefix_path.sh'
[2.677s] INFO:colcon.colcon_core.shell:Skip shell extension 'powershell' for command environment: Not usable outside of PowerShell
[2.677s] DEBUG:colcon.colcon_core.shell:Skip shell extension 'dsv' for command environment
[2.680s] INFO:colcon.colcon_ros.task.ament_python.build:Building ROS package in '/home/jeongtae/umv_control/src/lower_controller' with build type 'ament_python'
[2.681s] Level 1:colcon.colcon_core.shell:create_environment_hook('lower_controller', 'ament_prefix_path')
[2.681s] INFO:colcon.colcon_core.shell:Creating environment hook '/home/jeongtae/umv_control/install/lower_controller/share/lower_controller/hook/ament_prefix_path.ps1'
[2.681s] INFO:colcon.colcon_core.shell:Creating environment descriptor '/home/jeongtae/umv_control/install/lower_controller/share/lower_controller/hook/ament_prefix_path.dsv'
[2.682s] INFO:colcon.colcon_core.shell:Creating environment hook '/home/jeongtae/umv_control/install/lower_controller/share/lower_controller/hook/ament_prefix_path.sh'
[2.682s] INFO:colcon.colcon_core.shell:Skip shell extension 'powershell' for command environment: Not usable outside of PowerShell
[2.682s] DEBUG:colcon.colcon_core.shell:Skip shell extension 'dsv' for command environment
[2.686s] INFO:colcon.colcon_ros.task.ament_cmake.build:Building ROS package in '/home/jeongtae/umv_control/src/mppi' with build type 'ament_cmake'
[2.686s] INFO:colcon.colcon_cmake.task.cmake.build:Building CMake package in '/home/jeongtae/umv_control/src/mppi'
[2.686s] INFO:colcon.colcon_core.shell:Skip shell extension 'powershell' for command environment: Not usable outside of PowerShell
[2.686s] DEBUG:colcon.colcon_core.shell:Skip shell extension 'dsv' for command environment
[2.822s] INFO:colcon.colcon_core.task.python.build:Building Python package in '/home/jeongtae/umv_control/src/host_vehicle_filter'
[2.822s] INFO:colcon.colcon_core.shell:Skip shell extension 'powershell' for command environment: Not usable outside of PowerShell
[2.822s] DEBUG:colcon.colcon_core.shell:Skip shell extension 'dsv' for command environment
[2.946s] INFO:colcon.colcon_core.task.python.build:Building Python package in '/home/jeongtae/umv_control/src/lower_controller'
[2.946s] INFO:colcon.colcon_core.shell:Skip shell extension 'powershell' for command environment: Not usable outside of PowerShell
[2.946s] DEBUG:colcon.colcon_core.shell:Skip shell extension 'dsv' for command environment
[2.950s] DEBUG:colcon.colcon_core.event_handler.log_command:Invoking command in '/home/jeongtae/umv_control/build/mppi': CMAKE_PREFIX_PATH=/home/jeongtae/umv_control/install/umv_msgs:/home/jeongtae/AirSim/ros2/install/airsim_ros_pkgs:/home/jeongtae/AirSim/ros2/install/airsim_interfaces:/home/jeongtae/umv_control/install/mppi:/home/jeongtae/umv_control/install/airsim_controller:/home/jeongtae/umv_control/install/lower_controller:/home/jeongtae/umv_control/install/host_vehicle_filter:/home/jeongtae/umv_control/install/motion_planner:/opt/ros/humble LD_LIBRARY_PATH=/home/jeongtae/umv_control/install/umv_msgs/lib:/home/jeongtae/AirSim/ros2/install/airsim_ros_pkgs/lib:/home/jeongtae/AirSim/ros2/install/airsim_interfaces/lib:/opt/ros/humble/opt/rviz_ogre_vendor/lib:/opt/ros/humble/lib/x86_64-linux-gnu:/opt/ros/humble/lib /usr/bin/cmake /home/jeongtae/umv_control/src/mppi -DCMAKE_INSTALL_PREFIX=/home/jeongtae/umv_control/install/mppi
[3.119s] DEBUG:colcon.colcon_core.event_handler.log_command:Invoking command in '/home/jeongtae/umv_control/src/host_vehicle_filter': CMAKE_PREFIX_PATH=/home/jeongtae/umv_control/install/umv_msgs:/home/jeongtae/AirSim/ros2/install/airsim_ros_pkgs:/home/jeongtae/AirSim/ros2/install/airsim_interfaces:/home/jeongtae/umv_control/install/mppi:/home/jeongtae/umv_control/install/airsim_controller LD_LIBRARY_PATH=/home/jeongtae/umv_control/install/umv_msgs/lib:/home/jeongtae/AirSim/ros2/install/airsim_ros_pkgs/lib:/home/jeongtae/AirSim/ros2/install/airsim_interfaces/lib:/opt/ros/humble/opt/rviz_ogre_vendor/lib:/opt/ros/humble/lib/x86_64-linux-gnu:/opt/ros/humble/lib PYTHONPATH=/home/jeongtae/umv_control/build/host_vehicle_filter/prefix_override:/home/jeongtae/umv_control/install/host_vehicle_filter/lib/python3.10/site-packages:${PYTHONPATH} /usr/bin/python3 -W ignore:setup.py install is deprecated setup.py egg_info --egg-base ../../build/host_vehicle_filter build --build-base /home/jeongtae/umv_control/build/host_vehicle_filter/build install --record /home/jeongtae/umv_control/build/host_vehicle_filter/install.log --single-version-externally-managed install_data
[3.134s] DEBUG:colcon.colcon_core.event_handler.log_command:Invoking command in '/home/jeongtae/umv_control/src/lower_controller': CMAKE_PREFIX_PATH=/home/jeongtae/umv_control/install/umv_msgs:/home/jeongtae/AirSim/ros2/install/airsim_ros_pkgs:/home/jeongtae/AirSim/ros2/install/airsim_interfaces:/home/jeongtae/umv_control/install/mppi:/home/jeongtae/umv_control/install/airsim_controller LD_LIBRARY_PATH=/home/jeongtae/umv_control/install/umv_msgs/lib:/home/jeongtae/AirSim/ros2/install/airsim_ros_pkgs/lib:/home/jeongtae/AirSim/ros2/install/airsim_interfaces/lib:/opt/ros/humble/opt/rviz_ogre_vendor/lib:/opt/ros/humble/lib/x86_64-linux-gnu:/opt/ros/humble/lib PYTHONPATH=/home/jeongtae/umv_control/build/lower_controller/prefix_override:/home/jeongtae/umv_control/install/lower_controller/lib/python3.10/site-packages:${PYTHONPATH} /usr/bin/python3 -W ignore:setup.py install is deprecated setup.py egg_info --egg-base ../../build/lower_controller build --build-base /home/jeongtae/umv_control/build/lower_controller/build install --record /home/jeongtae/umv_control/build/lower_controller/install.log --single-version-externally-managed install_data
[3.277s] Level 1:colcon.colcon_core.environment:checking '/home/jeongtae/umv_control/install/lower_controller' for CMake module files
[3.278s] DEBUG:colcon.colcon_core.event_handler.log_command:Invoked command in '/home/jeongtae/umv_control/src/lower_controller' returned '0': CMAKE_PREFIX_PATH=/home/jeongtae/umv_control/install/umv_msgs:/home/jeongtae/AirSim/ros2/install/airsim_ros_pkgs:/home/jeongtae/AirSim/ros2/install/airsim_interfaces:/home/jeongtae/umv_control/install/mppi:/home/jeongtae/umv_control/install/airsim_controller LD_LIBRARY_PATH=/home/jeongtae/umv_control/install/umv_msgs/lib:/home/jeongtae/AirSim/ros2/install/airsim_ros_pkgs/lib:/home/jeongtae/AirSim/ros2/install/airsim_interfaces/lib:/opt/ros/humble/opt/rviz_ogre_vendor/lib:/opt/ros/humble/lib/x86_64-linux-gnu:/opt/ros/humble/lib PYTHONPATH=/home/jeongtae/umv_control/build/lower_controller/prefix_override:/home/jeongtae/umv_control/install/lower_controller/lib/python3.10/site-packages:${PYTHONPATH} /usr/bin/python3 -W ignore:setup.py install is deprecated setup.py egg_info --egg-base ../../build/lower_controller build --build-base /home/jeongtae/umv_control/build/lower_controller/build install --record /home/jeongtae/umv_control/build/lower_controller/install.log --single-version-externally-managed install_data
[3.278s] Level 1:colcon.colcon_core.environment:checking '/home/jeongtae/umv_control/install/lower_controller' for CMake config files
[3.278s] Level 1:colcon.colcon_core.environment:checking '/home/jeongtae/umv_control/install/lower_controller/lib'
[3.278s] Level 1:colcon.colcon_core.environment:checking '/home/jeongtae/umv_control/install/lower_controller/bin'
[3.278s] Level 1:colcon.colcon_core.environment:checking '/home/jeongtae/umv_control/install/lower_controller/lib/pkgconfig/lower_controller.pc'
[3.278s] Level 1:colcon.colcon_core.environment:checking '/home/jeongtae/umv_control/install/lower_controller/lib/python3.10/site-packages'
[3.278s] Level 1:colcon.colcon_core.shell:create_environment_hook('lower_controller', 'pythonpath')
[3.278s] INFO:colcon.colcon_core.shell:Creating environment hook '/home/jeongtae/umv_control/install/lower_controller/share/lower_controller/hook/pythonpath.ps1'
[3.279s] INFO:colcon.colcon_core.shell:Creating environment descriptor '/home/jeongtae/umv_control/install/lower_controller/share/lower_controller/hook/pythonpath.dsv'
[3.279s] INFO:colcon.colcon_core.shell:Creating environment hook '/home/jeongtae/umv_control/install/lower_controller/share/lower_controller/hook/pythonpath.sh'
[3.279s] Level 1:colcon.colcon_core.environment:checking '/home/jeongtae/umv_control/install/lower_controller/bin'
[3.279s] Level 1:colcon.colcon_core.environment:create_environment_scripts_only(lower_controller)
[3.279s] INFO:colcon.colcon_core.shell:Creating package script '/home/jeongtae/umv_control/install/lower_controller/share/lower_controller/package.ps1'
[3.279s] INFO:colcon.colcon_core.shell:Creating package descriptor '/home/jeongtae/umv_control/install/lower_controller/share/lower_controller/package.dsv'
[3.280s] INFO:colcon.colcon_core.shell:Creating package script '/home/jeongtae/umv_control/install/lower_controller/share/lower_controller/package.sh'
[3.280s] INFO:colcon.colcon_core.shell:Creating package script '/home/jeongtae/umv_control/install/lower_controller/share/lower_controller/package.bash'
[3.280s] INFO:colcon.colcon_core.shell:Creating package script '/home/jeongtae/umv_control/install/lower_controller/share/lower_controller/package.zsh'
[3.280s] Level 1:colcon.colcon_core.environment:create_file_with_runtime_dependencies(/home/jeongtae/umv_control/install/lower_controller/share/colcon-core/packages/lower_controller)
[3.280s] Level 1:colcon.colcon_core.environment:checking '/home/jeongtae/umv_control/install/host_vehicle_filter' for CMake module files
[3.281s] DEBUG:colcon.colcon_core.event_handler.log_command:Invoked command in '/home/jeongtae/umv_control/src/host_vehicle_filter' returned '0': CMAKE_PREFIX_PATH=/home/jeongtae/umv_control/install/umv_msgs:/home/jeongtae/AirSim/ros2/install/airsim_ros_pkgs:/home/jeongtae/AirSim/ros2/install/airsim_interfaces:/home/jeongtae/umv_control/install/mppi:/home/jeongtae/umv_control/install/airsim_controller LD_LIBRARY_PATH=/home/jeongtae/umv_control/install/umv_msgs/lib:/home/jeongtae/AirSim/ros2/install/airsim_ros_pkgs/lib:/home/jeongtae/AirSim/ros2/install/airsim_interfaces/lib:/opt/ros/humble/opt/rviz_ogre_vendor/lib:/opt/ros/humble/lib/x86_64-linux-gnu:/opt/ros/humble/lib PYTHONPATH=/home/jeongtae/umv_control/build/host_vehicle_filter/prefix_override:/home/jeongtae/umv_control/install/host_vehicle_filter/lib/python3.10/site-packages:${PYTHONPATH} /usr/bin/python3 -W ignore:setup.py install is deprecated setup.py egg_info --egg-base ../../build/host_vehicle_filter build --build-base /home/jeongtae/umv_control/build/host_vehicle_filter/build install --record /home/jeongtae/umv_control/build/host_vehicle_filter/install.log --single-version-externally-managed install_data
[3.281s] Level 1:colcon.colcon_core.environment:checking '/home/jeongtae/umv_control/install/host_vehicle_filter' for CMake config files
[3.281s] Level 1:colcon.colcon_core.environment:checking '/home/jeongtae/umv_control/install/host_vehicle_filter/lib'
[3.281s] Level 1:colcon.colcon_core.environment:checking '/home/jeongtae/umv_control/install/host_vehicle_filter/bin'
[3.281s] Level 1:colcon.colcon_core.environment:checking '/home/jeongtae/umv_control/install/host_vehicle_filter/lib/pkgconfig/host_vehicle_filter.pc'
[3.281s] Level 1:colcon.colcon_core.environment:checking '/home/jeongtae/umv_control/install/host_vehicle_filter/lib/python3.10/site-packages'
[3.281s] Level 1:colcon.colcon_core.shell:create_environment_hook('host_vehicle_filter', 'pythonpath')
[3.281s] INFO:colcon.colcon_core.shell:Creating environment hook '/home/jeongtae/umv_control/install/host_vehicle_filter/share/host_vehicle_filter/hook/pythonpath.ps1'
[3.281s] INFO:colcon.colcon_core.shell:Creating environment descriptor '/home/jeongtae/umv_control/install/host_vehicle_filter/share/host_vehicle_filter/hook/pythonpath.dsv'
[3.282s] INFO:colcon.colcon_core.shell:Creating environment hook '/home/jeongtae/umv_control/install/host_vehicle_filter/share/host_vehicle_filter/hook/pythonpath.sh'
[3.282s] Level 1:colcon.colcon_core.environment:checking '/home/jeongtae/umv_control/install/host_vehicle_filter/bin'
[3.282s] Level 1:colcon.colcon_core.environment:create_environment_scripts_only(host_vehicle_filter)
[3.282s] INFO:colcon.colcon_core.shell:Creating package script '/home/jeongtae/umv_control/install/host_vehicle_filter/share/host_vehicle_filter/package.ps1'
[3.282s] INFO:colcon.colcon_core.shell:Creating package descriptor '/home/jeongtae/umv_control/install/host_vehicle_filter/share/host_vehicle_filter/package.dsv'
[3.282s] INFO:colcon.colcon_core.shell:Creating package script '/home/jeongtae/umv_control/install/host_vehicle_filter/share/host_vehicle_filter/package.sh'
[3.282s] INFO:colcon.colcon_core.shell:Creating package script '/home/jeongtae/umv_control/install/host_vehicle_filter/share/host_vehicle_filter/package.bash'
[3.282s] INFO:colcon.colcon_core.shell:Creating package script '/home/jeongtae/umv_control/install/host_vehicle_filter/share/host_vehicle_filter/package.zsh'
[3.283s] Level 1:colcon.colcon_core.environment:create_file_with_runtime_dependencies(/home/jeongtae/umv_control/install/host_vehicle_filter/share/colcon-core/packages/host_vehicle_filter)
[3.848s] DEBUG:colcon.colcon_core.event_handler.log_command:Invoked command in '/home/jeongtae/umv_control/build/mppi' returned '0': CMAKE_PREFIX_PATH=/home/jeongtae/umv_control/install/umv_msgs:/home/jeongtae/AirSim/ros2/install/airsim_ros_pkgs:/home/jeongtae/AirSim/ros2/install/airsim_interfaces:/home/jeongtae/umv_control/install/mppi:/home/jeongtae/umv_control/install/airsim_controller:/home/jeongtae/umv_control/install/lower_controller:/home/jeongtae/umv_control/install/host_vehicle_filter:/home/jeongtae/umv_control/install/motion_planner:/opt/ros/humble LD_LIBRARY_PATH=/home/jeongtae/umv_control/install/umv_msgs/lib:/home/jeongtae/AirSim/ros2/install/airsim_ros_pkgs/lib:/home/jeongtae/AirSim/ros2/install/airsim_interfaces/lib:/opt/ros/humble/opt/rviz_ogre_vendor/lib:/opt/ros/humble/lib/x86_64-linux-gnu:/opt/ros/humble/lib /usr/bin/cmake /home/jeongtae/umv_control/src/mppi -DCMAKE_INSTALL_PREFIX=/home/jeongtae/umv_control/install/mppi
[3.848s] DEBUG:colcon.colcon_core.event_handler.log_command:Invoking command in '/home/jeongtae/umv_control/build/mppi': CMAKE_PREFIX_PATH=/home/jeongtae/umv_control/install/umv_msgs:/home/jeongtae/AirSim/ros2/install/airsim_ros_pkgs:/home/jeongtae/AirSim/ros2/install/airsim_interfaces:/home/jeongtae/umv_control/install/mppi:/home/jeongtae/umv_control/install/airsim_controller:/home/jeongtae/umv_control/install/lower_controller:/home/jeongtae/umv_control/install/host_vehicle_filter:/home/jeongtae/umv_control/install/motion_planner:/opt/ros/humble LD_LIBRARY_PATH=/home/jeongtae/umv_control/install/umv_msgs/lib:/home/jeongtae/AirSim/ros2/install/airsim_ros_pkgs/lib:/home/jeongtae/AirSim/ros2/install/airsim_interfaces/lib:/opt/ros/humble/opt/rviz_ogre_vendor/lib:/opt/ros/humble/lib/x86_64-linux-gnu:/opt/ros/humble/lib /usr/bin/cmake --build /home/jeongtae/umv_control/build/mppi -- -j24 -l24
[9.600s] DEBUG:colcon.colcon_core.event_handler.log_command:Invoked command in '/home/jeongtae/umv_control/build/mppi' returned '0': CMAKE_PREFIX_PATH=/home/jeongtae/umv_control/install/umv_msgs:/home/jeongtae/AirSim/ros2/install/airsim_ros_pkgs:/home/jeongtae/AirSim/ros2/install/airsim_interfaces:/home/jeongtae/umv_control/install/mppi:/home/jeongtae/umv_control/install/airsim_controller:/home/jeongtae/umv_control/install/lower_controller:/home/jeongtae/umv_control/install/host_vehicle_filter:/home/jeongtae/umv_control/install/motion_planner:/opt/ros/humble LD_LIBRARY_PATH=/home/jeongtae/umv_control/install/umv_msgs/lib:/home/jeongtae/AirSim/ros2/install/airsim_ros_pkgs/lib:/home/jeongtae/AirSim/ros2/install/airsim_interfaces/lib:/opt/ros/humble/opt/rviz_ogre_vendor/lib:/opt/ros/humble/lib/x86_64-linux-gnu:/opt/ros/humble/lib /usr/bin/cmake --build /home/jeongtae/umv_control/build/mppi -- -j24 -l24
[9.612s] DEBUG:colcon.colcon_core.event_handler.log_command:Invoking command in '/home/jeongtae/umv_control/build/mppi': CMAKE_PREFIX_PATH=/home/jeongtae/umv_control/install/umv_msgs:/home/jeongtae/AirSim/ros2/install/airsim_ros_pkgs:/home/jeongtae/AirSim/ros2/install/airsim_interfaces:/home/jeongtae/umv_control/install/mppi:/home/jeongtae/umv_control/install/airsim_controller:/home/jeongtae/umv_control/install/lower_controller:/home/jeongtae/umv_control/install/host_vehicle_filter:/home/jeongtae/umv_control/install/motion_planner:/opt/ros/humble LD_LIBRARY_PATH=/home/jeongtae/umv_control/install/umv_msgs/lib:/home/jeongtae/AirSim/ros2/install/airsim_ros_pkgs/lib:/home/jeongtae/AirSim/ros2/install/airsim_interfaces/lib:/opt/ros/humble/opt/rviz_ogre_vendor/lib:/opt/ros/humble/lib/x86_64-linux-gnu:/opt/ros/humble/lib /usr/bin/cmake --install /home/jeongtae/umv_control/build/mppi
[9.624s] Level 1:colcon.colcon_core.environment:create_environment_scripts_only(mppi)
[9.624s] Level 1:colcon.colcon_core.environment:checking '/home/jeongtae/umv_control/install/mppi' for CMake module files
[9.624s] DEBUG:colcon.colcon_core.event_handler.log_command:Invoked command in '/home/jeongtae/umv_control/build/mppi' returned '0': CMAKE_PREFIX_PATH=/home/jeongtae/umv_control/install/umv_msgs:/home/jeongtae/AirSim/ros2/install/airsim_ros_pkgs:/home/jeongtae/AirSim/ros2/install/airsim_interfaces:/home/jeongtae/umv_control/install/mppi:/home/jeongtae/umv_control/install/airsim_controller:/home/jeongtae/umv_control/install/lower_controller:/home/jeongtae/umv_control/install/host_vehicle_filter:/home/jeongtae/umv_control/install/motion_planner:/opt/ros/humble LD_LIBRARY_PATH=/home/jeongtae/umv_control/install/umv_msgs/lib:/home/jeongtae/AirSim/ros2/install/airsim_ros_pkgs/lib:/home/jeongtae/AirSim/ros2/install/airsim_interfaces/lib:/opt/ros/humble/opt/rviz_ogre_vendor/lib:/opt/ros/humble/lib/x86_64-linux-gnu:/opt/ros/humble/lib /usr/bin/cmake --install /home/jeongtae/umv_control/build/mppi
[9.625s] Level 1:colcon.colcon_core.environment:checking '/home/jeongtae/umv_control/install/mppi' for CMake config files
[9.625s] Level 1:colcon.colcon_core.shell:create_environment_hook('mppi', 'cmake_prefix_path')
[9.625s] INFO:colcon.colcon_core.shell:Creating environment hook '/home/jeongtae/umv_control/install/mppi/share/mppi/hook/cmake_prefix_path.ps1'
[9.625s] INFO:colcon.colcon_core.shell:Creating environment descriptor '/home/jeongtae/umv_control/install/mppi/share/mppi/hook/cmake_prefix_path.dsv'
[9.625s] INFO:colcon.colcon_core.shell:Creating environment hook '/home/jeongtae/umv_control/install/mppi/share/mppi/hook/cmake_prefix_path.sh'
[9.626s] Level 1:colcon.colcon_core.environment:checking '/home/jeongtae/umv_control/install/mppi/lib'
[9.626s] Level 1:colcon.colcon_core.environment:checking '/home/jeongtae/umv_control/install/mppi/bin'
[9.626s] Level 1:colcon.colcon_core.environment:checking '/home/jeongtae/umv_control/install/mppi/lib/pkgconfig/mppi.pc'
[9.626s] Level 1:colcon.colcon_core.environment:checking '/home/jeongtae/umv_control/install/mppi/lib/python3.10/site-packages'
[9.626s] Level 1:colcon.colcon_core.environment:checking '/home/jeongtae/umv_control/install/mppi/bin'
[9.626s] INFO:colcon.colcon_core.shell:Creating package script '/home/jeongtae/umv_control/install/mppi/share/mppi/package.ps1'
[9.626s] INFO:colcon.colcon_core.shell:Creating package descriptor '/home/jeongtae/umv_control/install/mppi/share/mppi/package.dsv'
[9.627s] INFO:colcon.colcon_core.shell:Creating package script '/home/jeongtae/umv_control/install/mppi/share/mppi/package.sh'
[9.627s] INFO:colcon.colcon_core.shell:Creating package script '/home/jeongtae/umv_control/install/mppi/share/mppi/package.bash'
[9.627s] INFO:colcon.colcon_core.shell:Creating package script '/home/jeongtae/umv_control/install/mppi/share/mppi/package.zsh'
[9.627s] Level 1:colcon.colcon_core.environment:create_file_with_runtime_dependencies(/home/jeongtae/umv_control/install/mppi/share/colcon-core/packages/mppi)
[9.645s] Level 1:colcon.colcon_core.environment:create_environment_scripts_only(mppi)
[9.645s] Level 1:colcon.colcon_core.environment:checking '/home/jeongtae/umv_control/install/mppi' for CMake module files
[9.646s] Level 1:colcon.colcon_core.environment:checking '/home/jeongtae/umv_control/install/mppi' for CMake config files
[9.646s] Level 1:colcon.colcon_core.shell:create_environment_hook('mppi', 'cmake_prefix_path')
[9.647s] INFO:colcon.colcon_core.shell:Creating environment hook '/home/jeongtae/umv_control/install/mppi/share/mppi/hook/cmake_prefix_path.ps1'
[9.647s] INFO:colcon.colcon_core.shell:Creating environment descriptor '/home/jeongtae/umv_control/install/mppi/share/mppi/hook/cmake_prefix_path.dsv'
[9.647s] INFO:colcon.colcon_core.shell:Creating environment hook '/home/jeongtae/umv_control/install/mppi/share/mppi/hook/cmake_prefix_path.sh'
[9.648s] Level 1:colcon.colcon_core.environment:checking '/home/jeongtae/umv_control/install/mppi/lib'
[9.648s] Level 1:colcon.colcon_core.environment:checking '/home/jeongtae/umv_control/install/mppi/bin'
[9.648s] Level 1:colcon.colcon_core.environment:checking '/home/jeongtae/umv_control/install/mppi/lib/pkgconfig/mppi.pc'
[9.648s] Level 1:colcon.colcon_core.environment:checking '/home/jeongtae/umv_control/install/mppi/lib/python3.10/site-packages'
[9.649s] Level 1:colcon.colcon_core.environment:checking '/home/jeongtae/umv_control/install/mppi/bin'
[9.649s] INFO:colcon.colcon_core.shell:Creating package script '/home/jeongtae/umv_control/install/mppi/share/mppi/package.ps1'
[9.649s] INFO:colcon.colcon_core.shell:Creating package descriptor '/home/jeongtae/umv_control/install/mppi/share/mppi/package.dsv'
[9.650s] INFO:colcon.colcon_core.shell:Creating package script '/home/jeongtae/umv_control/install/mppi/share/mppi/package.sh'
[9.650s] INFO:colcon.colcon_core.shell:Creating package script '/home/jeongtae/umv_control/install/mppi/share/mppi/package.bash'
[9.650s] INFO:colcon.colcon_core.shell:Creating package script '/home/jeongtae/umv_control/install/mppi/share/mppi/package.zsh'
[9.651s] Level 1:colcon.colcon_core.environment:create_file_with_runtime_dependencies(/home/jeongtae/umv_control/install/mppi/share/colcon-core/packages/mppi)
[9.651s] DEBUG:colcon.colcon_parallel_executor.executor.parallel:closing loop
[9.651s] DEBUG:colcon.colcon_parallel_executor.executor.parallel:loop closed
[9.651s] DEBUG:colcon.colcon_parallel_executor.executor.parallel:run_until_complete finished with '0'
[9.651s] DEBUG:colcon.colcon_core.event_reactor:joining thread
[9.655s] INFO:colcon.colcon_core.plugin_system:Skipping extension 'colcon_notification.desktop_notification.terminal_notifier': Not used on non-Darwin systems
[9.655s] INFO:colcon.colcon_core.plugin_system:Skipping extension 'colcon_notification.desktop_notification.win32': Not used on non-Windows systems
[9.655s] INFO:colcon.colcon_notification.desktop_notification:Sending desktop notification using 'notify2'
[9.664s] DEBUG:colcon.colcon_core.event_reactor:joined thread
[9.664s] INFO:colcon.colcon_core.shell:Creating prefix script '/home/jeongtae/umv_control/install/local_setup.ps1'
[9.665s] INFO:colcon.colcon_core.shell:Creating prefix util module '/home/jeongtae/umv_control/install/_local_setup_util_ps1.py'
[9.666s] INFO:colcon.colcon_core.shell:Creating prefix chain script '/home/jeongtae/umv_control/install/setup.ps1'
[9.666s] INFO:colcon.colcon_core.shell:Creating prefix script '/home/jeongtae/umv_control/install/local_setup.sh'
[9.667s] INFO:colcon.colcon_core.shell:Creating prefix util module '/home/jeongtae/umv_control/install/_local_setup_util_sh.py'
[9.667s] INFO:colcon.colcon_core.shell:Creating prefix chain script '/home/jeongtae/umv_control/install/setup.sh'
[9.667s] INFO:colcon.colcon_core.shell:Creating prefix script '/home/jeongtae/umv_control/install/local_setup.bash'
[9.667s] INFO:colcon.colcon_core.shell:Creating prefix chain script '/home/jeongtae/umv_control/install/setup.bash'
[9.668s] INFO:colcon.colcon_core.shell:Creating prefix script '/home/jeongtae/umv_control/install/local_setup.zsh'
[9.668s] INFO:colcon.colcon_core.shell:Creating prefix chain script '/home/jeongtae/umv_control/install/setup.zsh'
