[0.432s] Invoking command in '/home/jeongtae/umv_control/src/lower_controller': AMENT_PREFIX_PATH=/home/jeongtae/umv_control/install/umv_msgs CMAKE_PREFIX_PATH=/home/jeongtae/umv_control/install/umv_msgs LD_LIBRARY_PATH=/home/jeongtae/umv_control/install/umv_msgs/lib:/home/jeongtae/AirSim/ros2/install/airsim_ros_pkgs/lib:/home/jeongtae/AirSim/ros2/install/airsim_interfaces/lib:/opt/ros/humble/opt/rviz_ogre_vendor/lib:/opt/ros/humble/lib/x86_64-linux-gnu:/opt/ros/humble/lib PYTHONPATH=/home/jeongtae/umv_control/build/lower_controller/prefix_override:/home/jeongtae/umv_control/install/lower_controller/lib/python3.10/site-packages:${PYTHONPATH} /usr/bin/python3 -W ignore:setup.py install is deprecated setup.py egg_info --egg-base ../../build/lower_controller build --build-base /home/jeongtae/umv_control/build/lower_controller/build install --record /home/jeongtae/umv_control/build/lower_controller/install.log --single-version-externally-managed install_data
[0.546s] running egg_info
[0.546s] writing ../../build/lower_controller/lower_controller.egg-info/PKG-INFO
[0.546s] writing dependency_links to ../../build/lower_controller/lower_controller.egg-info/dependency_links.txt
[0.546s] writing entry points to ../../build/lower_controller/lower_controller.egg-info/entry_points.txt
[0.546s] writing requirements to ../../build/lower_controller/lower_controller.egg-info/requires.txt
[0.546s] writing top-level names to ../../build/lower_controller/lower_controller.egg-info/top_level.txt
[0.547s] reading manifest file '../../build/lower_controller/lower_controller.egg-info/SOURCES.txt'
[0.547s] adding license file 'LICENSE'
[0.547s] writing manifest file '../../build/lower_controller/lower_controller.egg-info/SOURCES.txt'
[0.547s] running build
[0.548s] running build_py
[0.548s] copying lower_controller/lower_controller_node.py -> /home/jeongtae/umv_control/build/lower_controller/build/lib/lower_controller
[0.548s] running install
[0.548s] running install_lib
[0.548s] copying /home/jeongtae/umv_control/build/lower_controller/build/lib/lower_controller/lower_controller_node.py -> /home/jeongtae/umv_control/install/lower_controller/lib/python3.10/site-packages/lower_controller
[0.549s] byte-compiling /home/jeongtae/umv_control/install/lower_controller/lib/python3.10/site-packages/lower_controller/lower_controller_node.py to lower_controller_node.cpython-310.pyc
[0.549s] running install_data
[0.549s] running install_egg_info
[0.550s] removing '/home/jeongtae/umv_control/install/lower_controller/lib/python3.10/site-packages/lower_controller-0.0.0-py3.10.egg-info' (and everything under it)
[0.550s] Copying ../../build/lower_controller/lower_controller.egg-info to /home/jeongtae/umv_control/install/lower_controller/lib/python3.10/site-packages/lower_controller-0.0.0-py3.10.egg-info
[0.550s] running install_scripts
[0.562s] Installing lower_controller_node script to /home/jeongtae/umv_control/install/lower_controller/lib/lower_controller
[0.562s] writing list of installed files to '/home/jeongtae/umv_control/build/lower_controller/install.log'
[0.573s] Invoked command in '/home/jeongtae/umv_control/src/lower_controller' returned '0': AMENT_PREFIX_PATH=/home/jeongtae/umv_control/install/umv_msgs CMAKE_PREFIX_PATH=/home/jeongtae/umv_control/install/umv_msgs LD_LIBRARY_PATH=/home/jeongtae/umv_control/install/umv_msgs/lib:/home/jeongtae/AirSim/ros2/install/airsim_ros_pkgs/lib:/home/jeongtae/AirSim/ros2/install/airsim_interfaces/lib:/opt/ros/humble/opt/rviz_ogre_vendor/lib:/opt/ros/humble/lib/x86_64-linux-gnu:/opt/ros/humble/lib PYTHONPATH=/home/jeongtae/umv_control/build/lower_controller/prefix_override:/home/jeongtae/umv_control/install/lower_controller/lib/python3.10/site-packages:${PYTHONPATH} /usr/bin/python3 -W ignore:setup.py install is deprecated setup.py egg_info --egg-base ../../build/lower_controller build --build-base /home/jeongtae/umv_control/build/lower_controller/build install --record /home/jeongtae/umv_control/build/lower_controller/install.log --single-version-externally-managed install_data
