[0.249s] Invoking command in '/home/jeongtae/umv_control/build/mppi': AMENT_PREFIX_PATH=/home/jeongtae/umv_control/install/umv_msgs CMAKE_PREFIX_PATH=/home/jeongtae/umv_control/install/umv_msgs LD_LIBRARY_PATH=/home/jeongtae/umv_control/install/umv_msgs/lib:/home/jeongtae/AirSim/ros2/install/airsim_ros_pkgs/lib:/home/jeongtae/AirSim/ros2/install/airsim_interfaces/lib:/opt/ros/humble/opt/rviz_ogre_vendor/lib:/opt/ros/humble/lib/x86_64-linux-gnu:/opt/ros/humble/lib /usr/bin/cmake --build /home/jeongtae/umv_control/build/mppi -- -j24 -l24
[0.268s] [35m[1mConsolidate compiler generated dependencies of target mppi_node[0m
[0.276s] [100%] Built target mppi_node
[0.282s] Invoked command in '/home/jeongtae/umv_control/build/mppi' returned '0': AMENT_PREFIX_PATH=/home/jeongtae/umv_control/install/umv_msgs CMAKE_PREFIX_PATH=/home/jeongtae/umv_control/install/umv_msgs LD_LIBRARY_PATH=/home/jeongtae/umv_control/install/umv_msgs/lib:/home/jeongtae/AirSim/ros2/install/airsim_ros_pkgs/lib:/home/jeongtae/AirSim/ros2/install/airsim_interfaces/lib:/opt/ros/humble/opt/rviz_ogre_vendor/lib:/opt/ros/humble/lib/x86_64-linux-gnu:/opt/ros/humble/lib /usr/bin/cmake --build /home/jeongtae/umv_control/build/mppi -- -j24 -l24
[0.293s] Invoking command in '/home/jeongtae/umv_control/build/mppi': AMENT_PREFIX_PATH=/home/jeongtae/umv_control/install/umv_msgs CMAKE_PREFIX_PATH=/home/jeongtae/umv_control/install/umv_msgs LD_LIBRARY_PATH=/home/jeongtae/umv_control/install/umv_msgs/lib:/home/jeongtae/AirSim/ros2/install/airsim_ros_pkgs/lib:/home/jeongtae/AirSim/ros2/install/airsim_interfaces/lib:/opt/ros/humble/opt/rviz_ogre_vendor/lib:/opt/ros/humble/lib/x86_64-linux-gnu:/opt/ros/humble/lib /usr/bin/cmake --install /home/jeongtae/umv_control/build/mppi
[0.297s] -- Install configuration: ""
[0.297s] -- Up-to-date: /home/jeongtae/umv_control/install/mppi/include/mppi
[0.297s] -- Up-to-date: /home/jeongtae/umv_control/install/mppi/lib/mppi/mppi_node
[0.297s] -- Up-to-date: /home/jeongtae/umv_control/install/mppi/share/ament_index/resource_index/package_run_dependencies/mppi
[0.297s] -- Up-to-date: /home/jeongtae/umv_control/install/mppi/share/ament_index/resource_index/parent_prefix_path/mppi
[0.297s] -- Up-to-date: /home/jeongtae/umv_control/install/mppi/share/mppi/environment/ament_prefix_path.sh
[0.297s] -- Up-to-date: /home/jeongtae/umv_control/install/mppi/share/mppi/environment/ament_prefix_path.dsv
[0.297s] -- Up-to-date: /home/jeongtae/umv_control/install/mppi/share/mppi/environment/path.sh
[0.297s] -- Up-to-date: /home/jeongtae/umv_control/install/mppi/share/mppi/environment/path.dsv
[0.297s] -- Up-to-date: /home/jeongtae/umv_control/install/mppi/share/mppi/local_setup.bash
[0.297s] -- Up-to-date: /home/jeongtae/umv_control/install/mppi/share/mppi/local_setup.sh
[0.298s] -- Up-to-date: /home/jeongtae/umv_control/install/mppi/share/mppi/local_setup.zsh
[0.298s] -- Up-to-date: /home/jeongtae/umv_control/install/mppi/share/mppi/local_setup.dsv
[0.298s] -- Installing: /home/jeongtae/umv_control/install/mppi/share/mppi/package.dsv
[0.298s] -- Up-to-date: /home/jeongtae/umv_control/install/mppi/share/ament_index/resource_index/packages/mppi
[0.298s] -- Up-to-date: /home/jeongtae/umv_control/install/mppi/share/mppi/cmake/mppiConfig.cmake
[0.298s] -- Up-to-date: /home/jeongtae/umv_control/install/mppi/share/mppi/cmake/mppiConfig-version.cmake
[0.298s] -- Up-to-date: /home/jeongtae/umv_control/install/mppi/share/mppi/package.xml
[0.298s] Invoked command in '/home/jeongtae/umv_control/build/mppi' returned '0': AMENT_PREFIX_PATH=/home/jeongtae/umv_control/install/umv_msgs CMAKE_PREFIX_PATH=/home/jeongtae/umv_control/install/umv_msgs LD_LIBRARY_PATH=/home/jeongtae/umv_control/install/umv_msgs/lib:/home/jeongtae/AirSim/ros2/install/airsim_ros_pkgs/lib:/home/jeongtae/AirSim/ros2/install/airsim_interfaces/lib:/opt/ros/humble/opt/rviz_ogre_vendor/lib:/opt/ros/humble/lib/x86_64-linux-gnu:/opt/ros/humble/lib /usr/bin/cmake --install /home/jeongtae/umv_control/build/mppi
