[0.049s] DEBUG:colcon:Command line arguments: ['/usr/bin/colcon', 'build']
[0.049s] DEBUG:colcon:Parsed command line arguments: Namespace(log_base=None, log_level=None, verb_name='build', build_base='build', install_base='install', merge_install=False, symlink_install=False, test_result_base=None, continue_on_error=False, executor='parallel', parallel_workers=24, event_handlers=None, ignore_user_meta=False, metas=['./colcon.meta'], base_paths=['.'], packages_ignore=None, packages_ignore_regex=None, paths=None, packages_up_to=None, packages_up_to_regex=None, packages_above=None, packages_above_and_dependencies=None, packages_above_depth=None, packages_select_by_dep=None, packages_skip_by_dep=None, packages_skip_up_to=None, packages_select_build_failed=False, packages_skip_build_finished=False, packages_select_test_failures=False, packages_skip_test_passed=False, packages_select=None, packages_skip=None, packages_select_regex=None, packages_skip_regex=None, packages_start=None, packages_end=None, allow_overriding=[], cmake_args=None, cmake_target=None, cmake_target_skip_unavailable=False, cmake_clean_cache=False, cmake_clean_first=False, cmake_force_configure=False, ament_cmake_args=None, catkin_cmake_args=None, catkin_skip_building_tests=False, verb_parser=<colcon_defaults.argument_parser.defaults.DefaultArgumentsDecorator object at 0x78c3bb53cfd0>, verb_extension=<colcon_core.verb.build.BuildVerb object at 0x78c3bb6a6740>, main=<bound method BuildVerb.main of <colcon_core.verb.build.BuildVerb object at 0x78c3bb6a6740>>)
[0.124s] Level 1:colcon.colcon_core.package_discovery:discover_packages(colcon_meta) check parameters
[0.125s] Level 1:colcon.colcon_core.package_discovery:discover_packages(recursive) check parameters
[0.125s] Level 1:colcon.colcon_core.package_discovery:discover_packages(ignore) check parameters
[0.125s] Level 1:colcon.colcon_core.package_discovery:discover_packages(path) check parameters
[0.125s] Level 1:colcon.colcon_core.package_discovery:discover_packages(colcon_meta) discover
[0.125s] Level 1:colcon.colcon_core.package_discovery:discover_packages(recursive) discover
[0.125s] INFO:colcon.colcon_core.package_discovery:Crawling recursively for packages in '/home/jeongtae/umv_control'
[0.125s] Level 1:colcon.colcon_core.package_identification:_identify(.) by extensions ['ignore', 'ignore_ament_install']
[0.125s] Level 1:colcon.colcon_core.package_identification:_identify(.) by extension 'ignore'
[0.125s] Level 1:colcon.colcon_core.package_identification:_identify(.) by extension 'ignore_ament_install'
[0.125s] Level 1:colcon.colcon_core.package_identification:_identify(.) by extensions ['colcon_pkg']
[0.125s] Level 1:colcon.colcon_core.package_identification:_identify(.) by extension 'colcon_pkg'
[0.125s] Level 1:colcon.colcon_core.package_identification:_identify(.) by extensions ['colcon_meta']
[0.125s] Level 1:colcon.colcon_core.package_identification:_identify(.) by extension 'colcon_meta'
[0.125s] Level 1:colcon.colcon_core.package_identification:_identify(.) by extensions ['ros']
[0.125s] Level 1:colcon.colcon_core.package_identification:_identify(.) by extension 'ros'
[0.130s] Level 1:colcon.colcon_core.package_identification:_identify(.) by extensions ['cmake', 'python']
[0.130s] Level 1:colcon.colcon_core.package_identification:_identify(.) by extension 'cmake'
[0.130s] Level 1:colcon.colcon_core.package_identification:_identify(.) by extension 'python'
[0.130s] Level 1:colcon.colcon_core.package_identification:_identify(.) by extensions ['python_setup_py']
[0.130s] Level 1:colcon.colcon_core.package_identification:_identify(.) by extension 'python_setup_py'
[0.130s] Level 1:colcon.colcon_core.package_identification:_identify(build) by extensions ['ignore', 'ignore_ament_install']
[0.131s] Level 1:colcon.colcon_core.package_identification:_identify(build) by extension 'ignore'
[0.131s] Level 1:colcon.colcon_core.package_identification:_identify(build) ignored
[0.131s] Level 1:colcon.colcon_core.package_identification:_identify(install) by extensions ['ignore', 'ignore_ament_install']
[0.131s] Level 1:colcon.colcon_core.package_identification:_identify(install) by extension 'ignore'
[0.131s] Level 1:colcon.colcon_core.package_identification:_identify(install) ignored
[0.131s] Level 1:colcon.colcon_core.package_identification:_identify(log) by extensions ['ignore', 'ignore_ament_install']
[0.131s] Level 1:colcon.colcon_core.package_identification:_identify(log) by extension 'ignore'
[0.131s] Level 1:colcon.colcon_core.package_identification:_identify(log) ignored
[0.131s] Level 1:colcon.colcon_core.package_identification:_identify(src) by extensions ['ignore', 'ignore_ament_install']
[0.131s] Level 1:colcon.colcon_core.package_identification:_identify(src) by extension 'ignore'
[0.131s] Level 1:colcon.colcon_core.package_identification:_identify(src) by extension 'ignore_ament_install'
[0.131s] Level 1:colcon.colcon_core.package_identification:_identify(src) by extensions ['colcon_pkg']
[0.131s] Level 1:colcon.colcon_core.package_identification:_identify(src) by extension 'colcon_pkg'
[0.131s] Level 1:colcon.colcon_core.package_identification:_identify(src) by extensions ['colcon_meta']
[0.131s] Level 1:colcon.colcon_core.package_identification:_identify(src) by extension 'colcon_meta'
[0.131s] Level 1:colcon.colcon_core.package_identification:_identify(src) by extensions ['ros']
[0.131s] Level 1:colcon.colcon_core.package_identification:_identify(src) by extension 'ros'
[0.131s] Level 1:colcon.colcon_core.package_identification:_identify(src) by extensions ['cmake', 'python']
[0.131s] Level 1:colcon.colcon_core.package_identification:_identify(src) by extension 'cmake'
[0.131s] Level 1:colcon.colcon_core.package_identification:_identify(src) by extension 'python'
[0.131s] Level 1:colcon.colcon_core.package_identification:_identify(src) by extensions ['python_setup_py']
[0.131s] Level 1:colcon.colcon_core.package_identification:_identify(src) by extension 'python_setup_py'
[0.131s] Level 1:colcon.colcon_core.package_identification:_identify(src/host_vehicle_filter) by extensions ['ignore', 'ignore_ament_install']
[0.131s] Level 1:colcon.colcon_core.package_identification:_identify(src/host_vehicle_filter) by extension 'ignore'
[0.131s] Level 1:colcon.colcon_core.package_identification:_identify(src/host_vehicle_filter) by extension 'ignore_ament_install'
[0.131s] Level 1:colcon.colcon_core.package_identification:_identify(src/host_vehicle_filter) by extensions ['colcon_pkg']
[0.131s] Level 1:colcon.colcon_core.package_identification:_identify(src/host_vehicle_filter) by extension 'colcon_pkg'
[0.131s] Level 1:colcon.colcon_core.package_identification:_identify(src/host_vehicle_filter) by extensions ['colcon_meta']
[0.131s] Level 1:colcon.colcon_core.package_identification:_identify(src/host_vehicle_filter) by extension 'colcon_meta'
[0.131s] Level 1:colcon.colcon_core.package_identification:_identify(src/host_vehicle_filter) by extensions ['ros']
[0.131s] Level 1:colcon.colcon_core.package_identification:_identify(src/host_vehicle_filter) by extension 'ros'
[0.132s] DEBUG:colcon.colcon_core.package_identification:Package 'src/host_vehicle_filter' with type 'ros.ament_python' and name 'host_vehicle_filter'
[0.133s] Level 1:colcon.colcon_core.package_identification:_identify(src/lower_controller) by extensions ['ignore', 'ignore_ament_install']
[0.133s] Level 1:colcon.colcon_core.package_identification:_identify(src/lower_controller) by extension 'ignore'
[0.133s] Level 1:colcon.colcon_core.package_identification:_identify(src/lower_controller) by extension 'ignore_ament_install'
[0.133s] Level 1:colcon.colcon_core.package_identification:_identify(src/lower_controller) by extensions ['colcon_pkg']
[0.133s] Level 1:colcon.colcon_core.package_identification:_identify(src/lower_controller) by extension 'colcon_pkg'
[0.133s] Level 1:colcon.colcon_core.package_identification:_identify(src/lower_controller) by extensions ['colcon_meta']
[0.133s] Level 1:colcon.colcon_core.package_identification:_identify(src/lower_controller) by extension 'colcon_meta'
[0.133s] Level 1:colcon.colcon_core.package_identification:_identify(src/lower_controller) by extensions ['ros']
[0.133s] Level 1:colcon.colcon_core.package_identification:_identify(src/lower_controller) by extension 'ros'
[0.133s] DEBUG:colcon.colcon_core.package_identification:Package 'src/lower_controller' with type 'ros.ament_python' and name 'lower_controller'
[0.133s] Level 1:colcon.colcon_core.package_identification:_identify(src/motion_planner) by extensions ['ignore', 'ignore_ament_install']
[0.133s] Level 1:colcon.colcon_core.package_identification:_identify(src/motion_planner) by extension 'ignore'
[0.133s] Level 1:colcon.colcon_core.package_identification:_identify(src/motion_planner) by extension 'ignore_ament_install'
[0.133s] Level 1:colcon.colcon_core.package_identification:_identify(src/motion_planner) by extensions ['colcon_pkg']
[0.133s] Level 1:colcon.colcon_core.package_identification:_identify(src/motion_planner) by extension 'colcon_pkg'
[0.133s] Level 1:colcon.colcon_core.package_identification:_identify(src/motion_planner) by extensions ['colcon_meta']
[0.133s] Level 1:colcon.colcon_core.package_identification:_identify(src/motion_planner) by extension 'colcon_meta'
[0.133s] Level 1:colcon.colcon_core.package_identification:_identify(src/motion_planner) by extensions ['ros']
[0.133s] Level 1:colcon.colcon_core.package_identification:_identify(src/motion_planner) by extension 'ros'
[0.134s] DEBUG:colcon.colcon_core.package_identification:Package 'src/motion_planner' with type 'ros.ament_python' and name 'motion_planner'
[0.134s] Level 1:colcon.colcon_core.package_identification:_identify(src/mppi) by extensions ['ignore', 'ignore_ament_install']
[0.134s] Level 1:colcon.colcon_core.package_identification:_identify(src/mppi) by extension 'ignore'
[0.134s] Level 1:colcon.colcon_core.package_identification:_identify(src/mppi) by extension 'ignore_ament_install'
[0.134s] Level 1:colcon.colcon_core.package_identification:_identify(src/mppi) by extensions ['colcon_pkg']
[0.134s] Level 1:colcon.colcon_core.package_identification:_identify(src/mppi) by extension 'colcon_pkg'
[0.134s] Level 1:colcon.colcon_core.package_identification:_identify(src/mppi) by extensions ['colcon_meta']
[0.134s] Level 1:colcon.colcon_core.package_identification:_identify(src/mppi) by extension 'colcon_meta'
[0.134s] Level 1:colcon.colcon_core.package_identification:_identify(src/mppi) by extensions ['ros']
[0.134s] Level 1:colcon.colcon_core.package_identification:_identify(src/mppi) by extension 'ros'
[0.134s] DEBUG:colcon.colcon_core.package_identification:Package 'src/mppi' with type 'ros.ament_cmake' and name 'mppi'
[0.134s] Level 1:colcon.colcon_core.package_identification:_identify(src/umv_msgs) by extensions ['ignore', 'ignore_ament_install']
[0.134s] Level 1:colcon.colcon_core.package_identification:_identify(src/umv_msgs) by extension 'ignore'
[0.134s] Level 1:colcon.colcon_core.package_identification:_identify(src/umv_msgs) by extension 'ignore_ament_install'
[0.134s] Level 1:colcon.colcon_core.package_identification:_identify(src/umv_msgs) by extensions ['colcon_pkg']
[0.134s] Level 1:colcon.colcon_core.package_identification:_identify(src/umv_msgs) by extension 'colcon_pkg'
[0.134s] Level 1:colcon.colcon_core.package_identification:_identify(src/umv_msgs) by extensions ['colcon_meta']
[0.134s] Level 1:colcon.colcon_core.package_identification:_identify(src/umv_msgs) by extension 'colcon_meta'
[0.134s] Level 1:colcon.colcon_core.package_identification:_identify(src/umv_msgs) by extensions ['ros']
[0.134s] Level 1:colcon.colcon_core.package_identification:_identify(src/umv_msgs) by extension 'ros'
[0.134s] DEBUG:colcon.colcon_core.package_identification:Package 'src/umv_msgs' with type 'ros.ament_cmake' and name 'umv_msgs'
[0.135s] Level 1:colcon.colcon_core.package_discovery:discover_packages(recursive) using defaults
[0.135s] Level 1:colcon.colcon_core.package_discovery:discover_packages(ignore) discover
[0.135s] Level 1:colcon.colcon_core.package_discovery:discover_packages(ignore) using defaults
[0.135s] Level 1:colcon.colcon_core.package_discovery:discover_packages(path) discover
[0.135s] Level 1:colcon.colcon_core.package_discovery:discover_packages(path) using defaults
[0.149s] Level 1:colcon.colcon_core.package_discovery:discover_packages(prefix_path) check parameters
[0.149s] Level 1:colcon.colcon_core.package_discovery:discover_packages(prefix_path) discover
[0.150s] DEBUG:colcon.colcon_installed_package_information.package_discovery:Found 3 installed packages in /home/jeongtae/AirSim/ros2/install
[0.150s] DEBUG:colcon.colcon_installed_package_information.package_discovery:Found 5 installed packages in /home/jeongtae/umv_control/install
[0.151s] DEBUG:colcon.colcon_installed_package_information.package_discovery:Found 0 installed packages in /home/jeongtae/Workspace/install
[0.151s] DEBUG:colcon.colcon_installed_package_information.package_discovery:Found 277 installed packages in /opt/ros/humble
[0.152s] Level 1:colcon.colcon_core.package_discovery:discover_packages(prefix_path) using defaults
[0.168s] Level 5:colcon.colcon_core.verb:set package 'motion_planner' build argument 'cmake_args' from command line to 'None'
[0.168s] Level 5:colcon.colcon_core.verb:set package 'motion_planner' build argument 'cmake_target' from command line to 'None'
[0.168s] Level 5:colcon.colcon_core.verb:set package 'motion_planner' build argument 'cmake_target_skip_unavailable' from command line to 'False'
[0.168s] Level 5:colcon.colcon_core.verb:set package 'motion_planner' build argument 'cmake_clean_cache' from command line to 'False'
[0.168s] Level 5:colcon.colcon_core.verb:set package 'motion_planner' build argument 'cmake_clean_first' from command line to 'False'
[0.168s] Level 5:colcon.colcon_core.verb:set package 'motion_planner' build argument 'cmake_force_configure' from command line to 'False'
[0.168s] Level 5:colcon.colcon_core.verb:set package 'motion_planner' build argument 'ament_cmake_args' from command line to 'None'
[0.168s] Level 5:colcon.colcon_core.verb:set package 'motion_planner' build argument 'catkin_cmake_args' from command line to 'None'
[0.168s] Level 5:colcon.colcon_core.verb:set package 'motion_planner' build argument 'catkin_skip_building_tests' from command line to 'False'
[0.168s] DEBUG:colcon.colcon_core.verb:Building package 'motion_planner' with the following arguments: {'ament_cmake_args': None, 'build_base': '/home/jeongtae/umv_control/build/motion_planner', 'catkin_cmake_args': None, 'catkin_skip_building_tests': False, 'cmake_args': None, 'cmake_clean_cache': False, 'cmake_clean_first': False, 'cmake_force_configure': False, 'cmake_target': None, 'cmake_target_skip_unavailable': False, 'install_base': '/home/jeongtae/umv_control/install/motion_planner', 'merge_install': False, 'path': '/home/jeongtae/umv_control/src/motion_planner', 'symlink_install': False, 'test_result_base': None}
[0.169s] Level 5:colcon.colcon_core.verb:set package 'umv_msgs' build argument 'cmake_args' from command line to 'None'
[0.169s] Level 5:colcon.colcon_core.verb:set package 'umv_msgs' build argument 'cmake_target' from command line to 'None'
[0.169s] Level 5:colcon.colcon_core.verb:set package 'umv_msgs' build argument 'cmake_target_skip_unavailable' from command line to 'False'
[0.169s] Level 5:colcon.colcon_core.verb:set package 'umv_msgs' build argument 'cmake_clean_cache' from command line to 'False'
[0.169s] Level 5:colcon.colcon_core.verb:set package 'umv_msgs' build argument 'cmake_clean_first' from command line to 'False'
[0.169s] Level 5:colcon.colcon_core.verb:set package 'umv_msgs' build argument 'cmake_force_configure' from command line to 'False'
[0.169s] Level 5:colcon.colcon_core.verb:set package 'umv_msgs' build argument 'ament_cmake_args' from command line to 'None'
[0.169s] Level 5:colcon.colcon_core.verb:set package 'umv_msgs' build argument 'catkin_cmake_args' from command line to 'None'
[0.169s] Level 5:colcon.colcon_core.verb:set package 'umv_msgs' build argument 'catkin_skip_building_tests' from command line to 'False'
[0.169s] DEBUG:colcon.colcon_core.verb:Building package 'umv_msgs' with the following arguments: {'ament_cmake_args': None, 'build_base': '/home/jeongtae/umv_control/build/umv_msgs', 'catkin_cmake_args': None, 'catkin_skip_building_tests': False, 'cmake_args': None, 'cmake_clean_cache': False, 'cmake_clean_first': False, 'cmake_force_configure': False, 'cmake_target': None, 'cmake_target_skip_unavailable': False, 'install_base': '/home/jeongtae/umv_control/install/umv_msgs', 'merge_install': False, 'path': '/home/jeongtae/umv_control/src/umv_msgs', 'symlink_install': False, 'test_result_base': None}
[0.169s] Level 5:colcon.colcon_core.verb:set package 'host_vehicle_filter' build argument 'cmake_args' from command line to 'None'
[0.169s] Level 5:colcon.colcon_core.verb:set package 'host_vehicle_filter' build argument 'cmake_target' from command line to 'None'
[0.169s] Level 5:colcon.colcon_core.verb:set package 'host_vehicle_filter' build argument 'cmake_target_skip_unavailable' from command line to 'False'
[0.169s] Level 5:colcon.colcon_core.verb:set package 'host_vehicle_filter' build argument 'cmake_clean_cache' from command line to 'False'
[0.169s] Level 5:colcon.colcon_core.verb:set package 'host_vehicle_filter' build argument 'cmake_clean_first' from command line to 'False'
[0.169s] Level 5:colcon.colcon_core.verb:set package 'host_vehicle_filter' build argument 'cmake_force_configure' from command line to 'False'
[0.169s] Level 5:colcon.colcon_core.verb:set package 'host_vehicle_filter' build argument 'ament_cmake_args' from command line to 'None'
[0.169s] Level 5:colcon.colcon_core.verb:set package 'host_vehicle_filter' build argument 'catkin_cmake_args' from command line to 'None'
[0.169s] Level 5:colcon.colcon_core.verb:set package 'host_vehicle_filter' build argument 'catkin_skip_building_tests' from command line to 'False'
[0.169s] DEBUG:colcon.colcon_core.verb:Building package 'host_vehicle_filter' with the following arguments: {'ament_cmake_args': None, 'build_base': '/home/jeongtae/umv_control/build/host_vehicle_filter', 'catkin_cmake_args': None, 'catkin_skip_building_tests': False, 'cmake_args': None, 'cmake_clean_cache': False, 'cmake_clean_first': False, 'cmake_force_configure': False, 'cmake_target': None, 'cmake_target_skip_unavailable': False, 'install_base': '/home/jeongtae/umv_control/install/host_vehicle_filter', 'merge_install': False, 'path': '/home/jeongtae/umv_control/src/host_vehicle_filter', 'symlink_install': False, 'test_result_base': None}
[0.169s] Level 5:colcon.colcon_core.verb:set package 'lower_controller' build argument 'cmake_args' from command line to 'None'
[0.169s] Level 5:colcon.colcon_core.verb:set package 'lower_controller' build argument 'cmake_target' from command line to 'None'
[0.169s] Level 5:colcon.colcon_core.verb:set package 'lower_controller' build argument 'cmake_target_skip_unavailable' from command line to 'False'
[0.169s] Level 5:colcon.colcon_core.verb:set package 'lower_controller' build argument 'cmake_clean_cache' from command line to 'False'
[0.169s] Level 5:colcon.colcon_core.verb:set package 'lower_controller' build argument 'cmake_clean_first' from command line to 'False'
[0.169s] Level 5:colcon.colcon_core.verb:set package 'lower_controller' build argument 'cmake_force_configure' from command line to 'False'
[0.169s] Level 5:colcon.colcon_core.verb:set package 'lower_controller' build argument 'ament_cmake_args' from command line to 'None'
[0.169s] Level 5:colcon.colcon_core.verb:set package 'lower_controller' build argument 'catkin_cmake_args' from command line to 'None'
[0.169s] Level 5:colcon.colcon_core.verb:set package 'lower_controller' build argument 'catkin_skip_building_tests' from command line to 'False'
[0.169s] DEBUG:colcon.colcon_core.verb:Building package 'lower_controller' with the following arguments: {'ament_cmake_args': None, 'build_base': '/home/jeongtae/umv_control/build/lower_controller', 'catkin_cmake_args': None, 'catkin_skip_building_tests': False, 'cmake_args': None, 'cmake_clean_cache': False, 'cmake_clean_first': False, 'cmake_force_configure': False, 'cmake_target': None, 'cmake_target_skip_unavailable': False, 'install_base': '/home/jeongtae/umv_control/install/lower_controller', 'merge_install': False, 'path': '/home/jeongtae/umv_control/src/lower_controller', 'symlink_install': False, 'test_result_base': None}
[0.169s] Level 5:colcon.colcon_core.verb:set package 'mppi' build argument 'cmake_args' from command line to 'None'
[0.169s] Level 5:colcon.colcon_core.verb:set package 'mppi' build argument 'cmake_target' from command line to 'None'
[0.169s] Level 5:colcon.colcon_core.verb:set package 'mppi' build argument 'cmake_target_skip_unavailable' from command line to 'False'
[0.169s] Level 5:colcon.colcon_core.verb:set package 'mppi' build argument 'cmake_clean_cache' from command line to 'False'
[0.169s] Level 5:colcon.colcon_core.verb:set package 'mppi' build argument 'cmake_clean_first' from command line to 'False'
[0.169s] Level 5:colcon.colcon_core.verb:set package 'mppi' build argument 'cmake_force_configure' from command line to 'False'
[0.169s] Level 5:colcon.colcon_core.verb:set package 'mppi' build argument 'ament_cmake_args' from command line to 'None'
[0.169s] Level 5:colcon.colcon_core.verb:set package 'mppi' build argument 'catkin_cmake_args' from command line to 'None'
[0.169s] Level 5:colcon.colcon_core.verb:set package 'mppi' build argument 'catkin_skip_building_tests' from command line to 'False'
[0.169s] DEBUG:colcon.colcon_core.verb:Building package 'mppi' with the following arguments: {'ament_cmake_args': None, 'build_base': '/home/jeongtae/umv_control/build/mppi', 'catkin_cmake_args': None, 'catkin_skip_building_tests': False, 'cmake_args': None, 'cmake_clean_cache': False, 'cmake_clean_first': False, 'cmake_force_configure': False, 'cmake_target': None, 'cmake_target_skip_unavailable': False, 'install_base': '/home/jeongtae/umv_control/install/mppi', 'merge_install': False, 'path': '/home/jeongtae/umv_control/src/mppi', 'symlink_install': False, 'test_result_base': None}
[0.169s] INFO:colcon.colcon_core.executor:Executing jobs using 'parallel' executor
[0.170s] DEBUG:colcon.colcon_parallel_executor.executor.parallel:run_until_complete
[0.170s] INFO:colcon.colcon_ros.task.ament_cmake.build:Building ROS package in '/home/jeongtae/umv_control/src/umv_msgs' with build type 'ament_cmake'
[0.170s] INFO:colcon.colcon_cmake.task.cmake.build:Building CMake package in '/home/jeongtae/umv_control/src/umv_msgs'
[0.171s] INFO:colcon.colcon_core.plugin_system:Skipping extension 'colcon_core.shell.bat': Not used on non-Windows systems
[0.171s] INFO:colcon.colcon_core.shell:Skip shell extension 'powershell' for command environment: Not usable outside of PowerShell
[0.171s] DEBUG:colcon.colcon_core.shell:Skip shell extension 'dsv' for command environment
[0.173s] INFO:colcon.colcon_ros.task.ament_python.build:Building ROS package in '/home/jeongtae/umv_control/src/motion_planner' with build type 'ament_python'
[0.173s] Level 1:colcon.colcon_core.shell:create_environment_hook('motion_planner', 'ament_prefix_path')
[0.173s] INFO:colcon.colcon_core.shell:Creating environment hook '/home/jeongtae/umv_control/install/motion_planner/share/motion_planner/hook/ament_prefix_path.ps1'
[0.174s] INFO:colcon.colcon_core.shell:Creating environment descriptor '/home/jeongtae/umv_control/install/motion_planner/share/motion_planner/hook/ament_prefix_path.dsv'
[0.174s] INFO:colcon.colcon_core.shell:Creating environment hook '/home/jeongtae/umv_control/install/motion_planner/share/motion_planner/hook/ament_prefix_path.sh'
[0.174s] INFO:colcon.colcon_core.shell:Skip shell extension 'powershell' for command environment: Not usable outside of PowerShell
[0.174s] DEBUG:colcon.colcon_core.shell:Skip shell extension 'dsv' for command environment
[0.178s] DEBUG:colcon.colcon_core.event_handler.log_command:Invoking command in '/home/jeongtae/umv_control/build/umv_msgs': CMAKE_PREFIX_PATH=${CMAKE_PREFIX_PATH}:/home/jeongtae/umv_control/install/lower_controller:/home/jeongtae/umv_control/install/host_vehicle_filter:/home/jeongtae/umv_control/install/motion_planner:/opt/ros/humble /usr/bin/cmake --build /home/jeongtae/umv_control/build/umv_msgs -- -j24 -l24
[0.308s] INFO:colcon.colcon_core.task.python.build:Building Python package in '/home/jeongtae/umv_control/src/motion_planner'
[0.308s] INFO:colcon.colcon_core.shell:Skip shell extension 'powershell' for command environment: Not usable outside of PowerShell
[0.308s] DEBUG:colcon.colcon_core.shell:Skip shell extension 'dsv' for command environment
[0.340s] DEBUG:colcon.colcon_core.event_handler.log_command:Invoked command in '/home/jeongtae/umv_control/build/umv_msgs' returned '0': CMAKE_PREFIX_PATH=${CMAKE_PREFIX_PATH}:/home/jeongtae/umv_control/install/lower_controller:/home/jeongtae/umv_control/install/host_vehicle_filter:/home/jeongtae/umv_control/install/motion_planner:/opt/ros/humble /usr/bin/cmake --build /home/jeongtae/umv_control/build/umv_msgs -- -j24 -l24
[0.391s] DEBUG:colcon.colcon_core.event_handler.log_command:Invoking command in '/home/jeongtae/umv_control/build/umv_msgs': CMAKE_PREFIX_PATH=${CMAKE_PREFIX_PATH}:/home/jeongtae/umv_control/install/lower_controller:/home/jeongtae/umv_control/install/host_vehicle_filter:/home/jeongtae/umv_control/install/motion_planner:/opt/ros/humble /usr/bin/cmake --install /home/jeongtae/umv_control/build/umv_msgs
[0.418s] Level 1:colcon.colcon_core.environment:create_environment_scripts_only(umv_msgs)
[0.418s] DEBUG:colcon.colcon_core.event_handler.log_command:Invoked command in '/home/jeongtae/umv_control/build/umv_msgs' returned '0': CMAKE_PREFIX_PATH=${CMAKE_PREFIX_PATH}:/home/jeongtae/umv_control/install/lower_controller:/home/jeongtae/umv_control/install/host_vehicle_filter:/home/jeongtae/umv_control/install/motion_planner:/opt/ros/humble /usr/bin/cmake --install /home/jeongtae/umv_control/build/umv_msgs
[0.419s] Level 1:colcon.colcon_core.environment:checking '/home/jeongtae/umv_control/install/umv_msgs' for CMake module files
[0.419s] Level 1:colcon.colcon_core.environment:checking '/home/jeongtae/umv_control/install/umv_msgs' for CMake config files
[0.419s] Level 1:colcon.colcon_core.shell:create_environment_hook('umv_msgs', 'cmake_prefix_path')
[0.419s] INFO:colcon.colcon_core.shell:Creating environment hook '/home/jeongtae/umv_control/install/umv_msgs/share/umv_msgs/hook/cmake_prefix_path.ps1'
[0.419s] INFO:colcon.colcon_core.shell:Creating environment descriptor '/home/jeongtae/umv_control/install/umv_msgs/share/umv_msgs/hook/cmake_prefix_path.dsv'
[0.420s] INFO:colcon.colcon_core.shell:Creating environment hook '/home/jeongtae/umv_control/install/umv_msgs/share/umv_msgs/hook/cmake_prefix_path.sh'
[0.420s] Level 1:colcon.colcon_core.environment:checking '/home/jeongtae/umv_control/install/umv_msgs/lib'
[0.420s] Level 1:colcon.colcon_core.shell:create_environment_hook('umv_msgs', 'ld_library_path_lib')
[0.420s] INFO:colcon.colcon_core.shell:Creating environment hook '/home/jeongtae/umv_control/install/umv_msgs/share/umv_msgs/hook/ld_library_path_lib.ps1'
[0.420s] INFO:colcon.colcon_core.shell:Creating environment descriptor '/home/jeongtae/umv_control/install/umv_msgs/share/umv_msgs/hook/ld_library_path_lib.dsv'
[0.420s] INFO:colcon.colcon_core.shell:Creating environment hook '/home/jeongtae/umv_control/install/umv_msgs/share/umv_msgs/hook/ld_library_path_lib.sh'
[0.420s] Level 1:colcon.colcon_core.environment:checking '/home/jeongtae/umv_control/install/umv_msgs/bin'
[0.420s] Level 1:colcon.colcon_core.environment:checking '/home/jeongtae/umv_control/install/umv_msgs/lib/pkgconfig/umv_msgs.pc'
[0.421s] Level 1:colcon.colcon_core.environment:checking '/home/jeongtae/umv_control/install/umv_msgs/lib/python3.10/site-packages'
[0.421s] Level 1:colcon.colcon_core.environment:checking '/home/jeongtae/umv_control/install/umv_msgs/bin'
[0.421s] INFO:colcon.colcon_core.shell:Creating package script '/home/jeongtae/umv_control/install/umv_msgs/share/umv_msgs/package.ps1'
[0.421s] INFO:colcon.colcon_core.shell:Creating package descriptor '/home/jeongtae/umv_control/install/umv_msgs/share/umv_msgs/package.dsv'
[0.421s] INFO:colcon.colcon_core.shell:Creating package script '/home/jeongtae/umv_control/install/umv_msgs/share/umv_msgs/package.sh'
[0.422s] INFO:colcon.colcon_core.shell:Creating package script '/home/jeongtae/umv_control/install/umv_msgs/share/umv_msgs/package.bash'
[0.422s] INFO:colcon.colcon_core.shell:Creating package script '/home/jeongtae/umv_control/install/umv_msgs/share/umv_msgs/package.zsh'
[0.422s] Level 1:colcon.colcon_core.environment:create_file_with_runtime_dependencies(/home/jeongtae/umv_control/install/umv_msgs/share/colcon-core/packages/umv_msgs)
[0.468s] Level 1:colcon.colcon_core.environment:create_environment_scripts_only(umv_msgs)
[0.469s] Level 1:colcon.colcon_core.environment:checking '/home/jeongtae/umv_control/install/umv_msgs' for CMake module files
[0.469s] Level 1:colcon.colcon_core.environment:checking '/home/jeongtae/umv_control/install/umv_msgs' for CMake config files
[0.469s] Level 1:colcon.colcon_core.shell:create_environment_hook('umv_msgs', 'cmake_prefix_path')
[0.469s] INFO:colcon.colcon_core.shell:Creating environment hook '/home/jeongtae/umv_control/install/umv_msgs/share/umv_msgs/hook/cmake_prefix_path.ps1'
[0.469s] INFO:colcon.colcon_core.shell:Creating environment descriptor '/home/jeongtae/umv_control/install/umv_msgs/share/umv_msgs/hook/cmake_prefix_path.dsv'
[0.469s] INFO:colcon.colcon_core.shell:Creating environment hook '/home/jeongtae/umv_control/install/umv_msgs/share/umv_msgs/hook/cmake_prefix_path.sh'
[0.470s] Level 1:colcon.colcon_core.environment:checking '/home/jeongtae/umv_control/install/umv_msgs/lib'
[0.470s] Level 1:colcon.colcon_core.shell:create_environment_hook('umv_msgs', 'ld_library_path_lib')
[0.470s] INFO:colcon.colcon_core.shell:Creating environment hook '/home/jeongtae/umv_control/install/umv_msgs/share/umv_msgs/hook/ld_library_path_lib.ps1'
[0.470s] INFO:colcon.colcon_core.shell:Creating environment descriptor '/home/jeongtae/umv_control/install/umv_msgs/share/umv_msgs/hook/ld_library_path_lib.dsv'
[0.470s] INFO:colcon.colcon_core.shell:Creating environment hook '/home/jeongtae/umv_control/install/umv_msgs/share/umv_msgs/hook/ld_library_path_lib.sh'
[0.470s] Level 1:colcon.colcon_core.environment:checking '/home/jeongtae/umv_control/install/umv_msgs/bin'
[0.470s] Level 1:colcon.colcon_core.environment:checking '/home/jeongtae/umv_control/install/umv_msgs/lib/pkgconfig/umv_msgs.pc'
[0.470s] Level 1:colcon.colcon_core.environment:checking '/home/jeongtae/umv_control/install/umv_msgs/lib/python3.10/site-packages'
[0.471s] Level 1:colcon.colcon_core.environment:checking '/home/jeongtae/umv_control/install/umv_msgs/bin'
[0.471s] INFO:colcon.colcon_core.shell:Creating package script '/home/jeongtae/umv_control/install/umv_msgs/share/umv_msgs/package.ps1'
[0.471s] INFO:colcon.colcon_core.shell:Creating package descriptor '/home/jeongtae/umv_control/install/umv_msgs/share/umv_msgs/package.dsv'
[0.471s] INFO:colcon.colcon_core.shell:Creating package script '/home/jeongtae/umv_control/install/umv_msgs/share/umv_msgs/package.sh'
[0.471s] INFO:colcon.colcon_core.shell:Creating package script '/home/jeongtae/umv_control/install/umv_msgs/share/umv_msgs/package.bash'
[0.471s] INFO:colcon.colcon_core.shell:Creating package script '/home/jeongtae/umv_control/install/umv_msgs/share/umv_msgs/package.zsh'
[0.472s] Level 1:colcon.colcon_core.environment:create_file_with_runtime_dependencies(/home/jeongtae/umv_control/install/umv_msgs/share/colcon-core/packages/umv_msgs)
[0.472s] INFO:colcon.colcon_ros.task.ament_python.build:Building ROS package in '/home/jeongtae/umv_control/src/host_vehicle_filter' with build type 'ament_python'
[0.472s] Level 1:colcon.colcon_core.shell:create_environment_hook('host_vehicle_filter', 'ament_prefix_path')
[0.472s] INFO:colcon.colcon_core.shell:Creating environment hook '/home/jeongtae/umv_control/install/host_vehicle_filter/share/host_vehicle_filter/hook/ament_prefix_path.ps1'
[0.472s] INFO:colcon.colcon_core.shell:Creating environment descriptor '/home/jeongtae/umv_control/install/host_vehicle_filter/share/host_vehicle_filter/hook/ament_prefix_path.dsv'
[0.472s] INFO:colcon.colcon_core.shell:Creating environment hook '/home/jeongtae/umv_control/install/host_vehicle_filter/share/host_vehicle_filter/hook/ament_prefix_path.sh'
[0.472s] INFO:colcon.colcon_core.shell:Skip shell extension 'powershell' for command environment: Not usable outside of PowerShell
[0.472s] DEBUG:colcon.colcon_core.shell:Skip shell extension 'dsv' for command environment
[0.474s] INFO:colcon.colcon_ros.task.ament_python.build:Building ROS package in '/home/jeongtae/umv_control/src/lower_controller' with build type 'ament_python'
[0.474s] Level 1:colcon.colcon_core.shell:create_environment_hook('lower_controller', 'ament_prefix_path')
[0.474s] INFO:colcon.colcon_core.shell:Creating environment hook '/home/jeongtae/umv_control/install/lower_controller/share/lower_controller/hook/ament_prefix_path.ps1'
[0.474s] INFO:colcon.colcon_core.shell:Creating environment descriptor '/home/jeongtae/umv_control/install/lower_controller/share/lower_controller/hook/ament_prefix_path.dsv'
[0.475s] INFO:colcon.colcon_core.shell:Creating environment hook '/home/jeongtae/umv_control/install/lower_controller/share/lower_controller/hook/ament_prefix_path.sh'
[0.475s] INFO:colcon.colcon_core.shell:Skip shell extension 'powershell' for command environment: Not usable outside of PowerShell
[0.475s] DEBUG:colcon.colcon_core.shell:Skip shell extension 'dsv' for command environment
[0.476s] INFO:colcon.colcon_ros.task.ament_cmake.build:Building ROS package in '/home/jeongtae/umv_control/src/mppi' with build type 'ament_cmake'
[0.477s] INFO:colcon.colcon_cmake.task.cmake.build:Building CMake package in '/home/jeongtae/umv_control/src/mppi'
[0.477s] INFO:colcon.colcon_core.shell:Skip shell extension 'powershell' for command environment: Not usable outside of PowerShell
[0.477s] DEBUG:colcon.colcon_core.shell:Skip shell extension 'dsv' for command environment
[0.605s] INFO:colcon.colcon_core.task.python.build:Building Python package in '/home/jeongtae/umv_control/src/host_vehicle_filter'
[0.605s] INFO:colcon.colcon_core.shell:Skip shell extension 'powershell' for command environment: Not usable outside of PowerShell
[0.605s] DEBUG:colcon.colcon_core.shell:Skip shell extension 'dsv' for command environment
[0.734s] INFO:colcon.colcon_core.task.python.build:Building Python package in '/home/jeongtae/umv_control/src/lower_controller'
[0.734s] INFO:colcon.colcon_core.shell:Skip shell extension 'powershell' for command environment: Not usable outside of PowerShell
[0.734s] DEBUG:colcon.colcon_core.shell:Skip shell extension 'dsv' for command environment
[0.738s] DEBUG:colcon.colcon_core.event_handler.log_command:Invoking command in '/home/jeongtae/umv_control/src/motion_planner': PYTHONPATH=/home/jeongtae/umv_control/build/motion_planner/prefix_override:/home/jeongtae/umv_control/install/motion_planner/lib/python3.10/site-packages:${PYTHONPATH} /usr/bin/python3 -W ignore:setup.py install is deprecated setup.py egg_info --egg-base ../../build/motion_planner build --build-base /home/jeongtae/umv_control/build/motion_planner/build install --record /home/jeongtae/umv_control/build/motion_planner/install.log --single-version-externally-managed install_data
[0.739s] DEBUG:colcon.colcon_core.event_handler.log_command:Invoking command in '/home/jeongtae/umv_control/build/mppi': CMAKE_PREFIX_PATH=/home/jeongtae/umv_control/install/umv_msgs:/home/jeongtae/AirSim/ros2/install/airsim_ros_pkgs:/home/jeongtae/AirSim/ros2/install/airsim_interfaces:/home/jeongtae/umv_control/install/mppi:/home/jeongtae/umv_control/install/lower_controller:/home/jeongtae/umv_control/install/host_vehicle_filter:/home/jeongtae/umv_control/install/motion_planner:/opt/ros/humble: LD_LIBRARY_PATH=/home/jeongtae/umv_control/install/umv_msgs/lib:/home/jeongtae/AirSim/ros2/install/airsim_ros_pkgs/lib:/home/jeongtae/AirSim/ros2/install/airsim_interfaces/lib:/opt/ros/humble/opt/rviz_ogre_vendor/lib:/opt/ros/humble/lib/x86_64-linux-gnu:/opt/ros/humble/lib /usr/bin/cmake --build /home/jeongtae/umv_control/build/mppi -- -j24 -l24
[0.771s] DEBUG:colcon.colcon_core.event_handler.log_command:Invoked command in '/home/jeongtae/umv_control/build/mppi' returned '0': CMAKE_PREFIX_PATH=/home/jeongtae/umv_control/install/umv_msgs:/home/jeongtae/AirSim/ros2/install/airsim_ros_pkgs:/home/jeongtae/AirSim/ros2/install/airsim_interfaces:/home/jeongtae/umv_control/install/mppi:/home/jeongtae/umv_control/install/lower_controller:/home/jeongtae/umv_control/install/host_vehicle_filter:/home/jeongtae/umv_control/install/motion_planner:/opt/ros/humble: LD_LIBRARY_PATH=/home/jeongtae/umv_control/install/umv_msgs/lib:/home/jeongtae/AirSim/ros2/install/airsim_ros_pkgs/lib:/home/jeongtae/AirSim/ros2/install/airsim_interfaces/lib:/opt/ros/humble/opt/rviz_ogre_vendor/lib:/opt/ros/humble/lib/x86_64-linux-gnu:/opt/ros/humble/lib /usr/bin/cmake --build /home/jeongtae/umv_control/build/mppi -- -j24 -l24
[0.782s] DEBUG:colcon.colcon_core.event_handler.log_command:Invoking command in '/home/jeongtae/umv_control/build/mppi': CMAKE_PREFIX_PATH=/home/jeongtae/umv_control/install/umv_msgs:/home/jeongtae/AirSim/ros2/install/airsim_ros_pkgs:/home/jeongtae/AirSim/ros2/install/airsim_interfaces:/home/jeongtae/umv_control/install/mppi:/home/jeongtae/umv_control/install/lower_controller:/home/jeongtae/umv_control/install/host_vehicle_filter:/home/jeongtae/umv_control/install/motion_planner:/opt/ros/humble: LD_LIBRARY_PATH=/home/jeongtae/umv_control/install/umv_msgs/lib:/home/jeongtae/AirSim/ros2/install/airsim_ros_pkgs/lib:/home/jeongtae/AirSim/ros2/install/airsim_interfaces/lib:/opt/ros/humble/opt/rviz_ogre_vendor/lib:/opt/ros/humble/lib/x86_64-linux-gnu:/opt/ros/humble/lib /usr/bin/cmake --install /home/jeongtae/umv_control/build/mppi
[0.787s] Level 1:colcon.colcon_core.environment:create_environment_scripts_only(mppi)
[0.787s] Level 1:colcon.colcon_core.environment:checking '/home/jeongtae/umv_control/install/mppi' for CMake module files
[0.787s] DEBUG:colcon.colcon_core.event_handler.log_command:Invoked command in '/home/jeongtae/umv_control/build/mppi' returned '0': CMAKE_PREFIX_PATH=/home/jeongtae/umv_control/install/umv_msgs:/home/jeongtae/AirSim/ros2/install/airsim_ros_pkgs:/home/jeongtae/AirSim/ros2/install/airsim_interfaces:/home/jeongtae/umv_control/install/mppi:/home/jeongtae/umv_control/install/lower_controller:/home/jeongtae/umv_control/install/host_vehicle_filter:/home/jeongtae/umv_control/install/motion_planner:/opt/ros/humble: LD_LIBRARY_PATH=/home/jeongtae/umv_control/install/umv_msgs/lib:/home/jeongtae/AirSim/ros2/install/airsim_ros_pkgs/lib:/home/jeongtae/AirSim/ros2/install/airsim_interfaces/lib:/opt/ros/humble/opt/rviz_ogre_vendor/lib:/opt/ros/humble/lib/x86_64-linux-gnu:/opt/ros/humble/lib /usr/bin/cmake --install /home/jeongtae/umv_control/build/mppi
[0.788s] Level 1:colcon.colcon_core.environment:checking '/home/jeongtae/umv_control/install/mppi' for CMake config files
[0.788s] Level 1:colcon.colcon_core.shell:create_environment_hook('mppi', 'cmake_prefix_path')
[0.788s] INFO:colcon.colcon_core.shell:Creating environment hook '/home/jeongtae/umv_control/install/mppi/share/mppi/hook/cmake_prefix_path.ps1'
[0.788s] INFO:colcon.colcon_core.shell:Creating environment descriptor '/home/jeongtae/umv_control/install/mppi/share/mppi/hook/cmake_prefix_path.dsv'
[0.788s] INFO:colcon.colcon_core.shell:Creating environment hook '/home/jeongtae/umv_control/install/mppi/share/mppi/hook/cmake_prefix_path.sh'
[0.788s] Level 1:colcon.colcon_core.environment:checking '/home/jeongtae/umv_control/install/mppi/lib'
[0.788s] Level 1:colcon.colcon_core.environment:checking '/home/jeongtae/umv_control/install/mppi/bin'
[0.788s] Level 1:colcon.colcon_core.environment:checking '/home/jeongtae/umv_control/install/mppi/lib/pkgconfig/mppi.pc'
[0.788s] Level 1:colcon.colcon_core.environment:checking '/home/jeongtae/umv_control/install/mppi/lib/python3.10/site-packages'
[0.789s] Level 1:colcon.colcon_core.environment:checking '/home/jeongtae/umv_control/install/mppi/bin'
[0.789s] INFO:colcon.colcon_core.shell:Creating package script '/home/jeongtae/umv_control/install/mppi/share/mppi/package.ps1'
[0.789s] INFO:colcon.colcon_core.shell:Creating package descriptor '/home/jeongtae/umv_control/install/mppi/share/mppi/package.dsv'
[0.789s] INFO:colcon.colcon_core.shell:Creating package script '/home/jeongtae/umv_control/install/mppi/share/mppi/package.sh'
[0.789s] INFO:colcon.colcon_core.shell:Creating package script '/home/jeongtae/umv_control/install/mppi/share/mppi/package.bash'
[0.789s] INFO:colcon.colcon_core.shell:Creating package script '/home/jeongtae/umv_control/install/mppi/share/mppi/package.zsh'
[0.789s] Level 1:colcon.colcon_core.environment:create_file_with_runtime_dependencies(/home/jeongtae/umv_control/install/mppi/share/colcon-core/packages/mppi)
[0.801s] Level 1:colcon.colcon_core.environment:create_environment_scripts_only(mppi)
[0.801s] Level 1:colcon.colcon_core.environment:checking '/home/jeongtae/umv_control/install/mppi' for CMake module files
[0.801s] Level 1:colcon.colcon_core.environment:checking '/home/jeongtae/umv_control/install/mppi' for CMake config files
[0.801s] Level 1:colcon.colcon_core.shell:create_environment_hook('mppi', 'cmake_prefix_path')
[0.801s] INFO:colcon.colcon_core.shell:Creating environment hook '/home/jeongtae/umv_control/install/mppi/share/mppi/hook/cmake_prefix_path.ps1'
[0.801s] INFO:colcon.colcon_core.shell:Creating environment descriptor '/home/jeongtae/umv_control/install/mppi/share/mppi/hook/cmake_prefix_path.dsv'
[0.802s] INFO:colcon.colcon_core.shell:Creating environment hook '/home/jeongtae/umv_control/install/mppi/share/mppi/hook/cmake_prefix_path.sh'
[0.802s] Level 1:colcon.colcon_core.environment:checking '/home/jeongtae/umv_control/install/mppi/lib'
[0.802s] Level 1:colcon.colcon_core.environment:checking '/home/jeongtae/umv_control/install/mppi/bin'
[0.802s] Level 1:colcon.colcon_core.environment:checking '/home/jeongtae/umv_control/install/mppi/lib/pkgconfig/mppi.pc'
[0.802s] Level 1:colcon.colcon_core.environment:checking '/home/jeongtae/umv_control/install/mppi/lib/python3.10/site-packages'
[0.802s] Level 1:colcon.colcon_core.environment:checking '/home/jeongtae/umv_control/install/mppi/bin'
[0.802s] INFO:colcon.colcon_core.shell:Creating package script '/home/jeongtae/umv_control/install/mppi/share/mppi/package.ps1'
[0.802s] INFO:colcon.colcon_core.shell:Creating package descriptor '/home/jeongtae/umv_control/install/mppi/share/mppi/package.dsv'
[0.803s] INFO:colcon.colcon_core.shell:Creating package script '/home/jeongtae/umv_control/install/mppi/share/mppi/package.sh'
[0.803s] INFO:colcon.colcon_core.shell:Creating package script '/home/jeongtae/umv_control/install/mppi/share/mppi/package.bash'
[0.803s] INFO:colcon.colcon_core.shell:Creating package script '/home/jeongtae/umv_control/install/mppi/share/mppi/package.zsh'
[0.803s] Level 1:colcon.colcon_core.environment:create_file_with_runtime_dependencies(/home/jeongtae/umv_control/install/mppi/share/colcon-core/packages/mppi)
[0.884s] Level 1:colcon.colcon_core.environment:checking '/home/jeongtae/umv_control/install/motion_planner' for CMake module files
[0.884s] DEBUG:colcon.colcon_core.event_handler.log_command:Invoked command in '/home/jeongtae/umv_control/src/motion_planner' returned '0': PYTHONPATH=/home/jeongtae/umv_control/build/motion_planner/prefix_override:/home/jeongtae/umv_control/install/motion_planner/lib/python3.10/site-packages:${PYTHONPATH} /usr/bin/python3 -W ignore:setup.py install is deprecated setup.py egg_info --egg-base ../../build/motion_planner build --build-base /home/jeongtae/umv_control/build/motion_planner/build install --record /home/jeongtae/umv_control/build/motion_planner/install.log --single-version-externally-managed install_data
[0.884s] Level 1:colcon.colcon_core.environment:checking '/home/jeongtae/umv_control/install/motion_planner' for CMake config files
[0.885s] Level 1:colcon.colcon_core.environment:checking '/home/jeongtae/umv_control/install/motion_planner/lib'
[0.885s] Level 1:colcon.colcon_core.environment:checking '/home/jeongtae/umv_control/install/motion_planner/bin'
[0.885s] Level 1:colcon.colcon_core.environment:checking '/home/jeongtae/umv_control/install/motion_planner/lib/pkgconfig/motion_planner.pc'
[0.885s] Level 1:colcon.colcon_core.environment:checking '/home/jeongtae/umv_control/install/motion_planner/lib/python3.10/site-packages'
[0.885s] Level 1:colcon.colcon_core.shell:create_environment_hook('motion_planner', 'pythonpath')
[0.885s] INFO:colcon.colcon_core.shell:Creating environment hook '/home/jeongtae/umv_control/install/motion_planner/share/motion_planner/hook/pythonpath.ps1'
[0.885s] INFO:colcon.colcon_core.shell:Creating environment descriptor '/home/jeongtae/umv_control/install/motion_planner/share/motion_planner/hook/pythonpath.dsv'
[0.885s] INFO:colcon.colcon_core.shell:Creating environment hook '/home/jeongtae/umv_control/install/motion_planner/share/motion_planner/hook/pythonpath.sh'
[0.886s] Level 1:colcon.colcon_core.environment:checking '/home/jeongtae/umv_control/install/motion_planner/bin'
[0.886s] Level 1:colcon.colcon_core.environment:create_environment_scripts_only(motion_planner)
[0.886s] INFO:colcon.colcon_core.shell:Creating package script '/home/jeongtae/umv_control/install/motion_planner/share/motion_planner/package.ps1'
[0.886s] INFO:colcon.colcon_core.shell:Creating package descriptor '/home/jeongtae/umv_control/install/motion_planner/share/motion_planner/package.dsv'
[0.886s] INFO:colcon.colcon_core.shell:Creating package script '/home/jeongtae/umv_control/install/motion_planner/share/motion_planner/package.sh'
[0.886s] INFO:colcon.colcon_core.shell:Creating package script '/home/jeongtae/umv_control/install/motion_planner/share/motion_planner/package.bash'
[0.886s] INFO:colcon.colcon_core.shell:Creating package script '/home/jeongtae/umv_control/install/motion_planner/share/motion_planner/package.zsh'
[0.886s] Level 1:colcon.colcon_core.environment:create_file_with_runtime_dependencies(/home/jeongtae/umv_control/install/motion_planner/share/colcon-core/packages/motion_planner)
[0.902s] DEBUG:colcon.colcon_core.event_handler.log_command:Invoking command in '/home/jeongtae/umv_control/src/host_vehicle_filter': CMAKE_PREFIX_PATH=/home/jeongtae/umv_control/install/umv_msgs:/home/jeongtae/AirSim/ros2/install/airsim_ros_pkgs:/home/jeongtae/AirSim/ros2/install/airsim_interfaces:/home/jeongtae/umv_control/install/mppi LD_LIBRARY_PATH=/home/jeongtae/umv_control/install/umv_msgs/lib:/home/jeongtae/AirSim/ros2/install/airsim_ros_pkgs/lib:/home/jeongtae/AirSim/ros2/install/airsim_interfaces/lib:/opt/ros/humble/opt/rviz_ogre_vendor/lib:/opt/ros/humble/lib/x86_64-linux-gnu:/opt/ros/humble/lib PYTHONPATH=/home/jeongtae/umv_control/build/host_vehicle_filter/prefix_override:/home/jeongtae/umv_control/install/host_vehicle_filter/lib/python3.10/site-packages:${PYTHONPATH} /usr/bin/python3 -W ignore:setup.py install is deprecated setup.py egg_info --egg-base ../../build/host_vehicle_filter build --build-base /home/jeongtae/umv_control/build/host_vehicle_filter/build install --record /home/jeongtae/umv_control/build/host_vehicle_filter/install.log --single-version-externally-managed install_data
[0.903s] DEBUG:colcon.colcon_core.event_handler.log_command:Invoking command in '/home/jeongtae/umv_control/src/lower_controller': CMAKE_PREFIX_PATH=/home/jeongtae/umv_control/install/umv_msgs:/home/jeongtae/AirSim/ros2/install/airsim_ros_pkgs:/home/jeongtae/AirSim/ros2/install/airsim_interfaces:/home/jeongtae/umv_control/install/mppi LD_LIBRARY_PATH=/home/jeongtae/umv_control/install/umv_msgs/lib:/home/jeongtae/AirSim/ros2/install/airsim_ros_pkgs/lib:/home/jeongtae/AirSim/ros2/install/airsim_interfaces/lib:/opt/ros/humble/opt/rviz_ogre_vendor/lib:/opt/ros/humble/lib/x86_64-linux-gnu:/opt/ros/humble/lib PYTHONPATH=/home/jeongtae/umv_control/build/lower_controller/prefix_override:/home/jeongtae/umv_control/install/lower_controller/lib/python3.10/site-packages:${PYTHONPATH} /usr/bin/python3 -W ignore:setup.py install is deprecated setup.py egg_info --egg-base ../../build/lower_controller build --build-base /home/jeongtae/umv_control/build/lower_controller/build install --record /home/jeongtae/umv_control/build/lower_controller/install.log --single-version-externally-managed install_data
[1.039s] Level 1:colcon.colcon_core.environment:checking '/home/jeongtae/umv_control/install/host_vehicle_filter' for CMake module files
[1.039s] DEBUG:colcon.colcon_core.event_handler.log_command:Invoked command in '/home/jeongtae/umv_control/src/host_vehicle_filter' returned '0': CMAKE_PREFIX_PATH=/home/jeongtae/umv_control/install/umv_msgs:/home/jeongtae/AirSim/ros2/install/airsim_ros_pkgs:/home/jeongtae/AirSim/ros2/install/airsim_interfaces:/home/jeongtae/umv_control/install/mppi LD_LIBRARY_PATH=/home/jeongtae/umv_control/install/umv_msgs/lib:/home/jeongtae/AirSim/ros2/install/airsim_ros_pkgs/lib:/home/jeongtae/AirSim/ros2/install/airsim_interfaces/lib:/opt/ros/humble/opt/rviz_ogre_vendor/lib:/opt/ros/humble/lib/x86_64-linux-gnu:/opt/ros/humble/lib PYTHONPATH=/home/jeongtae/umv_control/build/host_vehicle_filter/prefix_override:/home/jeongtae/umv_control/install/host_vehicle_filter/lib/python3.10/site-packages:${PYTHONPATH} /usr/bin/python3 -W ignore:setup.py install is deprecated setup.py egg_info --egg-base ../../build/host_vehicle_filter build --build-base /home/jeongtae/umv_control/build/host_vehicle_filter/build install --record /home/jeongtae/umv_control/build/host_vehicle_filter/install.log --single-version-externally-managed install_data
[1.039s] Level 1:colcon.colcon_core.environment:checking '/home/jeongtae/umv_control/install/host_vehicle_filter' for CMake config files
[1.039s] Level 1:colcon.colcon_core.environment:checking '/home/jeongtae/umv_control/install/host_vehicle_filter/lib'
[1.039s] Level 1:colcon.colcon_core.environment:checking '/home/jeongtae/umv_control/install/host_vehicle_filter/bin'
[1.039s] Level 1:colcon.colcon_core.environment:checking '/home/jeongtae/umv_control/install/host_vehicle_filter/lib/pkgconfig/host_vehicle_filter.pc'
[1.039s] Level 1:colcon.colcon_core.environment:checking '/home/jeongtae/umv_control/install/host_vehicle_filter/lib/python3.10/site-packages'
[1.039s] Level 1:colcon.colcon_core.shell:create_environment_hook('host_vehicle_filter', 'pythonpath')
[1.039s] INFO:colcon.colcon_core.shell:Creating environment hook '/home/jeongtae/umv_control/install/host_vehicle_filter/share/host_vehicle_filter/hook/pythonpath.ps1'
[1.040s] INFO:colcon.colcon_core.shell:Creating environment descriptor '/home/jeongtae/umv_control/install/host_vehicle_filter/share/host_vehicle_filter/hook/pythonpath.dsv'
[1.040s] INFO:colcon.colcon_core.shell:Creating environment hook '/home/jeongtae/umv_control/install/host_vehicle_filter/share/host_vehicle_filter/hook/pythonpath.sh'
[1.040s] Level 1:colcon.colcon_core.environment:checking '/home/jeongtae/umv_control/install/host_vehicle_filter/bin'
[1.040s] Level 1:colcon.colcon_core.environment:create_environment_scripts_only(host_vehicle_filter)
[1.040s] INFO:colcon.colcon_core.shell:Creating package script '/home/jeongtae/umv_control/install/host_vehicle_filter/share/host_vehicle_filter/package.ps1'
[1.040s] INFO:colcon.colcon_core.shell:Creating package descriptor '/home/jeongtae/umv_control/install/host_vehicle_filter/share/host_vehicle_filter/package.dsv'
[1.041s] INFO:colcon.colcon_core.shell:Creating package script '/home/jeongtae/umv_control/install/host_vehicle_filter/share/host_vehicle_filter/package.sh'
[1.041s] INFO:colcon.colcon_core.shell:Creating package script '/home/jeongtae/umv_control/install/host_vehicle_filter/share/host_vehicle_filter/package.bash'
[1.041s] INFO:colcon.colcon_core.shell:Creating package script '/home/jeongtae/umv_control/install/host_vehicle_filter/share/host_vehicle_filter/package.zsh'
[1.041s] Level 1:colcon.colcon_core.environment:create_file_with_runtime_dependencies(/home/jeongtae/umv_control/install/host_vehicle_filter/share/colcon-core/packages/host_vehicle_filter)
[1.043s] Level 1:colcon.colcon_core.environment:checking '/home/jeongtae/umv_control/install/lower_controller' for CMake module files
[1.043s] DEBUG:colcon.colcon_core.event_handler.log_command:Invoked command in '/home/jeongtae/umv_control/src/lower_controller' returned '0': CMAKE_PREFIX_PATH=/home/jeongtae/umv_control/install/umv_msgs:/home/jeongtae/AirSim/ros2/install/airsim_ros_pkgs:/home/jeongtae/AirSim/ros2/install/airsim_interfaces:/home/jeongtae/umv_control/install/mppi LD_LIBRARY_PATH=/home/jeongtae/umv_control/install/umv_msgs/lib:/home/jeongtae/AirSim/ros2/install/airsim_ros_pkgs/lib:/home/jeongtae/AirSim/ros2/install/airsim_interfaces/lib:/opt/ros/humble/opt/rviz_ogre_vendor/lib:/opt/ros/humble/lib/x86_64-linux-gnu:/opt/ros/humble/lib PYTHONPATH=/home/jeongtae/umv_control/build/lower_controller/prefix_override:/home/jeongtae/umv_control/install/lower_controller/lib/python3.10/site-packages:${PYTHONPATH} /usr/bin/python3 -W ignore:setup.py install is deprecated setup.py egg_info --egg-base ../../build/lower_controller build --build-base /home/jeongtae/umv_control/build/lower_controller/build install --record /home/jeongtae/umv_control/build/lower_controller/install.log --single-version-externally-managed install_data
[1.043s] Level 1:colcon.colcon_core.environment:checking '/home/jeongtae/umv_control/install/lower_controller' for CMake config files
[1.043s] Level 1:colcon.colcon_core.environment:checking '/home/jeongtae/umv_control/install/lower_controller/lib'
[1.043s] Level 1:colcon.colcon_core.environment:checking '/home/jeongtae/umv_control/install/lower_controller/bin'
[1.044s] Level 1:colcon.colcon_core.environment:checking '/home/jeongtae/umv_control/install/lower_controller/lib/pkgconfig/lower_controller.pc'
[1.044s] Level 1:colcon.colcon_core.environment:checking '/home/jeongtae/umv_control/install/lower_controller/lib/python3.10/site-packages'
[1.044s] Level 1:colcon.colcon_core.shell:create_environment_hook('lower_controller', 'pythonpath')
[1.044s] INFO:colcon.colcon_core.shell:Creating environment hook '/home/jeongtae/umv_control/install/lower_controller/share/lower_controller/hook/pythonpath.ps1'
[1.044s] INFO:colcon.colcon_core.shell:Creating environment descriptor '/home/jeongtae/umv_control/install/lower_controller/share/lower_controller/hook/pythonpath.dsv'
[1.044s] INFO:colcon.colcon_core.shell:Creating environment hook '/home/jeongtae/umv_control/install/lower_controller/share/lower_controller/hook/pythonpath.sh'
[1.044s] Level 1:colcon.colcon_core.environment:checking '/home/jeongtae/umv_control/install/lower_controller/bin'
[1.044s] Level 1:colcon.colcon_core.environment:create_environment_scripts_only(lower_controller)
[1.044s] INFO:colcon.colcon_core.shell:Creating package script '/home/jeongtae/umv_control/install/lower_controller/share/lower_controller/package.ps1'
[1.045s] INFO:colcon.colcon_core.shell:Creating package descriptor '/home/jeongtae/umv_control/install/lower_controller/share/lower_controller/package.dsv'
[1.045s] INFO:colcon.colcon_core.shell:Creating package script '/home/jeongtae/umv_control/install/lower_controller/share/lower_controller/package.sh'
[1.045s] INFO:colcon.colcon_core.shell:Creating package script '/home/jeongtae/umv_control/install/lower_controller/share/lower_controller/package.bash'
[1.045s] INFO:colcon.colcon_core.shell:Creating package script '/home/jeongtae/umv_control/install/lower_controller/share/lower_controller/package.zsh'
[1.045s] Level 1:colcon.colcon_core.environment:create_file_with_runtime_dependencies(/home/jeongtae/umv_control/install/lower_controller/share/colcon-core/packages/lower_controller)
[1.045s] DEBUG:colcon.colcon_parallel_executor.executor.parallel:closing loop
[1.045s] DEBUG:colcon.colcon_parallel_executor.executor.parallel:loop closed
[1.045s] DEBUG:colcon.colcon_parallel_executor.executor.parallel:run_until_complete finished with '0'
[1.045s] DEBUG:colcon.colcon_core.event_reactor:joining thread
[1.048s] INFO:colcon.colcon_core.plugin_system:Skipping extension 'colcon_notification.desktop_notification.terminal_notifier': Not used on non-Darwin systems
[1.048s] INFO:colcon.colcon_core.plugin_system:Skipping extension 'colcon_notification.desktop_notification.win32': Not used on non-Windows systems
[1.048s] INFO:colcon.colcon_notification.desktop_notification:Sending desktop notification using 'notify2'
[1.053s] DEBUG:colcon.colcon_core.event_reactor:joined thread
[1.053s] INFO:colcon.colcon_core.shell:Creating prefix script '/home/jeongtae/umv_control/install/local_setup.ps1'
[1.054s] INFO:colcon.colcon_core.shell:Creating prefix util module '/home/jeongtae/umv_control/install/_local_setup_util_ps1.py'
[1.054s] INFO:colcon.colcon_core.shell:Creating prefix chain script '/home/jeongtae/umv_control/install/setup.ps1'
[1.055s] INFO:colcon.colcon_core.shell:Creating prefix script '/home/jeongtae/umv_control/install/local_setup.sh'
[1.055s] INFO:colcon.colcon_core.shell:Creating prefix util module '/home/jeongtae/umv_control/install/_local_setup_util_sh.py'
[1.055s] INFO:colcon.colcon_core.shell:Creating prefix chain script '/home/jeongtae/umv_control/install/setup.sh'
[1.056s] INFO:colcon.colcon_core.shell:Creating prefix script '/home/jeongtae/umv_control/install/local_setup.bash'
[1.056s] INFO:colcon.colcon_core.shell:Creating prefix chain script '/home/jeongtae/umv_control/install/setup.bash'
[1.056s] INFO:colcon.colcon_core.shell:Creating prefix script '/home/jeongtae/umv_control/install/local_setup.zsh'
[1.056s] INFO:colcon.colcon_core.shell:Creating prefix chain script '/home/jeongtae/umv_control/install/setup.zsh'
