[0.302s] Invoking command in '/home/jeongtae/umv_control/src/motion_planner': PYTHONPATH=/home/jeongtae/umv_control/build/motion_planner/prefix_override:/home/jeongtae/umv_control/install/motion_planner/lib/python3.10/site-packages:${PYTHONPATH} /usr/bin/python3 -W ignore:setup.py install is deprecated setup.py egg_info --egg-base ../../build/motion_planner build --build-base /home/jeongtae/umv_control/build/motion_planner/build install --record /home/jeongtae/umv_control/build/motion_planner/install.log --single-version-externally-managed install_data
[0.417s] running egg_info
[0.418s] creating ../../build/motion_planner/motion_planner.egg-info
[0.418s] writing ../../build/motion_planner/motion_planner.egg-info/PKG-INFO
[0.418s] writing dependency_links to ../../build/motion_planner/motion_planner.egg-info/dependency_links.txt
[0.418s] writing entry points to ../../build/motion_planner/motion_planner.egg-info/entry_points.txt
[0.418s] writing requirements to ../../build/motion_planner/motion_planner.egg-info/requires.txt
[0.418s] writing top-level names to ../../build/motion_planner/motion_planner.egg-info/top_level.txt
[0.418s] writing manifest file '../../build/motion_planner/motion_planner.egg-info/SOURCES.txt'
[0.419s] reading manifest file '../../build/motion_planner/motion_planner.egg-info/SOURCES.txt'
[0.419s] adding license file 'LICENSE'
[0.419s] writing manifest file '../../build/motion_planner/motion_planner.egg-info/SOURCES.txt'
[0.419s] running build
[0.419s] running build_py
[0.419s] creating /home/jeongtae/umv_control/build/motion_planner/build
[0.419s] creating /home/jeongtae/umv_control/build/motion_planner/build/lib
[0.419s] creating /home/jeongtae/umv_control/build/motion_planner/build/lib/motion_planner
[0.419s] copying motion_planner/motion_planner_node.py -> /home/jeongtae/umv_control/build/motion_planner/build/lib/motion_planner
[0.419s] copying motion_planner/__init__.py -> /home/jeongtae/umv_control/build/motion_planner/build/lib/motion_planner
[0.419s] running install
[0.420s] running install_lib
[0.420s] creating /home/jeongtae/umv_control/install/motion_planner/lib/python3.10/site-packages/motion_planner
[0.420s] copying /home/jeongtae/umv_control/build/motion_planner/build/lib/motion_planner/motion_planner_node.py -> /home/jeongtae/umv_control/install/motion_planner/lib/python3.10/site-packages/motion_planner
[0.420s] copying /home/jeongtae/umv_control/build/motion_planner/build/lib/motion_planner/__init__.py -> /home/jeongtae/umv_control/install/motion_planner/lib/python3.10/site-packages/motion_planner
[0.421s] byte-compiling /home/jeongtae/umv_control/install/motion_planner/lib/python3.10/site-packages/motion_planner/motion_planner_node.py to motion_planner_node.cpython-310.pyc
[0.422s] byte-compiling /home/jeongtae/umv_control/install/motion_planner/lib/python3.10/site-packages/motion_planner/__init__.py to __init__.cpython-310.pyc
[0.422s] running install_data
[0.422s] creating /home/jeongtae/umv_control/install/motion_planner/share/ament_index
[0.422s] creating /home/jeongtae/umv_control/install/motion_planner/share/ament_index/resource_index
[0.422s] creating /home/jeongtae/umv_control/install/motion_planner/share/ament_index/resource_index/packages
[0.422s] copying resource/motion_planner -> /home/jeongtae/umv_control/install/motion_planner/share/ament_index/resource_index/packages
[0.422s] copying package.xml -> /home/jeongtae/umv_control/install/motion_planner/share/motion_planner
[0.422s] running install_egg_info
[0.423s] Copying ../../build/motion_planner/motion_planner.egg-info to /home/jeongtae/umv_control/install/motion_planner/lib/python3.10/site-packages/motion_planner-0.0.0-py3.10.egg-info
[0.423s] running install_scripts
[0.433s] Installing motion_planner_node script to /home/jeongtae/umv_control/install/motion_planner/lib/motion_planner
[0.433s] writing list of installed files to '/home/jeongtae/umv_control/build/motion_planner/install.log'
[0.445s] Invoked command in '/home/jeongtae/umv_control/src/motion_planner' returned '0': PYTHONPATH=/home/jeongtae/umv_control/build/motion_planner/prefix_override:/home/jeongtae/umv_control/install/motion_planner/lib/python3.10/site-packages:${PYTHONPATH} /usr/bin/python3 -W ignore:setup.py install is deprecated setup.py egg_info --egg-base ../../build/motion_planner build --build-base /home/jeongtae/umv_control/build/motion_planner/build install --record /home/jeongtae/umv_control/build/motion_planner/install.log --single-version-externally-managed install_data
