[0.264s] Invoking command in '/home/jeongtae/umv_control/build/mppi': CMAKE_PREFIX_PATH=/home/jeongtae/umv_control/install/umv_msgs:/home/jeongtae/AirSim/ros2/install/airsim_ros_pkgs:/home/jeongtae/AirSim/ros2/install/airsim_interfaces:/home/jeongtae/umv_control/install/mppi:/home/jeongtae/umv_control/install/airsim_controller:/home/jeongtae/umv_control/install/lower_controller:/home/jeongtae/umv_control/install/host_vehicle_filter:/home/jeongtae/umv_control/install/motion_planner:/opt/ros/humble LD_LIBRARY_PATH=/home/jeongtae/umv_control/install/umv_msgs/lib:/home/jeongtae/AirSim/ros2/install/airsim_ros_pkgs/lib:/home/jeongtae/AirSim/ros2/install/airsim_interfaces/lib:/opt/ros/humble/opt/rviz_ogre_vendor/lib:/opt/ros/humble/lib/x86_64-linux-gnu:/opt/ros/humble/lib /usr/bin/cmake /home/jeongtae/umv_control/src/mppi -DCMAKE_INSTALL_PREFIX=/home/jeongtae/umv_control/install/mppi
[0.291s] -- The C compiler identification is GNU 11.4.0
[0.319s] -- The CXX compiler identification is GNU 11.4.0
[0.323s] -- Detecting C compiler ABI info
[0.357s] -- Detecting C compiler ABI info - done
[0.362s] -- Check for working C compiler: /usr/bin/cc - skipped
[0.362s] -- Detecting C compile features
[0.363s] -- Detecting C compile features - done
[0.364s] -- Detecting CXX compiler ABI info
[0.405s] -- Detecting CXX compiler ABI info - done
[0.409s] -- Check for working CXX compiler: /usr/bin/c++ - skipped
[0.409s] -- Detecting CXX compile features
[0.410s] -- Detecting CXX compile features - done
[0.411s] -- Found ament_cmake: 1.3.8 (/opt/ros/humble/share/ament_cmake/cmake)
[0.497s] -- Found Python3: /usr/bin/python3 (found version "3.10.12") found components: Interpreter 
[0.545s] -- Found rclcpp: 16.0.8 (/opt/ros/humble/share/rclcpp/cmake)
[0.568s] -- Found rosidl_generator_c: 3.1.5 (/opt/ros/humble/share/rosidl_generator_c/cmake)
[0.570s] -- Found rosidl_adapter: 3.1.5 (/opt/ros/humble/share/rosidl_adapter/cmake)
[0.575s] -- Found rosidl_generator_cpp: 3.1.5 (/opt/ros/humble/share/rosidl_generator_cpp/cmake)
[0.582s] -- Using all available rosidl_typesupport_c: rosidl_typesupport_fastrtps_c;rosidl_typesupport_introspection_c
[0.593s] -- Using all available rosidl_typesupport_cpp: rosidl_typesupport_fastrtps_cpp;rosidl_typesupport_introspection_cpp
[0.631s] -- Found rmw_implementation_cmake: 6.1.1 (/opt/ros/humble/share/rmw_implementation_cmake/cmake)
[0.633s] -- Found rmw_fastrtps_cpp: 6.2.6 (/opt/ros/humble/share/rmw_fastrtps_cpp/cmake)
[0.681s] -- Found OpenSSL: /usr/lib/x86_64-linux-gnu/libcrypto.so (found version "3.0.2")  
[0.694s] -- Found FastRTPS: /opt/ros/humble/include  
[0.721s] -- Using RMW implementation 'rmw_fastrtps_cpp' as default
[0.726s] -- Looking for pthread.h
[0.762s] -- Looking for pthread.h - found
[0.762s] -- Performing Test CMAKE_HAVE_LIBC_PTHREAD
[0.800s] -- Performing Test CMAKE_HAVE_LIBC_PTHREAD - Success
[0.801s] -- Found Threads: TRUE  
[0.893s] -- Found umv_msgs: 0.0.0 (/home/jeongtae/umv_control/install/umv_msgs/share/umv_msgs/cmake)
[1.088s] -- Found ament_lint_auto: 0.12.10 (/opt/ros/humble/share/ament_lint_auto/cmake)
[1.138s] -- Added test 'cppcheck' to perform static code analysis on C / C++ code
[1.138s] -- Configured cppcheck include dirs: /home/jeongtae/umv_control/src/mppi/include
[1.138s] -- Configured cppcheck exclude dirs and/or files: 
[1.139s] -- Added test 'flake8' to check Python code syntax and style conventions
[1.141s] -- Added test 'lint_cmake' to check CMake code style
[1.142s] -- Added test 'pep257' to check Python code against some of the docstring style conventions in PEP 257
[1.149s] -- Added test 'uncrustify' to check C / C++ code style
[1.149s] -- Configured uncrustify additional arguments: 
[1.150s] -- Added test 'xmllint' to check XML markup files
[1.151s] -- Configuring done
[1.156s] -- Generating done
[1.157s] -- Build files have been written to: /home/jeongtae/umv_control/build/mppi
[1.162s] Invoked command in '/home/jeongtae/umv_control/build/mppi' returned '0': CMAKE_PREFIX_PATH=/home/jeongtae/umv_control/install/umv_msgs:/home/jeongtae/AirSim/ros2/install/airsim_ros_pkgs:/home/jeongtae/AirSim/ros2/install/airsim_interfaces:/home/jeongtae/umv_control/install/mppi:/home/jeongtae/umv_control/install/airsim_controller:/home/jeongtae/umv_control/install/lower_controller:/home/jeongtae/umv_control/install/host_vehicle_filter:/home/jeongtae/umv_control/install/motion_planner:/opt/ros/humble LD_LIBRARY_PATH=/home/jeongtae/umv_control/install/umv_msgs/lib:/home/jeongtae/AirSim/ros2/install/airsim_ros_pkgs/lib:/home/jeongtae/AirSim/ros2/install/airsim_interfaces/lib:/opt/ros/humble/opt/rviz_ogre_vendor/lib:/opt/ros/humble/lib/x86_64-linux-gnu:/opt/ros/humble/lib /usr/bin/cmake /home/jeongtae/umv_control/src/mppi -DCMAKE_INSTALL_PREFIX=/home/jeongtae/umv_control/install/mppi
[1.162s] Invoking command in '/home/jeongtae/umv_control/build/mppi': CMAKE_PREFIX_PATH=/home/jeongtae/umv_control/install/umv_msgs:/home/jeongtae/AirSim/ros2/install/airsim_ros_pkgs:/home/jeongtae/AirSim/ros2/install/airsim_interfaces:/home/jeongtae/umv_control/install/mppi:/home/jeongtae/umv_control/install/airsim_controller:/home/jeongtae/umv_control/install/lower_controller:/home/jeongtae/umv_control/install/host_vehicle_filter:/home/jeongtae/umv_control/install/motion_planner:/opt/ros/humble LD_LIBRARY_PATH=/home/jeongtae/umv_control/install/umv_msgs/lib:/home/jeongtae/AirSim/ros2/install/airsim_ros_pkgs/lib:/home/jeongtae/AirSim/ros2/install/airsim_interfaces/lib:/opt/ros/humble/opt/rviz_ogre_vendor/lib:/opt/ros/humble/lib/x86_64-linux-gnu:/opt/ros/humble/lib /usr/bin/cmake --build /home/jeongtae/umv_control/build/mppi -- -j24 -l24
[1.188s] [ 50%] [32mBuilding CXX object CMakeFiles/mppi_node.dir/src/mppi.cpp.o[0m
[6.594s] [100%] [32m[1mLinking CXX executable mppi_node[0m
[6.904s] [100%] Built target mppi_node
[6.914s] Invoked command in '/home/jeongtae/umv_control/build/mppi' returned '0': CMAKE_PREFIX_PATH=/home/jeongtae/umv_control/install/umv_msgs:/home/jeongtae/AirSim/ros2/install/airsim_ros_pkgs:/home/jeongtae/AirSim/ros2/install/airsim_interfaces:/home/jeongtae/umv_control/install/mppi:/home/jeongtae/umv_control/install/airsim_controller:/home/jeongtae/umv_control/install/lower_controller:/home/jeongtae/umv_control/install/host_vehicle_filter:/home/jeongtae/umv_control/install/motion_planner:/opt/ros/humble LD_LIBRARY_PATH=/home/jeongtae/umv_control/install/umv_msgs/lib:/home/jeongtae/AirSim/ros2/install/airsim_ros_pkgs/lib:/home/jeongtae/AirSim/ros2/install/airsim_interfaces/lib:/opt/ros/humble/opt/rviz_ogre_vendor/lib:/opt/ros/humble/lib/x86_64-linux-gnu:/opt/ros/humble/lib /usr/bin/cmake --build /home/jeongtae/umv_control/build/mppi -- -j24 -l24
[6.926s] Invoking command in '/home/jeongtae/umv_control/build/mppi': CMAKE_PREFIX_PATH=/home/jeongtae/umv_control/install/umv_msgs:/home/jeongtae/AirSim/ros2/install/airsim_ros_pkgs:/home/jeongtae/AirSim/ros2/install/airsim_interfaces:/home/jeongtae/umv_control/install/mppi:/home/jeongtae/umv_control/install/airsim_controller:/home/jeongtae/umv_control/install/lower_controller:/home/jeongtae/umv_control/install/host_vehicle_filter:/home/jeongtae/umv_control/install/motion_planner:/opt/ros/humble LD_LIBRARY_PATH=/home/jeongtae/umv_control/install/umv_msgs/lib:/home/jeongtae/AirSim/ros2/install/airsim_ros_pkgs/lib:/home/jeongtae/AirSim/ros2/install/airsim_interfaces/lib:/opt/ros/humble/opt/rviz_ogre_vendor/lib:/opt/ros/humble/lib/x86_64-linux-gnu:/opt/ros/humble/lib /usr/bin/cmake --install /home/jeongtae/umv_control/build/mppi
[6.931s] -- Install configuration: ""
[6.931s] -- Installing: /home/jeongtae/umv_control/install/mppi/include/mppi
[6.931s] -- Installing: /home/jeongtae/umv_control/install/mppi/lib/mppi/mppi_node
[6.936s] -- Set runtime path of "/home/jeongtae/umv_control/install/mppi/lib/mppi/mppi_node" to ""
[6.936s] -- Installing: /home/jeongtae/umv_control/install/mppi/share/ament_index/resource_index/package_run_dependencies/mppi
[6.936s] -- Installing: /home/jeongtae/umv_control/install/mppi/share/ament_index/resource_index/parent_prefix_path/mppi
[6.936s] -- Installing: /home/jeongtae/umv_control/install/mppi/share/mppi/environment/ament_prefix_path.sh
[6.936s] -- Installing: /home/jeongtae/umv_control/install/mppi/share/mppi/environment/ament_prefix_path.dsv
[6.936s] -- Installing: /home/jeongtae/umv_control/install/mppi/share/mppi/environment/path.sh
[6.936s] -- Installing: /home/jeongtae/umv_control/install/mppi/share/mppi/environment/path.dsv
[6.936s] -- Installing: /home/jeongtae/umv_control/install/mppi/share/mppi/local_setup.bash
[6.936s] -- Installing: /home/jeongtae/umv_control/install/mppi/share/mppi/local_setup.sh
[6.936s] -- Installing: /home/jeongtae/umv_control/install/mppi/share/mppi/local_setup.zsh
[6.937s] -- Installing: /home/jeongtae/umv_control/install/mppi/share/mppi/local_setup.dsv
[6.937s] -- Installing: /home/jeongtae/umv_control/install/mppi/share/mppi/package.dsv
[6.937s] -- Installing: /home/jeongtae/umv_control/install/mppi/share/ament_index/resource_index/packages/mppi
[6.937s] -- Installing: /home/jeongtae/umv_control/install/mppi/share/mppi/cmake/mppiConfig.cmake
[6.937s] -- Installing: /home/jeongtae/umv_control/install/mppi/share/mppi/cmake/mppiConfig-version.cmake
[6.937s] -- Installing: /home/jeongtae/umv_control/install/mppi/share/mppi/package.xml
[6.938s] Invoked command in '/home/jeongtae/umv_control/build/mppi' returned '0': CMAKE_PREFIX_PATH=/home/jeongtae/umv_control/install/umv_msgs:/home/jeongtae/AirSim/ros2/install/airsim_ros_pkgs:/home/jeongtae/AirSim/ros2/install/airsim_interfaces:/home/jeongtae/umv_control/install/mppi:/home/jeongtae/umv_control/install/airsim_controller:/home/jeongtae/umv_control/install/lower_controller:/home/jeongtae/umv_control/install/host_vehicle_filter:/home/jeongtae/umv_control/install/motion_planner:/opt/ros/humble LD_LIBRARY_PATH=/home/jeongtae/umv_control/install/umv_msgs/lib:/home/jeongtae/AirSim/ros2/install/airsim_ros_pkgs/lib:/home/jeongtae/AirSim/ros2/install/airsim_interfaces/lib:/opt/ros/humble/opt/rviz_ogre_vendor/lib:/opt/ros/humble/lib/x86_64-linux-gnu:/opt/ros/humble/lib /usr/bin/cmake --install /home/jeongtae/umv_control/build/mppi
