[35m[1mConsolidate compiler generated dependencies of target umv_msgs__rosidl_generator_c[0m
[  1%] Built target umv_msgs__cpp
[ 12%] Built target umv_msgs__rosidl_generator_c
[ 12%] Built target ament_cmake_python_copy_umv_msgs
[35m[1mConsolidate compiler generated dependencies of target umv_msgs__rosidl_typesupport_cpp[0m
[35m[1mConsolidate compiler generated dependencies of target umv_msgs__rosidl_typesupport_introspection_cpp[0m
[35m[1mConsolidate compiler generated dependencies of target umv_msgs__rosidl_typesupport_fastrtps_cpp[0m
[35m[1mConsolidate compiler generated dependencies of target umv_msgs__rosidl_typesupport_fastrtps_c[0m
[35m[1mConsolidate compiler generated dependencies of target umv_msgs__rosidl_typesupport_introspection_c[0m
[35m[1mConsolidate compiler generated dependencies of target umv_msgs__rosidl_typesupport_c[0m
[ 45%] Built target umv_msgs__rosidl_typesupport_cpp
[ 45%] Built target umv_msgs__rosidl_typesupport_introspection_cpp
[ 45%] Built target umv_msgs__rosidl_typesupport_c
[ 56%] Built target umv_msgs__rosidl_typesupport_fastrtps_cpp
[ 67%] Built target umv_msgs__rosidl_typesupport_fastrtps_c
[ 78%] Built target umv_msgs__rosidl_typesupport_introspection_c
[ 78%] Built target umv_msgs
[ 80%] Built target umv_msgs__py
[35m[1mConsolidate compiler generated dependencies of target umv_msgs__rosidl_generator_py[0m
[ 89%] Built target umv_msgs__rosidl_generator_py
[35m[1mConsolidate compiler generated dependencies of target umv_msgs__rosidl_typesupport_introspection_c__pyext[0m
[35m[1mConsolidate compiler generated dependencies of target umv_msgs__rosidl_typesupport_c__pyext[0m
[35m[1mConsolidate compiler generated dependencies of target umv_msgs__rosidl_typesupport_fastrtps_c__pyext[0m
[100%] Built target umv_msgs__rosidl_typesupport_fastrtps_c__pyext
[100%] Built target umv_msgs__rosidl_typesupport_c__pyext
[100%] Built target umv_msgs__rosidl_typesupport_introspection_c__pyext
running egg_info
writing umv_msgs.egg-info/PKG-INFO
writing dependency_links to umv_msgs.egg-info/dependency_links.txt
writing top-level names to umv_msgs.egg-info/top_level.txt
reading manifest file 'umv_msgs.egg-info/SOURCES.txt'
writing manifest file 'umv_msgs.egg-info/SOURCES.txt'
[100%] Built target ament_cmake_python_build_umv_msgs_egg
-- Install configuration: ""
-- Up-to-date: /home/jeongtae/umv_control/install/umv_msgs/share/ament_index/resource_index/rosidl_interfaces/umv_msgs
-- Up-to-date: /home/jeongtae/umv_control/install/umv_msgs/include/umv_msgs/umv_msgs
-- Up-to-date: /home/jeongtae/umv_control/install/umv_msgs/include/umv_msgs/umv_msgs/msg
-- Up-to-date: /home/jeongtae/umv_control/install/umv_msgs/include/umv_msgs/umv_msgs/msg/rosidl_generator_c__visibility_control.h
-- Up-to-date: /home/jeongtae/umv_control/install/umv_msgs/include/umv_msgs/umv_msgs/msg/detail
-- Up-to-date: /home/jeongtae/umv_control/install/umv_msgs/include/umv_msgs/umv_msgs/msg/detail/acu_cmd__functions.c
-- Up-to-date: /home/jeongtae/umv_control/install/umv_msgs/include/umv_msgs/umv_msgs/msg/detail/global_path__struct.h
-- Up-to-date: /home/jeongtae/umv_control/install/umv_msgs/include/umv_msgs/umv_msgs/msg/detail/local_ref_path__functions.h
-- Up-to-date: /home/jeongtae/umv_control/install/umv_msgs/include/umv_msgs/umv_msgs/msg/detail/host_vehicle_filter__functions.h
-- Up-to-date: /home/jeongtae/umv_control/install/umv_msgs/include/umv_msgs/umv_msgs/msg/detail/host_vehicle_filter__struct.h
-- Up-to-date: /home/jeongtae/umv_control/install/umv_msgs/include/umv_msgs/umv_msgs/msg/detail/acu_cmd__struct.h
-- Up-to-date: /home/jeongtae/umv_control/install/umv_msgs/include/umv_msgs/umv_msgs/msg/detail/acu_cmd__functions.h
-- Up-to-date: /home/jeongtae/umv_control/install/umv_msgs/include/umv_msgs/umv_msgs/msg/detail/host_vehicle_filter__type_support.h
-- Up-to-date: /home/jeongtae/umv_control/install/umv_msgs/include/umv_msgs/umv_msgs/msg/detail/global_path__type_support.h
-- Up-to-date: /home/jeongtae/umv_control/install/umv_msgs/include/umv_msgs/umv_msgs/msg/detail/global_path__functions.c
-- Up-to-date: /home/jeongtae/umv_control/install/umv_msgs/include/umv_msgs/umv_msgs/msg/detail/local_ref_path__struct.h
-- Up-to-date: /home/jeongtae/umv_control/install/umv_msgs/include/umv_msgs/umv_msgs/msg/detail/local_ref_path__functions.c
-- Up-to-date: /home/jeongtae/umv_control/install/umv_msgs/include/umv_msgs/umv_msgs/msg/detail/host_vehicle_filter__functions.c
-- Up-to-date: /home/jeongtae/umv_control/install/umv_msgs/include/umv_msgs/umv_msgs/msg/detail/acu_cmd__type_support.h
-- Up-to-date: /home/jeongtae/umv_control/install/umv_msgs/include/umv_msgs/umv_msgs/msg/detail/global_path__functions.h
-- Up-to-date: /home/jeongtae/umv_control/install/umv_msgs/include/umv_msgs/umv_msgs/msg/detail/local_ref_path__type_support.h
-- Up-to-date: /home/jeongtae/umv_control/install/umv_msgs/include/umv_msgs/umv_msgs/msg/local_ref_path.h
-- Up-to-date: /home/jeongtae/umv_control/install/umv_msgs/include/umv_msgs/umv_msgs/msg/global_path.h
-- Up-to-date: /home/jeongtae/umv_control/install/umv_msgs/include/umv_msgs/umv_msgs/msg/acu_cmd.h
-- Up-to-date: /home/jeongtae/umv_control/install/umv_msgs/include/umv_msgs/umv_msgs/msg/host_vehicle_filter.h
-- Up-to-date: /home/jeongtae/umv_control/install/umv_msgs/share/umv_msgs/environment/library_path.sh
-- Up-to-date: /home/jeongtae/umv_control/install/umv_msgs/share/umv_msgs/environment/library_path.dsv
-- Up-to-date: /home/jeongtae/umv_control/install/umv_msgs/lib/libumv_msgs__rosidl_generator_c.so
-- Up-to-date: /home/jeongtae/umv_control/install/umv_msgs/include/umv_msgs/umv_msgs
-- Up-to-date: /home/jeongtae/umv_control/install/umv_msgs/include/umv_msgs/umv_msgs/msg
-- Up-to-date: /home/jeongtae/umv_control/install/umv_msgs/include/umv_msgs/umv_msgs/msg/detail
-- Up-to-date: /home/jeongtae/umv_control/install/umv_msgs/include/umv_msgs/umv_msgs/msg/detail/local_ref_path__rosidl_typesupport_fastrtps_c.h
-- Up-to-date: /home/jeongtae/umv_control/install/umv_msgs/include/umv_msgs/umv_msgs/msg/detail/acu_cmd__rosidl_typesupport_fastrtps_c.h
-- Up-to-date: /home/jeongtae/umv_control/install/umv_msgs/include/umv_msgs/umv_msgs/msg/detail/host_vehicle_filter__rosidl_typesupport_fastrtps_c.h
-- Up-to-date: /home/jeongtae/umv_control/install/umv_msgs/include/umv_msgs/umv_msgs/msg/detail/global_path__rosidl_typesupport_fastrtps_c.h
-- Up-to-date: /home/jeongtae/umv_control/install/umv_msgs/include/umv_msgs/umv_msgs/msg/rosidl_typesupport_fastrtps_c__visibility_control.h
-- Up-to-date: /home/jeongtae/umv_control/install/umv_msgs/lib/libumv_msgs__rosidl_typesupport_fastrtps_c.so
-- Up-to-date: /home/jeongtae/umv_control/install/umv_msgs/include/umv_msgs/umv_msgs
-- Up-to-date: /home/jeongtae/umv_control/install/umv_msgs/include/umv_msgs/umv_msgs/msg
-- Up-to-date: /home/jeongtae/umv_control/install/umv_msgs/include/umv_msgs/umv_msgs/msg/rosidl_typesupport_introspection_c__visibility_control.h
-- Up-to-date: /home/jeongtae/umv_control/install/umv_msgs/include/umv_msgs/umv_msgs/msg/detail
-- Up-to-date: /home/jeongtae/umv_control/install/umv_msgs/include/umv_msgs/umv_msgs/msg/detail/host_vehicle_filter__rosidl_typesupport_introspection_c.h
-- Up-to-date: /home/jeongtae/umv_control/install/umv_msgs/include/umv_msgs/umv_msgs/msg/detail/global_path__type_support.c
-- Up-to-date: /home/jeongtae/umv_control/install/umv_msgs/include/umv_msgs/umv_msgs/msg/detail/local_ref_path__rosidl_typesupport_introspection_c.h
-- Up-to-date: /home/jeongtae/umv_control/install/umv_msgs/include/umv_msgs/umv_msgs/msg/detail/acu_cmd__rosidl_typesupport_introspection_c.h
-- Up-to-date: /home/jeongtae/umv_control/install/umv_msgs/include/umv_msgs/umv_msgs/msg/detail/host_vehicle_filter__type_support.c
-- Up-to-date: /home/jeongtae/umv_control/install/umv_msgs/include/umv_msgs/umv_msgs/msg/detail/global_path__rosidl_typesupport_introspection_c.h
-- Up-to-date: /home/jeongtae/umv_control/install/umv_msgs/include/umv_msgs/umv_msgs/msg/detail/local_ref_path__type_support.c
-- Up-to-date: /home/jeongtae/umv_control/install/umv_msgs/include/umv_msgs/umv_msgs/msg/detail/acu_cmd__type_support.c
-- Up-to-date: /home/jeongtae/umv_control/install/umv_msgs/lib/libumv_msgs__rosidl_typesupport_introspection_c.so
-- Up-to-date: /home/jeongtae/umv_control/install/umv_msgs/lib/libumv_msgs__rosidl_typesupport_c.so
-- Up-to-date: /home/jeongtae/umv_control/install/umv_msgs/include/umv_msgs/umv_msgs
-- Up-to-date: /home/jeongtae/umv_control/install/umv_msgs/include/umv_msgs/umv_msgs/msg
-- Up-to-date: /home/jeongtae/umv_control/install/umv_msgs/include/umv_msgs/umv_msgs/msg/local_ref_path.hpp
-- Up-to-date: /home/jeongtae/umv_control/install/umv_msgs/include/umv_msgs/umv_msgs/msg/acu_cmd.hpp
-- Up-to-date: /home/jeongtae/umv_control/install/umv_msgs/include/umv_msgs/umv_msgs/msg/host_vehicle_filter.hpp
-- Up-to-date: /home/jeongtae/umv_control/install/umv_msgs/include/umv_msgs/umv_msgs/msg/detail
-- Up-to-date: /home/jeongtae/umv_control/install/umv_msgs/include/umv_msgs/umv_msgs/msg/detail/acu_cmd__struct.hpp
-- Up-to-date: /home/jeongtae/umv_control/install/umv_msgs/include/umv_msgs/umv_msgs/msg/detail/local_ref_path__builder.hpp
-- Up-to-date: /home/jeongtae/umv_control/install/umv_msgs/include/umv_msgs/umv_msgs/msg/detail/host_vehicle_filter__traits.hpp
-- Up-to-date: /home/jeongtae/umv_control/install/umv_msgs/include/umv_msgs/umv_msgs/msg/detail/global_path__traits.hpp
-- Up-to-date: /home/jeongtae/umv_control/install/umv_msgs/include/umv_msgs/umv_msgs/msg/detail/global_path__struct.hpp
-- Up-to-date: /home/jeongtae/umv_control/install/umv_msgs/include/umv_msgs/umv_msgs/msg/detail/local_ref_path__struct.hpp
-- Up-to-date: /home/jeongtae/umv_control/install/umv_msgs/include/umv_msgs/umv_msgs/msg/detail/acu_cmd__traits.hpp
-- Up-to-date: /home/jeongtae/umv_control/install/umv_msgs/include/umv_msgs/umv_msgs/msg/detail/acu_cmd__builder.hpp
-- Up-to-date: /home/jeongtae/umv_control/install/umv_msgs/include/umv_msgs/umv_msgs/msg/detail/local_ref_path__traits.hpp
-- Up-to-date: /home/jeongtae/umv_control/install/umv_msgs/include/umv_msgs/umv_msgs/msg/detail/global_path__builder.hpp
-- Up-to-date: /home/jeongtae/umv_control/install/umv_msgs/include/umv_msgs/umv_msgs/msg/detail/host_vehicle_filter__struct.hpp
-- Up-to-date: /home/jeongtae/umv_control/install/umv_msgs/include/umv_msgs/umv_msgs/msg/detail/host_vehicle_filter__builder.hpp
-- Up-to-date: /home/jeongtae/umv_control/install/umv_msgs/include/umv_msgs/umv_msgs/msg/global_path.hpp
-- Up-to-date: /home/jeongtae/umv_control/install/umv_msgs/include/umv_msgs/umv_msgs
-- Up-to-date: /home/jeongtae/umv_control/install/umv_msgs/include/umv_msgs/umv_msgs/msg
-- Up-to-date: /home/jeongtae/umv_control/install/umv_msgs/include/umv_msgs/umv_msgs/msg/detail
-- Up-to-date: /home/jeongtae/umv_control/install/umv_msgs/include/umv_msgs/umv_msgs/msg/detail/host_vehicle_filter__rosidl_typesupport_fastrtps_cpp.hpp
-- Up-to-date: /home/jeongtae/umv_control/install/umv_msgs/include/umv_msgs/umv_msgs/msg/detail/global_path__rosidl_typesupport_fastrtps_cpp.hpp
-- Up-to-date: /home/jeongtae/umv_control/install/umv_msgs/include/umv_msgs/umv_msgs/msg/detail/acu_cmd__rosidl_typesupport_fastrtps_cpp.hpp
-- Up-to-date: /home/jeongtae/umv_control/install/umv_msgs/include/umv_msgs/umv_msgs/msg/detail/dds_fastrtps
-- Up-to-date: /home/jeongtae/umv_control/install/umv_msgs/include/umv_msgs/umv_msgs/msg/detail/local_ref_path__rosidl_typesupport_fastrtps_cpp.hpp
-- Up-to-date: /home/jeongtae/umv_control/install/umv_msgs/include/umv_msgs/umv_msgs/msg/rosidl_typesupport_fastrtps_cpp__visibility_control.h
-- Up-to-date: /home/jeongtae/umv_control/install/umv_msgs/lib/libumv_msgs__rosidl_typesupport_fastrtps_cpp.so
-- Up-to-date: /home/jeongtae/umv_control/install/umv_msgs/include/umv_msgs/umv_msgs
-- Up-to-date: /home/jeongtae/umv_control/install/umv_msgs/include/umv_msgs/umv_msgs/msg
-- Up-to-date: /home/jeongtae/umv_control/install/umv_msgs/include/umv_msgs/umv_msgs/msg/detail
-- Up-to-date: /home/jeongtae/umv_control/install/umv_msgs/include/umv_msgs/umv_msgs/msg/detail/global_path__rosidl_typesupport_introspection_cpp.hpp
-- Up-to-date: /home/jeongtae/umv_control/install/umv_msgs/include/umv_msgs/umv_msgs/msg/detail/host_vehicle_filter__type_support.cpp
-- Up-to-date: /home/jeongtae/umv_control/install/umv_msgs/include/umv_msgs/umv_msgs/msg/detail/local_ref_path__type_support.cpp
-- Up-to-date: /home/jeongtae/umv_control/install/umv_msgs/include/umv_msgs/umv_msgs/msg/detail/acu_cmd__type_support.cpp
-- Up-to-date: /home/jeongtae/umv_control/install/umv_msgs/include/umv_msgs/umv_msgs/msg/detail/host_vehicle_filter__rosidl_typesupport_introspection_cpp.hpp
-- Up-to-date: /home/jeongtae/umv_control/install/umv_msgs/include/umv_msgs/umv_msgs/msg/detail/acu_cmd__rosidl_typesupport_introspection_cpp.hpp
-- Up-to-date: /home/jeongtae/umv_control/install/umv_msgs/include/umv_msgs/umv_msgs/msg/detail/local_ref_path__rosidl_typesupport_introspection_cpp.hpp
-- Up-to-date: /home/jeongtae/umv_control/install/umv_msgs/include/umv_msgs/umv_msgs/msg/detail/global_path__type_support.cpp
-- Up-to-date: /home/jeongtae/umv_control/install/umv_msgs/lib/libumv_msgs__rosidl_typesupport_introspection_cpp.so
-- Up-to-date: /home/jeongtae/umv_control/install/umv_msgs/lib/libumv_msgs__rosidl_typesupport_cpp.so
-- Up-to-date: /home/jeongtae/umv_control/install/umv_msgs/share/umv_msgs/environment/pythonpath.sh
-- Up-to-date: /home/jeongtae/umv_control/install/umv_msgs/share/umv_msgs/environment/pythonpath.dsv
-- Up-to-date: /home/jeongtae/umv_control/install/umv_msgs/local/lib/python3.10/dist-packages/umv_msgs-0.0.0-py3.10.egg-info
-- Installing: /home/jeongtae/umv_control/install/umv_msgs/local/lib/python3.10/dist-packages/umv_msgs-0.0.0-py3.10.egg-info/SOURCES.txt
-- Installing: /home/jeongtae/umv_control/install/umv_msgs/local/lib/python3.10/dist-packages/umv_msgs-0.0.0-py3.10.egg-info/PKG-INFO
-- Installing: /home/jeongtae/umv_control/install/umv_msgs/local/lib/python3.10/dist-packages/umv_msgs-0.0.0-py3.10.egg-info/top_level.txt
-- Installing: /home/jeongtae/umv_control/install/umv_msgs/local/lib/python3.10/dist-packages/umv_msgs-0.0.0-py3.10.egg-info/dependency_links.txt
-- Up-to-date: /home/jeongtae/umv_control/install/umv_msgs/local/lib/python3.10/dist-packages/umv_msgs
-- Up-to-date: /home/jeongtae/umv_control/install/umv_msgs/local/lib/python3.10/dist-packages/umv_msgs/libumv_msgs__rosidl_generator_py.so
-- Up-to-date: /home/jeongtae/umv_control/install/umv_msgs/local/lib/python3.10/dist-packages/umv_msgs/umv_msgs_s__rosidl_typesupport_fastrtps_c.cpython-310-x86_64-linux-gnu.so
-- Up-to-date: /home/jeongtae/umv_control/install/umv_msgs/local/lib/python3.10/dist-packages/umv_msgs/_umv_msgs_s.ep.rosidl_typesupport_introspection_c.c
-- Up-to-date: /home/jeongtae/umv_control/install/umv_msgs/local/lib/python3.10/dist-packages/umv_msgs/msg
-- Up-to-date: /home/jeongtae/umv_control/install/umv_msgs/local/lib/python3.10/dist-packages/umv_msgs/msg/_host_vehicle_filter.py
-- Up-to-date: /home/jeongtae/umv_control/install/umv_msgs/local/lib/python3.10/dist-packages/umv_msgs/msg/_acu_cmd_s.c
-- Up-to-date: /home/jeongtae/umv_control/install/umv_msgs/local/lib/python3.10/dist-packages/umv_msgs/msg/_local_ref_path.py
-- Up-to-date: /home/jeongtae/umv_control/install/umv_msgs/local/lib/python3.10/dist-packages/umv_msgs/msg/_global_path_s.c
-- Up-to-date: /home/jeongtae/umv_control/install/umv_msgs/local/lib/python3.10/dist-packages/umv_msgs/msg/_acu_cmd.py
-- Up-to-date: /home/jeongtae/umv_control/install/umv_msgs/local/lib/python3.10/dist-packages/umv_msgs/msg/_global_path.py
-- Up-to-date: /home/jeongtae/umv_control/install/umv_msgs/local/lib/python3.10/dist-packages/umv_msgs/msg/_local_ref_path_s.c
-- Up-to-date: /home/jeongtae/umv_control/install/umv_msgs/local/lib/python3.10/dist-packages/umv_msgs/msg/_host_vehicle_filter_s.c
-- Up-to-date: /home/jeongtae/umv_control/install/umv_msgs/local/lib/python3.10/dist-packages/umv_msgs/msg/__init__.py
-- Up-to-date: /home/jeongtae/umv_control/install/umv_msgs/local/lib/python3.10/dist-packages/umv_msgs/_umv_msgs_s.ep.rosidl_typesupport_c.c
-- Up-to-date: /home/jeongtae/umv_control/install/umv_msgs/local/lib/python3.10/dist-packages/umv_msgs/umv_msgs_s__rosidl_typesupport_c.cpython-310-x86_64-linux-gnu.so
-- Up-to-date: /home/jeongtae/umv_control/install/umv_msgs/local/lib/python3.10/dist-packages/umv_msgs/_umv_msgs_s.ep.rosidl_typesupport_fastrtps_c.c
-- Up-to-date: /home/jeongtae/umv_control/install/umv_msgs/local/lib/python3.10/dist-packages/umv_msgs/umv_msgs_s__rosidl_typesupport_introspection_c.cpython-310-x86_64-linux-gnu.so
-- Up-to-date: /home/jeongtae/umv_control/install/umv_msgs/local/lib/python3.10/dist-packages/umv_msgs/__init__.py
Listing '/home/jeongtae/umv_control/install/umv_msgs/local/lib/python3.10/dist-packages/umv_msgs'...
Listing '/home/jeongtae/umv_control/install/umv_msgs/local/lib/python3.10/dist-packages/umv_msgs/msg'...
-- Up-to-date: /home/jeongtae/umv_control/install/umv_msgs/local/lib/python3.10/dist-packages/umv_msgs/umv_msgs_s__rosidl_typesupport_fastrtps_c.cpython-310-x86_64-linux-gnu.so
-- Up-to-date: /home/jeongtae/umv_control/install/umv_msgs/local/lib/python3.10/dist-packages/umv_msgs/umv_msgs_s__rosidl_typesupport_introspection_c.cpython-310-x86_64-linux-gnu.so
-- Up-to-date: /home/jeongtae/umv_control/install/umv_msgs/local/lib/python3.10/dist-packages/umv_msgs/umv_msgs_s__rosidl_typesupport_c.cpython-310-x86_64-linux-gnu.so
-- Up-to-date: /home/jeongtae/umv_control/install/umv_msgs/lib/libumv_msgs__rosidl_generator_py.so
-- Up-to-date: /home/jeongtae/umv_control/install/umv_msgs/share/umv_msgs/msg/LocalRefPath.idl
-- Up-to-date: /home/jeongtae/umv_control/install/umv_msgs/share/umv_msgs/msg/HostVehicleFilter.idl
-- Up-to-date: /home/jeongtae/umv_control/install/umv_msgs/share/umv_msgs/msg/AcuCmd.idl
-- Up-to-date: /home/jeongtae/umv_control/install/umv_msgs/share/umv_msgs/msg/GlobalPath.idl
-- Up-to-date: /home/jeongtae/umv_control/install/umv_msgs/share/umv_msgs/msg/LocalRefPath.msg
-- Up-to-date: /home/jeongtae/umv_control/install/umv_msgs/share/umv_msgs/msg/HostVehicleFilter.msg
-- Up-to-date: /home/jeongtae/umv_control/install/umv_msgs/share/umv_msgs/msg/AcuCmd.msg
-- Up-to-date: /home/jeongtae/umv_control/install/umv_msgs/share/umv_msgs/msg/GlobalPath.msg
-- Up-to-date: /home/jeongtae/umv_control/install/umv_msgs/share/ament_index/resource_index/package_run_dependencies/umv_msgs
-- Up-to-date: /home/jeongtae/umv_control/install/umv_msgs/share/ament_index/resource_index/parent_prefix_path/umv_msgs
-- Up-to-date: /home/jeongtae/umv_control/install/umv_msgs/share/umv_msgs/environment/ament_prefix_path.sh
-- Up-to-date: /home/jeongtae/umv_control/install/umv_msgs/share/umv_msgs/environment/ament_prefix_path.dsv
-- Up-to-date: /home/jeongtae/umv_control/install/umv_msgs/share/umv_msgs/environment/path.sh
-- Up-to-date: /home/jeongtae/umv_control/install/umv_msgs/share/umv_msgs/environment/path.dsv
-- Up-to-date: /home/jeongtae/umv_control/install/umv_msgs/share/umv_msgs/local_setup.bash
-- Up-to-date: /home/jeongtae/umv_control/install/umv_msgs/share/umv_msgs/local_setup.sh
-- Up-to-date: /home/jeongtae/umv_control/install/umv_msgs/share/umv_msgs/local_setup.zsh
-- Up-to-date: /home/jeongtae/umv_control/install/umv_msgs/share/umv_msgs/local_setup.dsv
-- Installing: /home/jeongtae/umv_control/install/umv_msgs/share/umv_msgs/package.dsv
-- Up-to-date: /home/jeongtae/umv_control/install/umv_msgs/share/ament_index/resource_index/packages/umv_msgs
-- Up-to-date: /home/jeongtae/umv_control/install/umv_msgs/share/umv_msgs/cmake/export_umv_msgs__rosidl_generator_cExport.cmake
-- Up-to-date: /home/jeongtae/umv_control/install/umv_msgs/share/umv_msgs/cmake/export_umv_msgs__rosidl_generator_cExport-noconfig.cmake
-- Up-to-date: /home/jeongtae/umv_control/install/umv_msgs/share/umv_msgs/cmake/export_umv_msgs__rosidl_typesupport_fastrtps_cExport.cmake
-- Up-to-date: /home/jeongtae/umv_control/install/umv_msgs/share/umv_msgs/cmake/export_umv_msgs__rosidl_typesupport_fastrtps_cExport-noconfig.cmake
-- Up-to-date: /home/jeongtae/umv_control/install/umv_msgs/share/umv_msgs/cmake/umv_msgs__rosidl_typesupport_introspection_cExport.cmake
-- Up-to-date: /home/jeongtae/umv_control/install/umv_msgs/share/umv_msgs/cmake/umv_msgs__rosidl_typesupport_introspection_cExport-noconfig.cmake
-- Up-to-date: /home/jeongtae/umv_control/install/umv_msgs/share/umv_msgs/cmake/umv_msgs__rosidl_typesupport_cExport.cmake
-- Up-to-date: /home/jeongtae/umv_control/install/umv_msgs/share/umv_msgs/cmake/umv_msgs__rosidl_typesupport_cExport-noconfig.cmake
-- Up-to-date: /home/jeongtae/umv_control/install/umv_msgs/share/umv_msgs/cmake/export_umv_msgs__rosidl_generator_cppExport.cmake
-- Up-to-date: /home/jeongtae/umv_control/install/umv_msgs/share/umv_msgs/cmake/export_umv_msgs__rosidl_typesupport_fastrtps_cppExport.cmake
-- Up-to-date: /home/jeongtae/umv_control/install/umv_msgs/share/umv_msgs/cmake/export_umv_msgs__rosidl_typesupport_fastrtps_cppExport-noconfig.cmake
-- Up-to-date: /home/jeongtae/umv_control/install/umv_msgs/share/umv_msgs/cmake/umv_msgs__rosidl_typesupport_introspection_cppExport.cmake
-- Up-to-date: /home/jeongtae/umv_control/install/umv_msgs/share/umv_msgs/cmake/umv_msgs__rosidl_typesupport_introspection_cppExport-noconfig.cmake
-- Up-to-date: /home/jeongtae/umv_control/install/umv_msgs/share/umv_msgs/cmake/umv_msgs__rosidl_typesupport_cppExport.cmake
-- Up-to-date: /home/jeongtae/umv_control/install/umv_msgs/share/umv_msgs/cmake/umv_msgs__rosidl_typesupport_cppExport-noconfig.cmake
-- Up-to-date: /home/jeongtae/umv_control/install/umv_msgs/share/umv_msgs/cmake/export_umv_msgs__rosidl_generator_pyExport.cmake
-- Up-to-date: /home/jeongtae/umv_control/install/umv_msgs/share/umv_msgs/cmake/export_umv_msgs__rosidl_generator_pyExport-noconfig.cmake
-- Up-to-date: /home/jeongtae/umv_control/install/umv_msgs/share/umv_msgs/cmake/rosidl_cmake-extras.cmake
-- Up-to-date: /home/jeongtae/umv_control/install/umv_msgs/share/umv_msgs/cmake/ament_cmake_export_dependencies-extras.cmake
-- Up-to-date: /home/jeongtae/umv_control/install/umv_msgs/share/umv_msgs/cmake/ament_cmake_export_include_directories-extras.cmake
-- Up-to-date: /home/jeongtae/umv_control/install/umv_msgs/share/umv_msgs/cmake/ament_cmake_export_libraries-extras.cmake
-- Up-to-date: /home/jeongtae/umv_control/install/umv_msgs/share/umv_msgs/cmake/ament_cmake_export_targets-extras.cmake
-- Up-to-date: /home/jeongtae/umv_control/install/umv_msgs/share/umv_msgs/cmake/rosidl_cmake_export_typesupport_targets-extras.cmake
-- Up-to-date: /home/jeongtae/umv_control/install/umv_msgs/share/umv_msgs/cmake/rosidl_cmake_export_typesupport_libraries-extras.cmake
-- Up-to-date: /home/jeongtae/umv_control/install/umv_msgs/share/umv_msgs/cmake/umv_msgsConfig.cmake
-- Up-to-date: /home/jeongtae/umv_control/install/umv_msgs/share/umv_msgs/cmake/umv_msgsConfig-version.cmake
-- Up-to-date: /home/jeongtae/umv_control/install/umv_msgs/share/umv_msgs/package.xml
