[0.263s] Invoking command in '/home/jeongtae/umv_control/build/mppi': CMAKE_PREFIX_PATH=/home/jeongtae/umv_control/install/umv_msgs:/home/jeongtae/AirSim/ros2/install/airsim_ros_pkgs:/home/jeongtae/AirSim/ros2/install/airsim_interfaces:/home/jeongtae/umv_control/install/mppi:/home/jeongtae/umv_control/install/lower_controller:/home/jeongtae/umv_control/install/host_vehicle_filter:/home/jeongtae/umv_control/install/motion_planner:/opt/ros/humble: LD_LIBRARY_PATH=/home/jeongtae/umv_control/install/umv_msgs/lib:/home/jeongtae/AirSim/ros2/install/airsim_ros_pkgs/lib:/home/jeongtae/AirSim/ros2/install/airsim_interfaces/lib:/opt/ros/humble/opt/rviz_ogre_vendor/lib:/opt/ros/humble/lib/x86_64-linux-gnu:/opt/ros/humble/lib /usr/bin/cmake --build /home/jeongtae/umv_control/build/mppi -- -j24 -l24
[0.289s] [100%] Built target mppi_node
[0.294s] Invoked command in '/home/jeongtae/umv_control/build/mppi' returned '0': CMAKE_PREFIX_PATH=/home/jeongtae/umv_control/install/umv_msgs:/home/jeongtae/AirSim/ros2/install/airsim_ros_pkgs:/home/jeongtae/AirSim/ros2/install/airsim_interfaces:/home/jeongtae/umv_control/install/mppi:/home/jeongtae/umv_control/install/lower_controller:/home/jeongtae/umv_control/install/host_vehicle_filter:/home/jeongtae/umv_control/install/motion_planner:/opt/ros/humble: LD_LIBRARY_PATH=/home/jeongtae/umv_control/install/umv_msgs/lib:/home/jeongtae/AirSim/ros2/install/airsim_ros_pkgs/lib:/home/jeongtae/AirSim/ros2/install/airsim_interfaces/lib:/opt/ros/humble/opt/rviz_ogre_vendor/lib:/opt/ros/humble/lib/x86_64-linux-gnu:/opt/ros/humble/lib /usr/bin/cmake --build /home/jeongtae/umv_control/build/mppi -- -j24 -l24
[0.306s] Invoking command in '/home/jeongtae/umv_control/build/mppi': CMAKE_PREFIX_PATH=/home/jeongtae/umv_control/install/umv_msgs:/home/jeongtae/AirSim/ros2/install/airsim_ros_pkgs:/home/jeongtae/AirSim/ros2/install/airsim_interfaces:/home/jeongtae/umv_control/install/mppi:/home/jeongtae/umv_control/install/lower_controller:/home/jeongtae/umv_control/install/host_vehicle_filter:/home/jeongtae/umv_control/install/motion_planner:/opt/ros/humble: LD_LIBRARY_PATH=/home/jeongtae/umv_control/install/umv_msgs/lib:/home/jeongtae/AirSim/ros2/install/airsim_ros_pkgs/lib:/home/jeongtae/AirSim/ros2/install/airsim_interfaces/lib:/opt/ros/humble/opt/rviz_ogre_vendor/lib:/opt/ros/humble/lib/x86_64-linux-gnu:/opt/ros/humble/lib /usr/bin/cmake --install /home/jeongtae/umv_control/build/mppi
[0.311s] -- Install configuration: ""
[0.311s] -- Up-to-date: /home/jeongtae/umv_control/install/mppi/include/mppi
[0.311s] -- Up-to-date: /home/jeongtae/umv_control/install/mppi/lib/mppi/mppi_node
[0.311s] -- Up-to-date: /home/jeongtae/umv_control/install/mppi/share/ament_index/resource_index/package_run_dependencies/mppi
[0.311s] -- Up-to-date: /home/jeongtae/umv_control/install/mppi/share/ament_index/resource_index/parent_prefix_path/mppi
[0.311s] -- Up-to-date: /home/jeongtae/umv_control/install/mppi/share/mppi/environment/ament_prefix_path.sh
[0.311s] -- Up-to-date: /home/jeongtae/umv_control/install/mppi/share/mppi/environment/ament_prefix_path.dsv
[0.311s] -- Up-to-date: /home/jeongtae/umv_control/install/mppi/share/mppi/environment/path.sh
[0.311s] -- Up-to-date: /home/jeongtae/umv_control/install/mppi/share/mppi/environment/path.dsv
[0.311s] -- Up-to-date: /home/jeongtae/umv_control/install/mppi/share/mppi/local_setup.bash
[0.311s] -- Up-to-date: /home/jeongtae/umv_control/install/mppi/share/mppi/local_setup.sh
[0.311s] -- Up-to-date: /home/jeongtae/umv_control/install/mppi/share/mppi/local_setup.zsh
[0.311s] -- Up-to-date: /home/jeongtae/umv_control/install/mppi/share/mppi/local_setup.dsv
[0.311s] -- Installing: /home/jeongtae/umv_control/install/mppi/share/mppi/package.dsv
[0.311s] -- Up-to-date: /home/jeongtae/umv_control/install/mppi/share/ament_index/resource_index/packages/mppi
[0.311s] -- Up-to-date: /home/jeongtae/umv_control/install/mppi/share/mppi/cmake/mppiConfig.cmake
[0.311s] -- Up-to-date: /home/jeongtae/umv_control/install/mppi/share/mppi/cmake/mppiConfig-version.cmake
[0.311s] -- Up-to-date: /home/jeongtae/umv_control/install/mppi/share/mppi/package.xml
[0.312s] Invoked command in '/home/jeongtae/umv_control/build/mppi' returned '0': CMAKE_PREFIX_PATH=/home/jeongtae/umv_control/install/umv_msgs:/home/jeongtae/AirSim/ros2/install/airsim_ros_pkgs:/home/jeongtae/AirSim/ros2/install/airsim_interfaces:/home/jeongtae/umv_control/install/mppi:/home/jeongtae/umv_control/install/lower_controller:/home/jeongtae/umv_control/install/host_vehicle_filter:/home/jeongtae/umv_control/install/motion_planner:/opt/ros/humble: LD_LIBRARY_PATH=/home/jeongtae/umv_control/install/umv_msgs/lib:/home/jeongtae/AirSim/ros2/install/airsim_ros_pkgs/lib:/home/jeongtae/AirSim/ros2/install/airsim_interfaces/lib:/opt/ros/humble/opt/rviz_ogre_vendor/lib:/opt/ros/humble/lib/x86_64-linux-gnu:/opt/ros/humble/lib /usr/bin/cmake --install /home/jeongtae/umv_control/build/mppi
