[0.049s] DEBUG:colcon:Command line arguments: ['/usr/bin/colcon', 'build']
[0.049s] DEBUG:colcon:Parsed command line arguments: Namespace(log_base=None, log_level=None, verb_name='build', build_base='build', install_base='install', merge_install=False, symlink_install=False, test_result_base=None, continue_on_error=False, executor='parallel', parallel_workers=24, event_handlers=None, ignore_user_meta=False, metas=['./colcon.meta'], base_paths=['.'], packages_ignore=None, packages_ignore_regex=None, paths=None, packages_up_to=None, packages_up_to_regex=None, packages_above=None, packages_above_and_dependencies=None, packages_above_depth=None, packages_select_by_dep=None, packages_skip_by_dep=None, packages_skip_up_to=None, packages_select_build_failed=False, packages_skip_build_finished=False, packages_select_test_failures=False, packages_skip_test_passed=False, packages_select=None, packages_skip=None, packages_select_regex=None, packages_skip_regex=None, packages_start=None, packages_end=None, allow_overriding=[], cmake_args=None, cmake_target=None, cmake_target_skip_unavailable=False, cmake_clean_cache=False, cmake_clean_first=False, cmake_force_configure=False, ament_cmake_args=None, catkin_cmake_args=None, catkin_skip_building_tests=False, verb_parser=<colcon_defaults.argument_parser.defaults.DefaultArgumentsDecorator object at 0x71bf30f2cfd0>, verb_extension=<colcon_core.verb.build.BuildVerb object at 0x71bf3109a740>, main=<bound method BuildVerb.main of <colcon_core.verb.build.BuildVerb object at 0x71bf3109a740>>)
[0.124s] Level 1:colcon.colcon_core.package_discovery:discover_packages(colcon_meta) check parameters
[0.124s] Level 1:colcon.colcon_core.package_discovery:discover_packages(recursive) check parameters
[0.124s] Level 1:colcon.colcon_core.package_discovery:discover_packages(ignore) check parameters
[0.124s] Level 1:colcon.colcon_core.package_discovery:discover_packages(path) check parameters
[0.124s] Level 1:colcon.colcon_core.package_discovery:discover_packages(colcon_meta) discover
[0.124s] Level 1:colcon.colcon_core.package_discovery:discover_packages(recursive) discover
[0.124s] INFO:colcon.colcon_core.package_discovery:Crawling recursively for packages in '/home/jeongtae/umv_control'
[0.124s] Level 1:colcon.colcon_core.package_identification:_identify(.) by extensions ['ignore', 'ignore_ament_install']
[0.124s] Level 1:colcon.colcon_core.package_identification:_identify(.) by extension 'ignore'
[0.124s] Level 1:colcon.colcon_core.package_identification:_identify(.) by extension 'ignore_ament_install'
[0.124s] Level 1:colcon.colcon_core.package_identification:_identify(.) by extensions ['colcon_pkg']
[0.124s] Level 1:colcon.colcon_core.package_identification:_identify(.) by extension 'colcon_pkg'
[0.124s] Level 1:colcon.colcon_core.package_identification:_identify(.) by extensions ['colcon_meta']
[0.124s] Level 1:colcon.colcon_core.package_identification:_identify(.) by extension 'colcon_meta'
[0.124s] Level 1:colcon.colcon_core.package_identification:_identify(.) by extensions ['ros']
[0.125s] Level 1:colcon.colcon_core.package_identification:_identify(.) by extension 'ros'
[0.130s] Level 1:colcon.colcon_core.package_identification:_identify(.) by extensions ['cmake', 'python']
[0.130s] Level 1:colcon.colcon_core.package_identification:_identify(.) by extension 'cmake'
[0.130s] Level 1:colcon.colcon_core.package_identification:_identify(.) by extension 'python'
[0.130s] Level 1:colcon.colcon_core.package_identification:_identify(.) by extensions ['python_setup_py']
[0.130s] Level 1:colcon.colcon_core.package_identification:_identify(.) by extension 'python_setup_py'
[0.130s] Level 1:colcon.colcon_core.package_identification:_identify(build) by extensions ['ignore', 'ignore_ament_install']
[0.130s] Level 1:colcon.colcon_core.package_identification:_identify(build) by extension 'ignore'
[0.130s] Level 1:colcon.colcon_core.package_identification:_identify(build) ignored
[0.130s] Level 1:colcon.colcon_core.package_identification:_identify(install) by extensions ['ignore', 'ignore_ament_install']
[0.130s] Level 1:colcon.colcon_core.package_identification:_identify(install) by extension 'ignore'
[0.130s] Level 1:colcon.colcon_core.package_identification:_identify(install) ignored
[0.130s] Level 1:colcon.colcon_core.package_identification:_identify(log) by extensions ['ignore', 'ignore_ament_install']
[0.130s] Level 1:colcon.colcon_core.package_identification:_identify(log) by extension 'ignore'
[0.130s] Level 1:colcon.colcon_core.package_identification:_identify(log) ignored
[0.131s] Level 1:colcon.colcon_core.package_identification:_identify(src) by extensions ['ignore', 'ignore_ament_install']
[0.131s] Level 1:colcon.colcon_core.package_identification:_identify(src) by extension 'ignore'
[0.131s] Level 1:colcon.colcon_core.package_identification:_identify(src) by extension 'ignore_ament_install'
[0.131s] Level 1:colcon.colcon_core.package_identification:_identify(src) by extensions ['colcon_pkg']
[0.131s] Level 1:colcon.colcon_core.package_identification:_identify(src) by extension 'colcon_pkg'
[0.131s] Level 1:colcon.colcon_core.package_identification:_identify(src) by extensions ['colcon_meta']
[0.131s] Level 1:colcon.colcon_core.package_identification:_identify(src) by extension 'colcon_meta'
[0.131s] Level 1:colcon.colcon_core.package_identification:_identify(src) by extensions ['ros']
[0.131s] Level 1:colcon.colcon_core.package_identification:_identify(src) by extension 'ros'
[0.131s] Level 1:colcon.colcon_core.package_identification:_identify(src) by extensions ['cmake', 'python']
[0.131s] Level 1:colcon.colcon_core.package_identification:_identify(src) by extension 'cmake'
[0.131s] Level 1:colcon.colcon_core.package_identification:_identify(src) by extension 'python'
[0.131s] Level 1:colcon.colcon_core.package_identification:_identify(src) by extensions ['python_setup_py']
[0.131s] Level 1:colcon.colcon_core.package_identification:_identify(src) by extension 'python_setup_py'
[0.131s] Level 1:colcon.colcon_core.package_identification:_identify(src/host_vehicle_filter) by extensions ['ignore', 'ignore_ament_install']
[0.131s] Level 1:colcon.colcon_core.package_identification:_identify(src/host_vehicle_filter) by extension 'ignore'
[0.131s] Level 1:colcon.colcon_core.package_identification:_identify(src/host_vehicle_filter) by extension 'ignore_ament_install'
[0.131s] Level 1:colcon.colcon_core.package_identification:_identify(src/host_vehicle_filter) by extensions ['colcon_pkg']
[0.131s] Level 1:colcon.colcon_core.package_identification:_identify(src/host_vehicle_filter) by extension 'colcon_pkg'
[0.131s] Level 1:colcon.colcon_core.package_identification:_identify(src/host_vehicle_filter) by extensions ['colcon_meta']
[0.131s] Level 1:colcon.colcon_core.package_identification:_identify(src/host_vehicle_filter) by extension 'colcon_meta'
[0.131s] Level 1:colcon.colcon_core.package_identification:_identify(src/host_vehicle_filter) by extensions ['ros']
[0.131s] Level 1:colcon.colcon_core.package_identification:_identify(src/host_vehicle_filter) by extension 'ros'
[0.132s] DEBUG:colcon.colcon_core.package_identification:Package 'src/host_vehicle_filter' with type 'ros.ament_python' and name 'host_vehicle_filter'
[0.132s] Level 1:colcon.colcon_core.package_identification:_identify(src/lower_controller) by extensions ['ignore', 'ignore_ament_install']
[0.132s] Level 1:colcon.colcon_core.package_identification:_identify(src/lower_controller) by extension 'ignore'
[0.132s] Level 1:colcon.colcon_core.package_identification:_identify(src/lower_controller) by extension 'ignore_ament_install'
[0.132s] Level 1:colcon.colcon_core.package_identification:_identify(src/lower_controller) by extensions ['colcon_pkg']
[0.132s] Level 1:colcon.colcon_core.package_identification:_identify(src/lower_controller) by extension 'colcon_pkg'
[0.132s] Level 1:colcon.colcon_core.package_identification:_identify(src/lower_controller) by extensions ['colcon_meta']
[0.132s] Level 1:colcon.colcon_core.package_identification:_identify(src/lower_controller) by extension 'colcon_meta'
[0.132s] Level 1:colcon.colcon_core.package_identification:_identify(src/lower_controller) by extensions ['ros']
[0.132s] Level 1:colcon.colcon_core.package_identification:_identify(src/lower_controller) by extension 'ros'
[0.133s] DEBUG:colcon.colcon_core.package_identification:Package 'src/lower_controller' with type 'ros.ament_python' and name 'lower_controller'
[0.133s] Level 1:colcon.colcon_core.package_identification:_identify(src/motion_planner) by extensions ['ignore', 'ignore_ament_install']
[0.133s] Level 1:colcon.colcon_core.package_identification:_identify(src/motion_planner) by extension 'ignore'
[0.133s] Level 1:colcon.colcon_core.package_identification:_identify(src/motion_planner) by extension 'ignore_ament_install'
[0.133s] Level 1:colcon.colcon_core.package_identification:_identify(src/motion_planner) by extensions ['colcon_pkg']
[0.133s] Level 1:colcon.colcon_core.package_identification:_identify(src/motion_planner) by extension 'colcon_pkg'
[0.133s] Level 1:colcon.colcon_core.package_identification:_identify(src/motion_planner) by extensions ['colcon_meta']
[0.133s] Level 1:colcon.colcon_core.package_identification:_identify(src/motion_planner) by extension 'colcon_meta'
[0.133s] Level 1:colcon.colcon_core.package_identification:_identify(src/motion_planner) by extensions ['ros']
[0.133s] Level 1:colcon.colcon_core.package_identification:_identify(src/motion_planner) by extension 'ros'
[0.133s] DEBUG:colcon.colcon_core.package_identification:Package 'src/motion_planner' with type 'ros.ament_python' and name 'motion_planner'
[0.133s] Level 1:colcon.colcon_core.package_identification:_identify(src/mppi) by extensions ['ignore', 'ignore_ament_install']
[0.133s] Level 1:colcon.colcon_core.package_identification:_identify(src/mppi) by extension 'ignore'
[0.133s] Level 1:colcon.colcon_core.package_identification:_identify(src/mppi) by extension 'ignore_ament_install'
[0.133s] Level 1:colcon.colcon_core.package_identification:_identify(src/mppi) by extensions ['colcon_pkg']
[0.133s] Level 1:colcon.colcon_core.package_identification:_identify(src/mppi) by extension 'colcon_pkg'
[0.133s] Level 1:colcon.colcon_core.package_identification:_identify(src/mppi) by extensions ['colcon_meta']
[0.133s] Level 1:colcon.colcon_core.package_identification:_identify(src/mppi) by extension 'colcon_meta'
[0.133s] Level 1:colcon.colcon_core.package_identification:_identify(src/mppi) by extensions ['ros']
[0.133s] Level 1:colcon.colcon_core.package_identification:_identify(src/mppi) by extension 'ros'
[0.134s] DEBUG:colcon.colcon_core.package_identification:Package 'src/mppi' with type 'ros.ament_cmake' and name 'mppi'
[0.134s] Level 1:colcon.colcon_core.package_identification:_identify(src/umv_msgs) by extensions ['ignore', 'ignore_ament_install']
[0.134s] Level 1:colcon.colcon_core.package_identification:_identify(src/umv_msgs) by extension 'ignore'
[0.134s] Level 1:colcon.colcon_core.package_identification:_identify(src/umv_msgs) by extension 'ignore_ament_install'
[0.134s] Level 1:colcon.colcon_core.package_identification:_identify(src/umv_msgs) by extensions ['colcon_pkg']
[0.134s] Level 1:colcon.colcon_core.package_identification:_identify(src/umv_msgs) by extension 'colcon_pkg'
[0.134s] Level 1:colcon.colcon_core.package_identification:_identify(src/umv_msgs) by extensions ['colcon_meta']
[0.134s] Level 1:colcon.colcon_core.package_identification:_identify(src/umv_msgs) by extension 'colcon_meta'
[0.134s] Level 1:colcon.colcon_core.package_identification:_identify(src/umv_msgs) by extensions ['ros']
[0.134s] Level 1:colcon.colcon_core.package_identification:_identify(src/umv_msgs) by extension 'ros'
[0.134s] DEBUG:colcon.colcon_core.package_identification:Package 'src/umv_msgs' with type 'ros.ament_cmake' and name 'umv_msgs'
[0.134s] Level 1:colcon.colcon_core.package_discovery:discover_packages(recursive) using defaults
[0.134s] Level 1:colcon.colcon_core.package_discovery:discover_packages(ignore) discover
[0.134s] Level 1:colcon.colcon_core.package_discovery:discover_packages(ignore) using defaults
[0.134s] Level 1:colcon.colcon_core.package_discovery:discover_packages(path) discover
[0.134s] Level 1:colcon.colcon_core.package_discovery:discover_packages(path) using defaults
[0.149s] Level 1:colcon.colcon_core.package_discovery:discover_packages(prefix_path) check parameters
[0.149s] Level 1:colcon.colcon_core.package_discovery:discover_packages(prefix_path) discover
[0.150s] DEBUG:colcon.colcon_installed_package_information.package_discovery:Found 5 installed packages in /home/jeongtae/umv_control/install
[0.150s] DEBUG:colcon.colcon_installed_package_information.package_discovery:Found 3 installed packages in /home/jeongtae/AirSim/ros2/install
[0.150s] DEBUG:colcon.colcon_installed_package_information.package_discovery:Found 0 installed packages in /home/jeongtae/Workspace/install
[0.150s] Level 1:colcon.colcon_core.package_discovery:discover_packages(prefix_path) using defaults
[0.151s] Level 5:colcon.colcon_core.verb:set package 'motion_planner' build argument 'cmake_args' from command line to 'None'
[0.151s] Level 5:colcon.colcon_core.verb:set package 'motion_planner' build argument 'cmake_target' from command line to 'None'
[0.151s] Level 5:colcon.colcon_core.verb:set package 'motion_planner' build argument 'cmake_target_skip_unavailable' from command line to 'False'
[0.151s] Level 5:colcon.colcon_core.verb:set package 'motion_planner' build argument 'cmake_clean_cache' from command line to 'False'
[0.151s] Level 5:colcon.colcon_core.verb:set package 'motion_planner' build argument 'cmake_clean_first' from command line to 'False'
[0.151s] Level 5:colcon.colcon_core.verb:set package 'motion_planner' build argument 'cmake_force_configure' from command line to 'False'
[0.151s] Level 5:colcon.colcon_core.verb:set package 'motion_planner' build argument 'ament_cmake_args' from command line to 'None'
[0.151s] Level 5:colcon.colcon_core.verb:set package 'motion_planner' build argument 'catkin_cmake_args' from command line to 'None'
[0.151s] Level 5:colcon.colcon_core.verb:set package 'motion_planner' build argument 'catkin_skip_building_tests' from command line to 'False'
[0.151s] DEBUG:colcon.colcon_core.verb:Building package 'motion_planner' with the following arguments: {'ament_cmake_args': None, 'build_base': '/home/jeongtae/umv_control/build/motion_planner', 'catkin_cmake_args': None, 'catkin_skip_building_tests': False, 'cmake_args': None, 'cmake_clean_cache': False, 'cmake_clean_first': False, 'cmake_force_configure': False, 'cmake_target': None, 'cmake_target_skip_unavailable': False, 'install_base': '/home/jeongtae/umv_control/install/motion_planner', 'merge_install': False, 'path': '/home/jeongtae/umv_control/src/motion_planner', 'symlink_install': False, 'test_result_base': None}
[0.151s] Level 5:colcon.colcon_core.verb:set package 'umv_msgs' build argument 'cmake_args' from command line to 'None'
[0.151s] Level 5:colcon.colcon_core.verb:set package 'umv_msgs' build argument 'cmake_target' from command line to 'None'
[0.151s] Level 5:colcon.colcon_core.verb:set package 'umv_msgs' build argument 'cmake_target_skip_unavailable' from command line to 'False'
[0.151s] Level 5:colcon.colcon_core.verb:set package 'umv_msgs' build argument 'cmake_clean_cache' from command line to 'False'
[0.151s] Level 5:colcon.colcon_core.verb:set package 'umv_msgs' build argument 'cmake_clean_first' from command line to 'False'
[0.151s] Level 5:colcon.colcon_core.verb:set package 'umv_msgs' build argument 'cmake_force_configure' from command line to 'False'
[0.151s] Level 5:colcon.colcon_core.verb:set package 'umv_msgs' build argument 'ament_cmake_args' from command line to 'None'
[0.151s] Level 5:colcon.colcon_core.verb:set package 'umv_msgs' build argument 'catkin_cmake_args' from command line to 'None'
[0.151s] Level 5:colcon.colcon_core.verb:set package 'umv_msgs' build argument 'catkin_skip_building_tests' from command line to 'False'
[0.151s] DEBUG:colcon.colcon_core.verb:Building package 'umv_msgs' with the following arguments: {'ament_cmake_args': None, 'build_base': '/home/jeongtae/umv_control/build/umv_msgs', 'catkin_cmake_args': None, 'catkin_skip_building_tests': False, 'cmake_args': None, 'cmake_clean_cache': False, 'cmake_clean_first': False, 'cmake_force_configure': False, 'cmake_target': None, 'cmake_target_skip_unavailable': False, 'install_base': '/home/jeongtae/umv_control/install/umv_msgs', 'merge_install': False, 'path': '/home/jeongtae/umv_control/src/umv_msgs', 'symlink_install': False, 'test_result_base': None}
[0.151s] Level 5:colcon.colcon_core.verb:set package 'host_vehicle_filter' build argument 'cmake_args' from command line to 'None'
[0.151s] Level 5:colcon.colcon_core.verb:set package 'host_vehicle_filter' build argument 'cmake_target' from command line to 'None'
[0.151s] Level 5:colcon.colcon_core.verb:set package 'host_vehicle_filter' build argument 'cmake_target_skip_unavailable' from command line to 'False'
[0.151s] Level 5:colcon.colcon_core.verb:set package 'host_vehicle_filter' build argument 'cmake_clean_cache' from command line to 'False'
[0.151s] Level 5:colcon.colcon_core.verb:set package 'host_vehicle_filter' build argument 'cmake_clean_first' from command line to 'False'
[0.151s] Level 5:colcon.colcon_core.verb:set package 'host_vehicle_filter' build argument 'cmake_force_configure' from command line to 'False'
[0.151s] Level 5:colcon.colcon_core.verb:set package 'host_vehicle_filter' build argument 'ament_cmake_args' from command line to 'None'
[0.152s] Level 5:colcon.colcon_core.verb:set package 'host_vehicle_filter' build argument 'catkin_cmake_args' from command line to 'None'
[0.152s] Level 5:colcon.colcon_core.verb:set package 'host_vehicle_filter' build argument 'catkin_skip_building_tests' from command line to 'False'
[0.152s] DEBUG:colcon.colcon_core.verb:Building package 'host_vehicle_filter' with the following arguments: {'ament_cmake_args': None, 'build_base': '/home/jeongtae/umv_control/build/host_vehicle_filter', 'catkin_cmake_args': None, 'catkin_skip_building_tests': False, 'cmake_args': None, 'cmake_clean_cache': False, 'cmake_clean_first': False, 'cmake_force_configure': False, 'cmake_target': None, 'cmake_target_skip_unavailable': False, 'install_base': '/home/jeongtae/umv_control/install/host_vehicle_filter', 'merge_install': False, 'path': '/home/jeongtae/umv_control/src/host_vehicle_filter', 'symlink_install': False, 'test_result_base': None}
[0.152s] Level 5:colcon.colcon_core.verb:set package 'lower_controller' build argument 'cmake_args' from command line to 'None'
[0.152s] Level 5:colcon.colcon_core.verb:set package 'lower_controller' build argument 'cmake_target' from command line to 'None'
[0.152s] Level 5:colcon.colcon_core.verb:set package 'lower_controller' build argument 'cmake_target_skip_unavailable' from command line to 'False'
[0.152s] Level 5:colcon.colcon_core.verb:set package 'lower_controller' build argument 'cmake_clean_cache' from command line to 'False'
[0.152s] Level 5:colcon.colcon_core.verb:set package 'lower_controller' build argument 'cmake_clean_first' from command line to 'False'
[0.152s] Level 5:colcon.colcon_core.verb:set package 'lower_controller' build argument 'cmake_force_configure' from command line to 'False'
[0.152s] Level 5:colcon.colcon_core.verb:set package 'lower_controller' build argument 'ament_cmake_args' from command line to 'None'
[0.152s] Level 5:colcon.colcon_core.verb:set package 'lower_controller' build argument 'catkin_cmake_args' from command line to 'None'
[0.152s] Level 5:colcon.colcon_core.verb:set package 'lower_controller' build argument 'catkin_skip_building_tests' from command line to 'False'
[0.152s] DEBUG:colcon.colcon_core.verb:Building package 'lower_controller' with the following arguments: {'ament_cmake_args': None, 'build_base': '/home/jeongtae/umv_control/build/lower_controller', 'catkin_cmake_args': None, 'catkin_skip_building_tests': False, 'cmake_args': None, 'cmake_clean_cache': False, 'cmake_clean_first': False, 'cmake_force_configure': False, 'cmake_target': None, 'cmake_target_skip_unavailable': False, 'install_base': '/home/jeongtae/umv_control/install/lower_controller', 'merge_install': False, 'path': '/home/jeongtae/umv_control/src/lower_controller', 'symlink_install': False, 'test_result_base': None}
[0.152s] Level 5:colcon.colcon_core.verb:set package 'mppi' build argument 'cmake_args' from command line to 'None'
[0.152s] Level 5:colcon.colcon_core.verb:set package 'mppi' build argument 'cmake_target' from command line to 'None'
[0.152s] Level 5:colcon.colcon_core.verb:set package 'mppi' build argument 'cmake_target_skip_unavailable' from command line to 'False'
[0.152s] Level 5:colcon.colcon_core.verb:set package 'mppi' build argument 'cmake_clean_cache' from command line to 'False'
[0.152s] Level 5:colcon.colcon_core.verb:set package 'mppi' build argument 'cmake_clean_first' from command line to 'False'
[0.152s] Level 5:colcon.colcon_core.verb:set package 'mppi' build argument 'cmake_force_configure' from command line to 'False'
[0.152s] Level 5:colcon.colcon_core.verb:set package 'mppi' build argument 'ament_cmake_args' from command line to 'None'
[0.152s] Level 5:colcon.colcon_core.verb:set package 'mppi' build argument 'catkin_cmake_args' from command line to 'None'
[0.152s] Level 5:colcon.colcon_core.verb:set package 'mppi' build argument 'catkin_skip_building_tests' from command line to 'False'
[0.152s] DEBUG:colcon.colcon_core.verb:Building package 'mppi' with the following arguments: {'ament_cmake_args': None, 'build_base': '/home/jeongtae/umv_control/build/mppi', 'catkin_cmake_args': None, 'catkin_skip_building_tests': False, 'cmake_args': None, 'cmake_clean_cache': False, 'cmake_clean_first': False, 'cmake_force_configure': False, 'cmake_target': None, 'cmake_target_skip_unavailable': False, 'install_base': '/home/jeongtae/umv_control/install/mppi', 'merge_install': False, 'path': '/home/jeongtae/umv_control/src/mppi', 'symlink_install': False, 'test_result_base': None}
[0.152s] INFO:colcon.colcon_core.executor:Executing jobs using 'parallel' executor
[0.153s] DEBUG:colcon.colcon_parallel_executor.executor.parallel:run_until_complete
[0.153s] INFO:colcon.colcon_ros.task.ament_cmake.build:Building ROS package in '/home/jeongtae/umv_control/src/umv_msgs' with build type 'ament_cmake'
[0.153s] INFO:colcon.colcon_cmake.task.cmake.build:Building CMake package in '/home/jeongtae/umv_control/src/umv_msgs'
[0.154s] INFO:colcon.colcon_core.plugin_system:Skipping extension 'colcon_core.shell.bat': Not used on non-Windows systems
[0.154s] INFO:colcon.colcon_core.shell:Skip shell extension 'powershell' for command environment: Not usable outside of PowerShell
[0.154s] DEBUG:colcon.colcon_core.shell:Skip shell extension 'dsv' for command environment
[0.155s] INFO:colcon.colcon_ros.task.ament_python.build:Building ROS package in '/home/jeongtae/umv_control/src/motion_planner' with build type 'ament_python'
[0.155s] Level 1:colcon.colcon_core.shell:create_environment_hook('motion_planner', 'ament_prefix_path')
[0.155s] INFO:colcon.colcon_core.shell:Creating environment hook '/home/jeongtae/umv_control/install/motion_planner/share/motion_planner/hook/ament_prefix_path.ps1'
[0.155s] INFO:colcon.colcon_core.shell:Creating environment descriptor '/home/jeongtae/umv_control/install/motion_planner/share/motion_planner/hook/ament_prefix_path.dsv'
[0.155s] INFO:colcon.colcon_core.shell:Creating environment hook '/home/jeongtae/umv_control/install/motion_planner/share/motion_planner/hook/ament_prefix_path.sh'
[0.156s] INFO:colcon.colcon_core.shell:Skip shell extension 'powershell' for command environment: Not usable outside of PowerShell
[0.156s] DEBUG:colcon.colcon_core.shell:Skip shell extension 'dsv' for command environment
[0.159s] DEBUG:colcon.colcon_core.event_handler.log_command:Invoking command in '/home/jeongtae/umv_control/build/umv_msgs': /usr/bin/cmake --build /home/jeongtae/umv_control/build/umv_msgs -- -j24 -l24
[0.276s] INFO:colcon.colcon_core.task.python.build:Building Python package in '/home/jeongtae/umv_control/src/motion_planner'
[0.276s] INFO:colcon.colcon_core.shell:Skip shell extension 'powershell' for command environment: Not usable outside of PowerShell
[0.276s] DEBUG:colcon.colcon_core.shell:Skip shell extension 'dsv' for command environment
[0.332s] DEBUG:colcon.colcon_core.event_handler.log_command:Invoked command in '/home/jeongtae/umv_control/build/umv_msgs' returned '0': /usr/bin/cmake --build /home/jeongtae/umv_control/build/umv_msgs -- -j24 -l24
[0.385s] DEBUG:colcon.colcon_core.event_handler.log_command:Invoking command in '/home/jeongtae/umv_control/build/umv_msgs': /usr/bin/cmake --install /home/jeongtae/umv_control/build/umv_msgs
[0.412s] Level 1:colcon.colcon_core.environment:create_environment_scripts_only(umv_msgs)
[0.413s] DEBUG:colcon.colcon_core.event_handler.log_command:Invoked command in '/home/jeongtae/umv_control/build/umv_msgs' returned '0': /usr/bin/cmake --install /home/jeongtae/umv_control/build/umv_msgs
[0.414s] Level 1:colcon.colcon_core.environment:checking '/home/jeongtae/umv_control/install/umv_msgs' for CMake module files
[0.414s] Level 1:colcon.colcon_core.environment:checking '/home/jeongtae/umv_control/install/umv_msgs' for CMake config files
[0.414s] Level 1:colcon.colcon_core.shell:create_environment_hook('umv_msgs', 'cmake_prefix_path')
[0.414s] INFO:colcon.colcon_core.shell:Creating environment hook '/home/jeongtae/umv_control/install/umv_msgs/share/umv_msgs/hook/cmake_prefix_path.ps1'
[0.414s] INFO:colcon.colcon_core.shell:Creating environment descriptor '/home/jeongtae/umv_control/install/umv_msgs/share/umv_msgs/hook/cmake_prefix_path.dsv'
[0.415s] INFO:colcon.colcon_core.shell:Creating environment hook '/home/jeongtae/umv_control/install/umv_msgs/share/umv_msgs/hook/cmake_prefix_path.sh'
[0.415s] Level 1:colcon.colcon_core.environment:checking '/home/jeongtae/umv_control/install/umv_msgs/lib'
[0.415s] Level 1:colcon.colcon_core.shell:create_environment_hook('umv_msgs', 'ld_library_path_lib')
[0.415s] INFO:colcon.colcon_core.shell:Creating environment hook '/home/jeongtae/umv_control/install/umv_msgs/share/umv_msgs/hook/ld_library_path_lib.ps1'
[0.415s] INFO:colcon.colcon_core.shell:Creating environment descriptor '/home/jeongtae/umv_control/install/umv_msgs/share/umv_msgs/hook/ld_library_path_lib.dsv'
[0.415s] INFO:colcon.colcon_core.shell:Creating environment hook '/home/jeongtae/umv_control/install/umv_msgs/share/umv_msgs/hook/ld_library_path_lib.sh'
[0.415s] Level 1:colcon.colcon_core.environment:checking '/home/jeongtae/umv_control/install/umv_msgs/bin'
[0.415s] Level 1:colcon.colcon_core.environment:checking '/home/jeongtae/umv_control/install/umv_msgs/lib/pkgconfig/umv_msgs.pc'
[0.416s] Level 1:colcon.colcon_core.environment:checking '/home/jeongtae/umv_control/install/umv_msgs/lib/python3.10/site-packages'
[0.416s] Level 1:colcon.colcon_core.environment:checking '/home/jeongtae/umv_control/install/umv_msgs/bin'
[0.416s] INFO:colcon.colcon_core.shell:Creating package script '/home/jeongtae/umv_control/install/umv_msgs/share/umv_msgs/package.ps1'
[0.416s] INFO:colcon.colcon_core.shell:Creating package descriptor '/home/jeongtae/umv_control/install/umv_msgs/share/umv_msgs/package.dsv'
[0.416s] INFO:colcon.colcon_core.shell:Creating package script '/home/jeongtae/umv_control/install/umv_msgs/share/umv_msgs/package.sh'
[0.417s] INFO:colcon.colcon_core.shell:Creating package script '/home/jeongtae/umv_control/install/umv_msgs/share/umv_msgs/package.bash'
[0.417s] INFO:colcon.colcon_core.shell:Creating package script '/home/jeongtae/umv_control/install/umv_msgs/share/umv_msgs/package.zsh'
[0.417s] Level 1:colcon.colcon_core.environment:create_file_with_runtime_dependencies(/home/jeongtae/umv_control/install/umv_msgs/share/colcon-core/packages/umv_msgs)
[0.440s] DEBUG:colcon.colcon_core.event_handler.log_command:Invoking command in '/home/jeongtae/umv_control/src/motion_planner': PYTHONPATH=/home/jeongtae/umv_control/build/motion_planner/prefix_override:/home/jeongtae/umv_control/install/motion_planner/lib/python3.10/site-packages:${PYTHONPATH} /usr/bin/python3 -W ignore:setup.py install is deprecated setup.py egg_info --egg-base ../../build/motion_planner build --build-base /home/jeongtae/umv_control/build/motion_planner/build install --record /home/jeongtae/umv_control/build/motion_planner/install.log --single-version-externally-managed install_data
[0.463s] Level 1:colcon.colcon_core.environment:create_environment_scripts_only(umv_msgs)
[0.463s] Level 1:colcon.colcon_core.environment:checking '/home/jeongtae/umv_control/install/umv_msgs' for CMake module files
[0.463s] Level 1:colcon.colcon_core.environment:checking '/home/jeongtae/umv_control/install/umv_msgs' for CMake config files
[0.463s] Level 1:colcon.colcon_core.shell:create_environment_hook('umv_msgs', 'cmake_prefix_path')
[0.464s] INFO:colcon.colcon_core.shell:Creating environment hook '/home/jeongtae/umv_control/install/umv_msgs/share/umv_msgs/hook/cmake_prefix_path.ps1'
[0.464s] INFO:colcon.colcon_core.shell:Creating environment descriptor '/home/jeongtae/umv_control/install/umv_msgs/share/umv_msgs/hook/cmake_prefix_path.dsv'
[0.464s] INFO:colcon.colcon_core.shell:Creating environment hook '/home/jeongtae/umv_control/install/umv_msgs/share/umv_msgs/hook/cmake_prefix_path.sh'
[0.464s] Level 1:colcon.colcon_core.environment:checking '/home/jeongtae/umv_control/install/umv_msgs/lib'
[0.464s] Level 1:colcon.colcon_core.shell:create_environment_hook('umv_msgs', 'ld_library_path_lib')
[0.464s] INFO:colcon.colcon_core.shell:Creating environment hook '/home/jeongtae/umv_control/install/umv_msgs/share/umv_msgs/hook/ld_library_path_lib.ps1'
[0.464s] INFO:colcon.colcon_core.shell:Creating environment descriptor '/home/jeongtae/umv_control/install/umv_msgs/share/umv_msgs/hook/ld_library_path_lib.dsv'
[0.465s] INFO:colcon.colcon_core.shell:Creating environment hook '/home/jeongtae/umv_control/install/umv_msgs/share/umv_msgs/hook/ld_library_path_lib.sh'
[0.465s] Level 1:colcon.colcon_core.environment:checking '/home/jeongtae/umv_control/install/umv_msgs/bin'
[0.465s] Level 1:colcon.colcon_core.environment:checking '/home/jeongtae/umv_control/install/umv_msgs/lib/pkgconfig/umv_msgs.pc'
[0.465s] Level 1:colcon.colcon_core.environment:checking '/home/jeongtae/umv_control/install/umv_msgs/lib/python3.10/site-packages'
[0.465s] Level 1:colcon.colcon_core.environment:checking '/home/jeongtae/umv_control/install/umv_msgs/bin'
[0.465s] INFO:colcon.colcon_core.shell:Creating package script '/home/jeongtae/umv_control/install/umv_msgs/share/umv_msgs/package.ps1'
[0.465s] INFO:colcon.colcon_core.shell:Creating package descriptor '/home/jeongtae/umv_control/install/umv_msgs/share/umv_msgs/package.dsv'
[0.465s] INFO:colcon.colcon_core.shell:Creating package script '/home/jeongtae/umv_control/install/umv_msgs/share/umv_msgs/package.sh'
[0.466s] INFO:colcon.colcon_core.shell:Creating package script '/home/jeongtae/umv_control/install/umv_msgs/share/umv_msgs/package.bash'
[0.466s] INFO:colcon.colcon_core.shell:Creating package script '/home/jeongtae/umv_control/install/umv_msgs/share/umv_msgs/package.zsh'
[0.466s] Level 1:colcon.colcon_core.environment:create_file_with_runtime_dependencies(/home/jeongtae/umv_control/install/umv_msgs/share/colcon-core/packages/umv_msgs)
[0.466s] INFO:colcon.colcon_ros.task.ament_python.build:Building ROS package in '/home/jeongtae/umv_control/src/host_vehicle_filter' with build type 'ament_python'
[0.466s] Level 1:colcon.colcon_core.shell:create_environment_hook('host_vehicle_filter', 'ament_prefix_path')
[0.466s] INFO:colcon.colcon_core.shell:Creating environment hook '/home/jeongtae/umv_control/install/host_vehicle_filter/share/host_vehicle_filter/hook/ament_prefix_path.ps1'
[0.466s] INFO:colcon.colcon_core.shell:Creating environment descriptor '/home/jeongtae/umv_control/install/host_vehicle_filter/share/host_vehicle_filter/hook/ament_prefix_path.dsv'
[0.467s] INFO:colcon.colcon_core.shell:Creating environment hook '/home/jeongtae/umv_control/install/host_vehicle_filter/share/host_vehicle_filter/hook/ament_prefix_path.sh'
[0.467s] INFO:colcon.colcon_core.shell:Skip shell extension 'powershell' for command environment: Not usable outside of PowerShell
[0.467s] DEBUG:colcon.colcon_core.shell:Skip shell extension 'dsv' for command environment
[0.468s] INFO:colcon.colcon_ros.task.ament_python.build:Building ROS package in '/home/jeongtae/umv_control/src/lower_controller' with build type 'ament_python'
[0.468s] Level 1:colcon.colcon_core.shell:create_environment_hook('lower_controller', 'ament_prefix_path')
[0.468s] INFO:colcon.colcon_core.shell:Creating environment hook '/home/jeongtae/umv_control/install/lower_controller/share/lower_controller/hook/ament_prefix_path.ps1'
[0.468s] INFO:colcon.colcon_core.shell:Creating environment descriptor '/home/jeongtae/umv_control/install/lower_controller/share/lower_controller/hook/ament_prefix_path.dsv'
[0.468s] INFO:colcon.colcon_core.shell:Creating environment hook '/home/jeongtae/umv_control/install/lower_controller/share/lower_controller/hook/ament_prefix_path.sh'
[0.468s] INFO:colcon.colcon_core.shell:Skip shell extension 'powershell' for command environment: Not usable outside of PowerShell
[0.468s] DEBUG:colcon.colcon_core.shell:Skip shell extension 'dsv' for command environment
[0.469s] INFO:colcon.colcon_ros.task.ament_cmake.build:Building ROS package in '/home/jeongtae/umv_control/src/mppi' with build type 'ament_cmake'
[0.469s] INFO:colcon.colcon_cmake.task.cmake.build:Building CMake package in '/home/jeongtae/umv_control/src/mppi'
[0.469s] INFO:colcon.colcon_core.shell:Skip shell extension 'powershell' for command environment: Not usable outside of PowerShell
[0.469s] DEBUG:colcon.colcon_core.shell:Skip shell extension 'dsv' for command environment
[0.599s] INFO:colcon.colcon_core.task.python.build:Building Python package in '/home/jeongtae/umv_control/src/host_vehicle_filter'
[0.599s] INFO:colcon.colcon_core.shell:Skip shell extension 'powershell' for command environment: Not usable outside of PowerShell
[0.599s] DEBUG:colcon.colcon_core.shell:Skip shell extension 'dsv' for command environment
[0.715s] INFO:colcon.colcon_core.task.python.build:Building Python package in '/home/jeongtae/umv_control/src/lower_controller'
[0.715s] INFO:colcon.colcon_core.shell:Skip shell extension 'powershell' for command environment: Not usable outside of PowerShell
[0.715s] DEBUG:colcon.colcon_core.shell:Skip shell extension 'dsv' for command environment
[0.719s] DEBUG:colcon.colcon_core.event_handler.log_command:Invoking command in '/home/jeongtae/umv_control/build/mppi': AMENT_PREFIX_PATH=/home/jeongtae/umv_control/install/umv_msgs CMAKE_PREFIX_PATH=/home/jeongtae/umv_control/install/umv_msgs LD_LIBRARY_PATH=/home/jeongtae/umv_control/install/umv_msgs/lib:/home/jeongtae/AirSim/ros2/install/airsim_ros_pkgs/lib:/home/jeongtae/AirSim/ros2/install/airsim_interfaces/lib:/opt/ros/humble/opt/rviz_ogre_vendor/lib:/opt/ros/humble/lib/x86_64-linux-gnu:/opt/ros/humble/lib /usr/bin/cmake --build /home/jeongtae/umv_control/build/mppi -- -j24 -l24
[0.719s] Level 1:colcon.colcon_core.environment:checking '/home/jeongtae/umv_control/install/motion_planner' for CMake module files
[0.720s] DEBUG:colcon.colcon_core.event_handler.log_command:Invoked command in '/home/jeongtae/umv_control/src/motion_planner' returned '0': PYTHONPATH=/home/jeongtae/umv_control/build/motion_planner/prefix_override:/home/jeongtae/umv_control/install/motion_planner/lib/python3.10/site-packages:${PYTHONPATH} /usr/bin/python3 -W ignore:setup.py install is deprecated setup.py egg_info --egg-base ../../build/motion_planner build --build-base /home/jeongtae/umv_control/build/motion_planner/build install --record /home/jeongtae/umv_control/build/motion_planner/install.log --single-version-externally-managed install_data
[0.720s] Level 1:colcon.colcon_core.environment:checking '/home/jeongtae/umv_control/install/motion_planner' for CMake config files
[0.720s] Level 1:colcon.colcon_core.environment:checking '/home/jeongtae/umv_control/install/motion_planner/lib'
[0.720s] Level 1:colcon.colcon_core.environment:checking '/home/jeongtae/umv_control/install/motion_planner/bin'
[0.720s] Level 1:colcon.colcon_core.environment:checking '/home/jeongtae/umv_control/install/motion_planner/lib/pkgconfig/motion_planner.pc'
[0.720s] Level 1:colcon.colcon_core.environment:checking '/home/jeongtae/umv_control/install/motion_planner/lib/python3.10/site-packages'
[0.720s] Level 1:colcon.colcon_core.shell:create_environment_hook('motion_planner', 'pythonpath')
[0.720s] INFO:colcon.colcon_core.shell:Creating environment hook '/home/jeongtae/umv_control/install/motion_planner/share/motion_planner/hook/pythonpath.ps1'
[0.720s] INFO:colcon.colcon_core.shell:Creating environment descriptor '/home/jeongtae/umv_control/install/motion_planner/share/motion_planner/hook/pythonpath.dsv'
[0.721s] INFO:colcon.colcon_core.shell:Creating environment hook '/home/jeongtae/umv_control/install/motion_planner/share/motion_planner/hook/pythonpath.sh'
[0.721s] Level 1:colcon.colcon_core.environment:checking '/home/jeongtae/umv_control/install/motion_planner/bin'
[0.721s] Level 1:colcon.colcon_core.environment:create_environment_scripts_only(motion_planner)
[0.721s] INFO:colcon.colcon_core.shell:Creating package script '/home/jeongtae/umv_control/install/motion_planner/share/motion_planner/package.ps1'
[0.721s] INFO:colcon.colcon_core.shell:Creating package descriptor '/home/jeongtae/umv_control/install/motion_planner/share/motion_planner/package.dsv'
[0.721s] INFO:colcon.colcon_core.shell:Creating package script '/home/jeongtae/umv_control/install/motion_planner/share/motion_planner/package.sh'
[0.721s] INFO:colcon.colcon_core.shell:Creating package script '/home/jeongtae/umv_control/install/motion_planner/share/motion_planner/package.bash'
[0.721s] INFO:colcon.colcon_core.shell:Creating package script '/home/jeongtae/umv_control/install/motion_planner/share/motion_planner/package.zsh'
[0.722s] Level 1:colcon.colcon_core.environment:create_file_with_runtime_dependencies(/home/jeongtae/umv_control/install/motion_planner/share/colcon-core/packages/motion_planner)
[0.751s] DEBUG:colcon.colcon_core.event_handler.log_command:Invoked command in '/home/jeongtae/umv_control/build/mppi' returned '0': AMENT_PREFIX_PATH=/home/jeongtae/umv_control/install/umv_msgs CMAKE_PREFIX_PATH=/home/jeongtae/umv_control/install/umv_msgs LD_LIBRARY_PATH=/home/jeongtae/umv_control/install/umv_msgs/lib:/home/jeongtae/AirSim/ros2/install/airsim_ros_pkgs/lib:/home/jeongtae/AirSim/ros2/install/airsim_interfaces/lib:/opt/ros/humble/opt/rviz_ogre_vendor/lib:/opt/ros/humble/lib/x86_64-linux-gnu:/opt/ros/humble/lib /usr/bin/cmake --build /home/jeongtae/umv_control/build/mppi -- -j24 -l24
[0.763s] DEBUG:colcon.colcon_core.event_handler.log_command:Invoking command in '/home/jeongtae/umv_control/build/mppi': AMENT_PREFIX_PATH=/home/jeongtae/umv_control/install/umv_msgs CMAKE_PREFIX_PATH=/home/jeongtae/umv_control/install/umv_msgs LD_LIBRARY_PATH=/home/jeongtae/umv_control/install/umv_msgs/lib:/home/jeongtae/AirSim/ros2/install/airsim_ros_pkgs/lib:/home/jeongtae/AirSim/ros2/install/airsim_interfaces/lib:/opt/ros/humble/opt/rviz_ogre_vendor/lib:/opt/ros/humble/lib/x86_64-linux-gnu:/opt/ros/humble/lib /usr/bin/cmake --install /home/jeongtae/umv_control/build/mppi
[0.768s] Level 1:colcon.colcon_core.environment:create_environment_scripts_only(mppi)
[0.768s] Level 1:colcon.colcon_core.environment:checking '/home/jeongtae/umv_control/install/mppi' for CMake module files
[0.768s] DEBUG:colcon.colcon_core.event_handler.log_command:Invoked command in '/home/jeongtae/umv_control/build/mppi' returned '0': AMENT_PREFIX_PATH=/home/jeongtae/umv_control/install/umv_msgs CMAKE_PREFIX_PATH=/home/jeongtae/umv_control/install/umv_msgs LD_LIBRARY_PATH=/home/jeongtae/umv_control/install/umv_msgs/lib:/home/jeongtae/AirSim/ros2/install/airsim_ros_pkgs/lib:/home/jeongtae/AirSim/ros2/install/airsim_interfaces/lib:/opt/ros/humble/opt/rviz_ogre_vendor/lib:/opt/ros/humble/lib/x86_64-linux-gnu:/opt/ros/humble/lib /usr/bin/cmake --install /home/jeongtae/umv_control/build/mppi
[0.768s] Level 1:colcon.colcon_core.environment:checking '/home/jeongtae/umv_control/install/mppi' for CMake config files
[0.768s] Level 1:colcon.colcon_core.shell:create_environment_hook('mppi', 'cmake_prefix_path')
[0.768s] INFO:colcon.colcon_core.shell:Creating environment hook '/home/jeongtae/umv_control/install/mppi/share/mppi/hook/cmake_prefix_path.ps1'
[0.769s] INFO:colcon.colcon_core.shell:Creating environment descriptor '/home/jeongtae/umv_control/install/mppi/share/mppi/hook/cmake_prefix_path.dsv'
[0.769s] INFO:colcon.colcon_core.shell:Creating environment hook '/home/jeongtae/umv_control/install/mppi/share/mppi/hook/cmake_prefix_path.sh'
[0.769s] Level 1:colcon.colcon_core.environment:checking '/home/jeongtae/umv_control/install/mppi/lib'
[0.769s] Level 1:colcon.colcon_core.environment:checking '/home/jeongtae/umv_control/install/mppi/bin'
[0.769s] Level 1:colcon.colcon_core.environment:checking '/home/jeongtae/umv_control/install/mppi/lib/pkgconfig/mppi.pc'
[0.769s] Level 1:colcon.colcon_core.environment:checking '/home/jeongtae/umv_control/install/mppi/lib/python3.10/site-packages'
[0.769s] Level 1:colcon.colcon_core.environment:checking '/home/jeongtae/umv_control/install/mppi/bin'
[0.769s] INFO:colcon.colcon_core.shell:Creating package script '/home/jeongtae/umv_control/install/mppi/share/mppi/package.ps1'
[0.770s] INFO:colcon.colcon_core.shell:Creating package descriptor '/home/jeongtae/umv_control/install/mppi/share/mppi/package.dsv'
[0.770s] INFO:colcon.colcon_core.shell:Creating package script '/home/jeongtae/umv_control/install/mppi/share/mppi/package.sh'
[0.770s] INFO:colcon.colcon_core.shell:Creating package script '/home/jeongtae/umv_control/install/mppi/share/mppi/package.bash'
[0.770s] INFO:colcon.colcon_core.shell:Creating package script '/home/jeongtae/umv_control/install/mppi/share/mppi/package.zsh'
[0.770s] Level 1:colcon.colcon_core.environment:create_file_with_runtime_dependencies(/home/jeongtae/umv_control/install/mppi/share/colcon-core/packages/mppi)
[0.781s] Level 1:colcon.colcon_core.environment:create_environment_scripts_only(mppi)
[0.782s] Level 1:colcon.colcon_core.environment:checking '/home/jeongtae/umv_control/install/mppi' for CMake module files
[0.782s] Level 1:colcon.colcon_core.environment:checking '/home/jeongtae/umv_control/install/mppi' for CMake config files
[0.782s] Level 1:colcon.colcon_core.shell:create_environment_hook('mppi', 'cmake_prefix_path')
[0.782s] INFO:colcon.colcon_core.shell:Creating environment hook '/home/jeongtae/umv_control/install/mppi/share/mppi/hook/cmake_prefix_path.ps1'
[0.782s] INFO:colcon.colcon_core.shell:Creating environment descriptor '/home/jeongtae/umv_control/install/mppi/share/mppi/hook/cmake_prefix_path.dsv'
[0.782s] INFO:colcon.colcon_core.shell:Creating environment hook '/home/jeongtae/umv_control/install/mppi/share/mppi/hook/cmake_prefix_path.sh'
[0.783s] Level 1:colcon.colcon_core.environment:checking '/home/jeongtae/umv_control/install/mppi/lib'
[0.783s] Level 1:colcon.colcon_core.environment:checking '/home/jeongtae/umv_control/install/mppi/bin'
[0.783s] Level 1:colcon.colcon_core.environment:checking '/home/jeongtae/umv_control/install/mppi/lib/pkgconfig/mppi.pc'
[0.783s] Level 1:colcon.colcon_core.environment:checking '/home/jeongtae/umv_control/install/mppi/lib/python3.10/site-packages'
[0.783s] Level 1:colcon.colcon_core.environment:checking '/home/jeongtae/umv_control/install/mppi/bin'
[0.784s] INFO:colcon.colcon_core.shell:Creating package script '/home/jeongtae/umv_control/install/mppi/share/mppi/package.ps1'
[0.784s] INFO:colcon.colcon_core.shell:Creating package descriptor '/home/jeongtae/umv_control/install/mppi/share/mppi/package.dsv'
[0.784s] INFO:colcon.colcon_core.shell:Creating package script '/home/jeongtae/umv_control/install/mppi/share/mppi/package.sh'
[0.785s] INFO:colcon.colcon_core.shell:Creating package script '/home/jeongtae/umv_control/install/mppi/share/mppi/package.bash'
[0.785s] INFO:colcon.colcon_core.shell:Creating package script '/home/jeongtae/umv_control/install/mppi/share/mppi/package.zsh'
[0.785s] Level 1:colcon.colcon_core.environment:create_file_with_runtime_dependencies(/home/jeongtae/umv_control/install/mppi/share/colcon-core/packages/mppi)
[0.877s] DEBUG:colcon.colcon_core.event_handler.log_command:Invoking command in '/home/jeongtae/umv_control/src/host_vehicle_filter': AMENT_PREFIX_PATH=/home/jeongtae/umv_control/install/umv_msgs CMAKE_PREFIX_PATH=/home/jeongtae/umv_control/install/umv_msgs LD_LIBRARY_PATH=/home/jeongtae/umv_control/install/umv_msgs/lib:/home/jeongtae/AirSim/ros2/install/airsim_ros_pkgs/lib:/home/jeongtae/AirSim/ros2/install/airsim_interfaces/lib:/opt/ros/humble/opt/rviz_ogre_vendor/lib:/opt/ros/humble/lib/x86_64-linux-gnu:/opt/ros/humble/lib PYTHONPATH=/home/jeongtae/umv_control/build/host_vehicle_filter/prefix_override:/home/jeongtae/umv_control/install/host_vehicle_filter/lib/python3.10/site-packages:${PYTHONPATH} /usr/bin/python3 -W ignore:setup.py install is deprecated setup.py egg_info --egg-base ../../build/host_vehicle_filter build --build-base /home/jeongtae/umv_control/build/host_vehicle_filter/build install --record /home/jeongtae/umv_control/build/host_vehicle_filter/install.log --single-version-externally-managed install_data
[0.900s] DEBUG:colcon.colcon_core.event_handler.log_command:Invoking command in '/home/jeongtae/umv_control/src/lower_controller': AMENT_PREFIX_PATH=/home/jeongtae/umv_control/install/umv_msgs CMAKE_PREFIX_PATH=/home/jeongtae/umv_control/install/umv_msgs LD_LIBRARY_PATH=/home/jeongtae/umv_control/install/umv_msgs/lib:/home/jeongtae/AirSim/ros2/install/airsim_ros_pkgs/lib:/home/jeongtae/AirSim/ros2/install/airsim_interfaces/lib:/opt/ros/humble/opt/rviz_ogre_vendor/lib:/opt/ros/humble/lib/x86_64-linux-gnu:/opt/ros/humble/lib PYTHONPATH=/home/jeongtae/umv_control/build/lower_controller/prefix_override:/home/jeongtae/umv_control/install/lower_controller/lib/python3.10/site-packages:${PYTHONPATH} /usr/bin/python3 -W ignore:setup.py install is deprecated setup.py egg_info --egg-base ../../build/lower_controller build --build-base /home/jeongtae/umv_control/build/lower_controller/build install --record /home/jeongtae/umv_control/build/lower_controller/install.log --single-version-externally-managed install_data
[1.008s] Level 1:colcon.colcon_core.environment:checking '/home/jeongtae/umv_control/install/host_vehicle_filter' for CMake module files
[1.009s] DEBUG:colcon.colcon_core.event_handler.log_command:Invoked command in '/home/jeongtae/umv_control/src/host_vehicle_filter' returned '0': AMENT_PREFIX_PATH=/home/jeongtae/umv_control/install/umv_msgs CMAKE_PREFIX_PATH=/home/jeongtae/umv_control/install/umv_msgs LD_LIBRARY_PATH=/home/jeongtae/umv_control/install/umv_msgs/lib:/home/jeongtae/AirSim/ros2/install/airsim_ros_pkgs/lib:/home/jeongtae/AirSim/ros2/install/airsim_interfaces/lib:/opt/ros/humble/opt/rviz_ogre_vendor/lib:/opt/ros/humble/lib/x86_64-linux-gnu:/opt/ros/humble/lib PYTHONPATH=/home/jeongtae/umv_control/build/host_vehicle_filter/prefix_override:/home/jeongtae/umv_control/install/host_vehicle_filter/lib/python3.10/site-packages:${PYTHONPATH} /usr/bin/python3 -W ignore:setup.py install is deprecated setup.py egg_info --egg-base ../../build/host_vehicle_filter build --build-base /home/jeongtae/umv_control/build/host_vehicle_filter/build install --record /home/jeongtae/umv_control/build/host_vehicle_filter/install.log --single-version-externally-managed install_data
[1.009s] Level 1:colcon.colcon_core.environment:checking '/home/jeongtae/umv_control/install/host_vehicle_filter' for CMake config files
[1.009s] Level 1:colcon.colcon_core.environment:checking '/home/jeongtae/umv_control/install/host_vehicle_filter/lib'
[1.009s] Level 1:colcon.colcon_core.environment:checking '/home/jeongtae/umv_control/install/host_vehicle_filter/bin'
[1.009s] Level 1:colcon.colcon_core.environment:checking '/home/jeongtae/umv_control/install/host_vehicle_filter/lib/pkgconfig/host_vehicle_filter.pc'
[1.009s] Level 1:colcon.colcon_core.environment:checking '/home/jeongtae/umv_control/install/host_vehicle_filter/lib/python3.10/site-packages'
[1.009s] Level 1:colcon.colcon_core.shell:create_environment_hook('host_vehicle_filter', 'pythonpath')
[1.009s] INFO:colcon.colcon_core.shell:Creating environment hook '/home/jeongtae/umv_control/install/host_vehicle_filter/share/host_vehicle_filter/hook/pythonpath.ps1'
[1.009s] INFO:colcon.colcon_core.shell:Creating environment descriptor '/home/jeongtae/umv_control/install/host_vehicle_filter/share/host_vehicle_filter/hook/pythonpath.dsv'
[1.010s] INFO:colcon.colcon_core.shell:Creating environment hook '/home/jeongtae/umv_control/install/host_vehicle_filter/share/host_vehicle_filter/hook/pythonpath.sh'
[1.010s] Level 1:colcon.colcon_core.environment:checking '/home/jeongtae/umv_control/install/host_vehicle_filter/bin'
[1.010s] Level 1:colcon.colcon_core.environment:create_environment_scripts_only(host_vehicle_filter)
[1.010s] INFO:colcon.colcon_core.shell:Creating package script '/home/jeongtae/umv_control/install/host_vehicle_filter/share/host_vehicle_filter/package.ps1'
[1.010s] INFO:colcon.colcon_core.shell:Creating package descriptor '/home/jeongtae/umv_control/install/host_vehicle_filter/share/host_vehicle_filter/package.dsv'
[1.010s] INFO:colcon.colcon_core.shell:Creating package script '/home/jeongtae/umv_control/install/host_vehicle_filter/share/host_vehicle_filter/package.sh'
[1.011s] INFO:colcon.colcon_core.shell:Creating package script '/home/jeongtae/umv_control/install/host_vehicle_filter/share/host_vehicle_filter/package.bash'
[1.011s] INFO:colcon.colcon_core.shell:Creating package script '/home/jeongtae/umv_control/install/host_vehicle_filter/share/host_vehicle_filter/package.zsh'
[1.011s] Level 1:colcon.colcon_core.environment:create_file_with_runtime_dependencies(/home/jeongtae/umv_control/install/host_vehicle_filter/share/colcon-core/packages/host_vehicle_filter)
[1.041s] Level 1:colcon.colcon_core.environment:checking '/home/jeongtae/umv_control/install/lower_controller' for CMake module files
[1.041s] DEBUG:colcon.colcon_core.event_handler.log_command:Invoked command in '/home/jeongtae/umv_control/src/lower_controller' returned '0': AMENT_PREFIX_PATH=/home/jeongtae/umv_control/install/umv_msgs CMAKE_PREFIX_PATH=/home/jeongtae/umv_control/install/umv_msgs LD_LIBRARY_PATH=/home/jeongtae/umv_control/install/umv_msgs/lib:/home/jeongtae/AirSim/ros2/install/airsim_ros_pkgs/lib:/home/jeongtae/AirSim/ros2/install/airsim_interfaces/lib:/opt/ros/humble/opt/rviz_ogre_vendor/lib:/opt/ros/humble/lib/x86_64-linux-gnu:/opt/ros/humble/lib PYTHONPATH=/home/jeongtae/umv_control/build/lower_controller/prefix_override:/home/jeongtae/umv_control/install/lower_controller/lib/python3.10/site-packages:${PYTHONPATH} /usr/bin/python3 -W ignore:setup.py install is deprecated setup.py egg_info --egg-base ../../build/lower_controller build --build-base /home/jeongtae/umv_control/build/lower_controller/build install --record /home/jeongtae/umv_control/build/lower_controller/install.log --single-version-externally-managed install_data
[1.041s] Level 1:colcon.colcon_core.environment:checking '/home/jeongtae/umv_control/install/lower_controller' for CMake config files
[1.041s] Level 1:colcon.colcon_core.environment:checking '/home/jeongtae/umv_control/install/lower_controller/lib'
[1.041s] Level 1:colcon.colcon_core.environment:checking '/home/jeongtae/umv_control/install/lower_controller/bin'
[1.041s] Level 1:colcon.colcon_core.environment:checking '/home/jeongtae/umv_control/install/lower_controller/lib/pkgconfig/lower_controller.pc'
[1.042s] Level 1:colcon.colcon_core.environment:checking '/home/jeongtae/umv_control/install/lower_controller/lib/python3.10/site-packages'
[1.042s] Level 1:colcon.colcon_core.shell:create_environment_hook('lower_controller', 'pythonpath')
[1.042s] INFO:colcon.colcon_core.shell:Creating environment hook '/home/jeongtae/umv_control/install/lower_controller/share/lower_controller/hook/pythonpath.ps1'
[1.042s] INFO:colcon.colcon_core.shell:Creating environment descriptor '/home/jeongtae/umv_control/install/lower_controller/share/lower_controller/hook/pythonpath.dsv'
[1.042s] INFO:colcon.colcon_core.shell:Creating environment hook '/home/jeongtae/umv_control/install/lower_controller/share/lower_controller/hook/pythonpath.sh'
[1.042s] Level 1:colcon.colcon_core.environment:checking '/home/jeongtae/umv_control/install/lower_controller/bin'
[1.042s] Level 1:colcon.colcon_core.environment:create_environment_scripts_only(lower_controller)
[1.042s] INFO:colcon.colcon_core.shell:Creating package script '/home/jeongtae/umv_control/install/lower_controller/share/lower_controller/package.ps1'
[1.043s] INFO:colcon.colcon_core.shell:Creating package descriptor '/home/jeongtae/umv_control/install/lower_controller/share/lower_controller/package.dsv'
[1.043s] INFO:colcon.colcon_core.shell:Creating package script '/home/jeongtae/umv_control/install/lower_controller/share/lower_controller/package.sh'
[1.043s] INFO:colcon.colcon_core.shell:Creating package script '/home/jeongtae/umv_control/install/lower_controller/share/lower_controller/package.bash'
[1.043s] INFO:colcon.colcon_core.shell:Creating package script '/home/jeongtae/umv_control/install/lower_controller/share/lower_controller/package.zsh'
[1.043s] Level 1:colcon.colcon_core.environment:create_file_with_runtime_dependencies(/home/jeongtae/umv_control/install/lower_controller/share/colcon-core/packages/lower_controller)
[1.043s] DEBUG:colcon.colcon_parallel_executor.executor.parallel:closing loop
[1.043s] DEBUG:colcon.colcon_parallel_executor.executor.parallel:loop closed
[1.043s] DEBUG:colcon.colcon_parallel_executor.executor.parallel:run_until_complete finished with '0'
[1.043s] DEBUG:colcon.colcon_core.event_reactor:joining thread
[1.046s] INFO:colcon.colcon_core.plugin_system:Skipping extension 'colcon_notification.desktop_notification.terminal_notifier': Not used on non-Darwin systems
[1.046s] INFO:colcon.colcon_core.plugin_system:Skipping extension 'colcon_notification.desktop_notification.win32': Not used on non-Windows systems
[1.046s] INFO:colcon.colcon_notification.desktop_notification:Sending desktop notification using 'notify2'
[1.065s] DEBUG:colcon.colcon_core.event_reactor:joined thread
[1.066s] INFO:colcon.colcon_core.shell:Creating prefix script '/home/jeongtae/umv_control/install/local_setup.ps1'
[1.066s] INFO:colcon.colcon_core.shell:Creating prefix util module '/home/jeongtae/umv_control/install/_local_setup_util_ps1.py'
[1.067s] INFO:colcon.colcon_core.shell:Creating prefix chain script '/home/jeongtae/umv_control/install/setup.ps1'
[1.068s] INFO:colcon.colcon_core.shell:Creating prefix script '/home/jeongtae/umv_control/install/local_setup.sh'
[1.068s] INFO:colcon.colcon_core.shell:Creating prefix util module '/home/jeongtae/umv_control/install/_local_setup_util_sh.py'
[1.068s] INFO:colcon.colcon_core.shell:Creating prefix chain script '/home/jeongtae/umv_control/install/setup.sh'
[1.069s] INFO:colcon.colcon_core.shell:Creating prefix script '/home/jeongtae/umv_control/install/local_setup.bash'
[1.069s] INFO:colcon.colcon_core.shell:Creating prefix chain script '/home/jeongtae/umv_control/install/setup.bash'
[1.070s] INFO:colcon.colcon_core.shell:Creating prefix script '/home/jeongtae/umv_control/install/local_setup.zsh'
[1.070s] INFO:colcon.colcon_core.shell:Creating prefix chain script '/home/jeongtae/umv_control/install/setup.zsh'
