[0.007s] Invoking command in '/home/jeongtae/umv_control/build/umv_msgs': CMAKE_PREFIX_PATH=${CMAKE_PREFIX_PATH}:/home/jeongtae/umv_control/install/lower_controller:/home/jeongtae/umv_control/install/host_vehicle_filter:/home/jeongtae/umv_control/install/motion_planner:/opt/ros/humble /usr/bin/cmake /home/jeongtae/umv_control/src/umv_msgs -DCMAKE_INSTALL_PREFIX=/home/jeongtae/umv_control/install/umv_msgs
[0.031s] -- The C compiler identification is GNU 11.4.0
[0.058s] -- The CXX compiler identification is GNU 11.4.0
[0.062s] -- Detecting C compiler ABI info
[0.094s] -- Detecting C compiler ABI info - done
[0.097s] -- Check for working C compiler: /usr/bin/cc - skipped
[0.097s] -- Detecting C compile features
[0.097s] -- Detecting C compile features - done
[0.099s] -- Detecting CXX compiler ABI info
[0.138s] -- Detecting CXX compiler ABI info - done
[0.142s] -- Check for working CXX compiler: /usr/bin/c++ - skipped
[0.142s] -- Detecting CXX compile features
[0.142s] -- Detecting CXX compile features - done
[0.143s] -- Found ament_cmake: 1.3.8 (/opt/ros/humble/share/ament_cmake/cmake)
[0.218s] -- Found Python3: /usr/bin/python3 (found version "3.10.12") found components: Interpreter 
[0.259s] -- Found rosidl_default_generators: 1.2.0 (/opt/ros/humble/share/rosidl_default_generators/cmake)
[0.261s] -- Using all available rosidl_typesupport_c: rosidl_typesupport_fastrtps_c;rosidl_typesupport_introspection_c
[0.264s] -- Found rosidl_adapter: 3.1.5 (/opt/ros/humble/share/rosidl_adapter/cmake)
[0.283s] -- Using all available rosidl_typesupport_cpp: rosidl_typesupport_fastrtps_cpp;rosidl_typesupport_introspection_cpp
[0.300s] -- Found std_msgs: 4.2.3 (/opt/ros/humble/share/std_msgs/cmake)
[0.330s] -- Found geometry_msgs: 4.2.3 (/opt/ros/humble/share/geometry_msgs/cmake)
[0.352s] -- Found geographic_msgs: 1.0.6 (/opt/ros/humble/share/geographic_msgs/cmake)
[0.581s] -- Found ament_cmake_ros: 0.10.0 (/opt/ros/humble/share/ament_cmake_ros/cmake)
[0.729s] -- Using all available rosidl_typesupport_c: rosidl_typesupport_fastrtps_c;rosidl_typesupport_introspection_c
[0.911s] -- Using all available rosidl_typesupport_cpp: rosidl_typesupport_fastrtps_cpp;rosidl_typesupport_introspection_cpp
[0.924s] -- Found PythonInterp: /usr/bin/python3 (found suitable version "3.10.12", minimum required is "3.6") 
[0.924s] -- Found python_cmake_module: 0.10.0 (/opt/ros/humble/share/python_cmake_module/cmake)
[0.939s] -- Found PythonLibs: /usr/lib/x86_64-linux-gnu/libpython3.10.so (found suitable version "3.10.12", minimum required is "3.5") 
[0.939s] -- Using PYTHON_EXECUTABLE: /usr/bin/python3
[0.939s] -- Using PYTHON_INCLUDE_DIRS: /usr/include/python3.10
[0.939s] -- Using PYTHON_LIBRARIES: /usr/lib/x86_64-linux-gnu/libpython3.10.so
[0.954s] -- Found PythonExtra: .so  
[0.993s] -- Found ament_lint_auto: 0.12.10 (/opt/ros/humble/share/ament_lint_auto/cmake)
[1.001s] -- Added test 'lint_cmake' to check CMake code style
[1.002s] -- Added test 'xmllint' to check XML markup files
[1.003s] -- Configuring done
[1.023s] -- Generating done
[1.024s] -- Build files have been written to: /home/jeongtae/umv_control/build/umv_msgs
[1.029s] Invoked command in '/home/jeongtae/umv_control/build/umv_msgs' returned '0': CMAKE_PREFIX_PATH=${CMAKE_PREFIX_PATH}:/home/jeongtae/umv_control/install/lower_controller:/home/jeongtae/umv_control/install/host_vehicle_filter:/home/jeongtae/umv_control/install/motion_planner:/opt/ros/humble /usr/bin/cmake /home/jeongtae/umv_control/src/umv_msgs -DCMAKE_INSTALL_PREFIX=/home/jeongtae/umv_control/install/umv_msgs
[1.030s] Invoking command in '/home/jeongtae/umv_control/build/umv_msgs': CMAKE_PREFIX_PATH=${CMAKE_PREFIX_PATH}:/home/jeongtae/umv_control/install/lower_controller:/home/jeongtae/umv_control/install/host_vehicle_filter:/home/jeongtae/umv_control/install/motion_planner:/opt/ros/humble /usr/bin/cmake --build /home/jeongtae/umv_control/build/umv_msgs -- -j24 -l24
[1.050s] [  1%] [34m[1mGenerating C code for ROS interfaces[0m
[1.055s] [  3%] [34m[1mGenerating C++ code for ROS interfaces[0m
[1.058s] [  3%] Built target ament_cmake_python_copy_umv_msgs
[1.168s] running egg_info
[1.168s] creating umv_msgs.egg-info
[1.168s] writing umv_msgs.egg-info/PKG-INFO
[1.168s] writing dependency_links to umv_msgs.egg-info/dependency_links.txt
[1.168s] writing top-level names to umv_msgs.egg-info/top_level.txt
[1.168s] writing manifest file 'umv_msgs.egg-info/SOURCES.txt'
[1.169s] reading manifest file 'umv_msgs.egg-info/SOURCES.txt'
[1.169s] writing manifest file 'umv_msgs.egg-info/SOURCES.txt'
[1.182s] [  3%] Built target ament_cmake_python_build_umv_msgs_egg
[1.237s] [  3%] Built target umv_msgs__cpp
[1.242s] [  9%] [34m[1mGenerating C++ type support dispatch for ROS interfaces[0m
[1.242s] [  9%] [34m[1mGenerating C++ introspection for ROS interfaces[0m
[1.242s] [  9%] [34m[1mGenerating C++ type support for eProsima Fast-RTPS[0m
[1.259s] [ 16%] [32mBuilding C object CMakeFiles/umv_msgs__rosidl_generator_c.dir/rosidl_generator_c/umv_msgs/msg/detail/host_vehicle_filter__functions.c.o[0m
[1.259s] [ 16%] [32mBuilding C object CMakeFiles/umv_msgs__rosidl_generator_c.dir/rosidl_generator_c/umv_msgs/msg/detail/acu_cmd__functions.c.o[0m
[1.259s] [ 16%] [32mBuilding C object CMakeFiles/umv_msgs__rosidl_generator_c.dir/rosidl_generator_c/umv_msgs/msg/detail/local_ref_path__functions.c.o[0m
[1.259s] [ 16%] [32mBuilding C object CMakeFiles/umv_msgs__rosidl_generator_c.dir/rosidl_generator_c/umv_msgs/msg/detail/global_path__functions.c.o[0m
[1.283s] [ 18%] [32m[1mLinking C shared library libumv_msgs__rosidl_generator_c.so[0m
[1.302s] [ 18%] Built target umv_msgs__rosidl_generator_c
[1.308s] [ 23%] [34m[1mGenerating C introspection for ROS interfaces[0m
[1.308s] [ 23%] [34m[1mGenerating C type support dispatch for ROS interfaces[0m
[1.308s] [ 23%] [34m[1mGenerating C type support for eProsima Fast-RTPS[0m
[1.389s] [ 25%] [32mBuilding CXX object CMakeFiles/umv_msgs__rosidl_typesupport_cpp.dir/rosidl_typesupport_cpp/umv_msgs/msg/global_path__type_support.cpp.o[0m
[1.389s] [ 29%] [32mBuilding CXX object CMakeFiles/umv_msgs__rosidl_typesupport_cpp.dir/rosidl_typesupport_cpp/umv_msgs/msg/host_vehicle_filter__type_support.cpp.o[0m
[1.389s] [ 29%] [32mBuilding CXX object CMakeFiles/umv_msgs__rosidl_typesupport_cpp.dir/rosidl_typesupport_cpp/umv_msgs/msg/local_ref_path__type_support.cpp.o[0m
[1.390s] [ 30%] [32mBuilding CXX object CMakeFiles/umv_msgs__rosidl_typesupport_cpp.dir/rosidl_typesupport_cpp/umv_msgs/msg/acu_cmd__type_support.cpp.o[0m
[1.406s] [ 32%] [32mBuilding CXX object CMakeFiles/umv_msgs__rosidl_typesupport_introspection_cpp.dir/rosidl_typesupport_introspection_cpp/umv_msgs/msg/detail/local_ref_path__type_support.cpp.o[0m
[1.407s] [ 34%] [32mBuilding CXX object CMakeFiles/umv_msgs__rosidl_typesupport_introspection_cpp.dir/rosidl_typesupport_introspection_cpp/umv_msgs/msg/detail/global_path__type_support.cpp.o[0m
[1.408s] [ 38%] [32mBuilding CXX object CMakeFiles/umv_msgs__rosidl_typesupport_introspection_cpp.dir/rosidl_typesupport_introspection_cpp/umv_msgs/msg/detail/host_vehicle_filter__type_support.cpp.o[0m
[1.408s] [ 38%] [32mBuilding CXX object CMakeFiles/umv_msgs__rosidl_typesupport_introspection_cpp.dir/rosidl_typesupport_introspection_cpp/umv_msgs/msg/detail/acu_cmd__type_support.cpp.o[0m
[1.440s] [ 40%] [32mBuilding CXX object CMakeFiles/umv_msgs__rosidl_typesupport_fastrtps_cpp.dir/rosidl_typesupport_fastrtps_cpp/umv_msgs/msg/detail/dds_fastrtps/local_ref_path__type_support.cpp.o[0m
[1.440s] [ 41%] [32mBuilding CXX object CMakeFiles/umv_msgs__rosidl_typesupport_fastrtps_cpp.dir/rosidl_typesupport_fastrtps_cpp/umv_msgs/msg/detail/dds_fastrtps/global_path__type_support.cpp.o[0m
[1.440s] [ 43%] [32mBuilding CXX object CMakeFiles/umv_msgs__rosidl_typesupport_fastrtps_cpp.dir/rosidl_typesupport_fastrtps_cpp/umv_msgs/msg/detail/dds_fastrtps/host_vehicle_filter__type_support.cpp.o[0m
[1.440s] [ 45%] [32mBuilding CXX object CMakeFiles/umv_msgs__rosidl_typesupport_fastrtps_cpp.dir/rosidl_typesupport_fastrtps_cpp/umv_msgs/msg/detail/dds_fastrtps/acu_cmd__type_support.cpp.o[0m
[1.466s] [ 52%] [32mBuilding CXX object CMakeFiles/umv_msgs__rosidl_typesupport_c.dir/rosidl_typesupport_c/umv_msgs/msg/local_ref_path__type_support.cpp.o[0m
[1.466s] [ 52%] [32mBuilding CXX object CMakeFiles/umv_msgs__rosidl_typesupport_c.dir/rosidl_typesupport_c/umv_msgs/msg/global_path__type_support.cpp.o[0m
[1.466s] [ 52%] [32mBuilding CXX object CMakeFiles/umv_msgs__rosidl_typesupport_c.dir/rosidl_typesupport_c/umv_msgs/msg/acu_cmd__type_support.cpp.o[0m
[1.466s] [ 52%] [32mBuilding CXX object CMakeFiles/umv_msgs__rosidl_typesupport_c.dir/rosidl_typesupport_c/umv_msgs/msg/host_vehicle_filter__type_support.cpp.o[0m
[1.495s] [ 54%] [32m[1mLinking CXX shared library libumv_msgs__rosidl_typesupport_c.so[0m
[1.506s] [ 56%] [32mBuilding C object CMakeFiles/umv_msgs__rosidl_typesupport_introspection_c.dir/rosidl_typesupport_introspection_c/umv_msgs/msg/detail/acu_cmd__type_support.c.o[0m
[1.507s] [ 65%] [32mBuilding CXX object CMakeFiles/umv_msgs__rosidl_typesupport_fastrtps_c.dir/rosidl_typesupport_fastrtps_c/umv_msgs/msg/detail/local_ref_path__type_support_c.cpp.o[0m
[1.507s] [ 65%] [32mBuilding CXX object CMakeFiles/umv_msgs__rosidl_typesupport_fastrtps_c.dir/rosidl_typesupport_fastrtps_c/umv_msgs/msg/detail/host_vehicle_filter__type_support_c.cpp.o[0m
[1.507s] [ 65%] [32mBuilding C object CMakeFiles/umv_msgs__rosidl_typesupport_introspection_c.dir/rosidl_typesupport_introspection_c/umv_msgs/msg/detail/local_ref_path__type_support.c.o[0m
[1.507s] [ 65%] [32mBuilding C object CMakeFiles/umv_msgs__rosidl_typesupport_introspection_c.dir/rosidl_typesupport_introspection_c/umv_msgs/msg/detail/host_vehicle_filter__type_support.c.o[0m
[1.507s] [ 65%] [32mBuilding C object CMakeFiles/umv_msgs__rosidl_typesupport_introspection_c.dir/rosidl_typesupport_introspection_c/umv_msgs/msg/detail/global_path__type_support.c.o[0m
[1.507s] [ 69%] [32mBuilding CXX object CMakeFiles/umv_msgs__rosidl_typesupport_fastrtps_c.dir/rosidl_typesupport_fastrtps_c/umv_msgs/msg/detail/acu_cmd__type_support_c.cpp.o[0m
[1.507s] [ 69%] [32mBuilding CXX object CMakeFiles/umv_msgs__rosidl_typesupport_fastrtps_c.dir/rosidl_typesupport_fastrtps_c/umv_msgs/msg/detail/global_path__type_support_c.cpp.o[0m
[1.532s] [ 69%] Built target umv_msgs__rosidl_typesupport_c
[1.541s] [ 70%] [32m[1mLinking C shared library libumv_msgs__rosidl_typesupport_introspection_c.so[0m
[1.560s] [ 70%] Built target umv_msgs__rosidl_typesupport_introspection_c
[1.621s] [ 72%] [32m[1mLinking CXX shared library libumv_msgs__rosidl_typesupport_cpp.so[0m
[1.649s] [ 72%] Built target umv_msgs__rosidl_typesupport_cpp
[1.692s] [ 74%] [32m[1mLinking CXX shared library libumv_msgs__rosidl_typesupport_introspection_cpp.so[0m
[1.730s] [ 76%] [32m[1mLinking CXX shared library libumv_msgs__rosidl_typesupport_fastrtps_c.so[0m
[1.732s] [ 76%] Built target umv_msgs__rosidl_typesupport_introspection_cpp
[1.738s] [ 78%] [32m[1mLinking CXX shared library libumv_msgs__rosidl_typesupport_fastrtps_cpp.so[0m
[1.771s] [ 78%] Built target umv_msgs__rosidl_typesupport_fastrtps_c
[1.775s] [ 78%] Built target umv_msgs__rosidl_typesupport_fastrtps_cpp
[1.785s] [ 78%] Built target umv_msgs
[1.794s] [ 80%] [34m[1mGenerating Python code for ROS interfaces[0m
[2.101s] [ 80%] Built target umv_msgs__py
[2.110s] [ 83%] [32mBuilding C object CMakeFiles/umv_msgs__rosidl_generator_py.dir/rosidl_generator_py/umv_msgs/msg/_local_ref_path_s.c.o[0m
[2.110s] [ 83%] [32mBuilding C object CMakeFiles/umv_msgs__rosidl_generator_py.dir/rosidl_generator_py/umv_msgs/msg/_host_vehicle_filter_s.c.o[0m
[2.110s] [ 85%] [32mBuilding C object CMakeFiles/umv_msgs__rosidl_generator_py.dir/rosidl_generator_py/umv_msgs/msg/_acu_cmd_s.c.o[0m
[2.110s] [ 87%] [32mBuilding C object CMakeFiles/umv_msgs__rosidl_generator_py.dir/rosidl_generator_py/umv_msgs/msg/_global_path_s.c.o[0m
[2.173s] [ 89%] [32m[1mLinking C shared library rosidl_generator_py/umv_msgs/libumv_msgs__rosidl_generator_py.so[0m
[2.196s] [ 89%] Built target umv_msgs__rosidl_generator_py
[2.205s] [ 92%] [32mBuilding C object CMakeFiles/umv_msgs__rosidl_typesupport_introspection_c__pyext.dir/rosidl_generator_py/umv_msgs/_umv_msgs_s.ep.rosidl_typesupport_introspection_c.c.o[0m
[2.205s] [ 92%] [32mBuilding C object CMakeFiles/umv_msgs__rosidl_typesupport_c__pyext.dir/rosidl_generator_py/umv_msgs/_umv_msgs_s.ep.rosidl_typesupport_c.c.o[0m
[2.205s] [ 94%] [32mBuilding C object CMakeFiles/umv_msgs__rosidl_typesupport_fastrtps_c__pyext.dir/rosidl_generator_py/umv_msgs/_umv_msgs_s.ep.rosidl_typesupport_fastrtps_c.c.o[0m
[2.259s] [ 98%] [32m[1mLinking C shared library rosidl_generator_py/umv_msgs/umv_msgs_s__rosidl_typesupport_fastrtps_c.cpython-310-x86_64-linux-gnu.so[0m
[2.259s] [ 98%] [32m[1mLinking C shared library rosidl_generator_py/umv_msgs/umv_msgs_s__rosidl_typesupport_introspection_c.cpython-310-x86_64-linux-gnu.so[0m
[2.263s] [100%] [32m[1mLinking C shared library rosidl_generator_py/umv_msgs/umv_msgs_s__rosidl_typesupport_c.cpython-310-x86_64-linux-gnu.so[0m
[2.280s] [100%] Built target umv_msgs__rosidl_typesupport_introspection_c__pyext
[2.280s] [100%] Built target umv_msgs__rosidl_typesupport_fastrtps_c__pyext
[2.284s] [100%] Built target umv_msgs__rosidl_typesupport_c__pyext
[2.289s] Invoked command in '/home/jeongtae/umv_control/build/umv_msgs' returned '0': CMAKE_PREFIX_PATH=${CMAKE_PREFIX_PATH}:/home/jeongtae/umv_control/install/lower_controller:/home/jeongtae/umv_control/install/host_vehicle_filter:/home/jeongtae/umv_control/install/motion_planner:/opt/ros/humble /usr/bin/cmake --build /home/jeongtae/umv_control/build/umv_msgs -- -j24 -l24
[2.375s] Invoking command in '/home/jeongtae/umv_control/build/umv_msgs': CMAKE_PREFIX_PATH=${CMAKE_PREFIX_PATH}:/home/jeongtae/umv_control/install/lower_controller:/home/jeongtae/umv_control/install/host_vehicle_filter:/home/jeongtae/umv_control/install/motion_planner:/opt/ros/humble /usr/bin/cmake --install /home/jeongtae/umv_control/build/umv_msgs
[2.379s] -- Install configuration: ""
[2.379s] -- Installing: /home/jeongtae/umv_control/install/umv_msgs/share/ament_index/resource_index/rosidl_interfaces/umv_msgs
[2.379s] -- Installing: /home/jeongtae/umv_control/install/umv_msgs/include/umv_msgs/umv_msgs
[2.379s] -- Installing: /home/jeongtae/umv_control/install/umv_msgs/include/umv_msgs/umv_msgs/msg
[2.379s] -- Installing: /home/jeongtae/umv_control/install/umv_msgs/include/umv_msgs/umv_msgs/msg/rosidl_generator_c__visibility_control.h
[2.379s] -- Installing: /home/jeongtae/umv_control/install/umv_msgs/include/umv_msgs/umv_msgs/msg/detail
[2.379s] -- Installing: /home/jeongtae/umv_control/install/umv_msgs/include/umv_msgs/umv_msgs/msg/detail/acu_cmd__functions.c
[2.379s] -- Installing: /home/jeongtae/umv_control/install/umv_msgs/include/umv_msgs/umv_msgs/msg/detail/global_path__struct.h
[2.379s] -- Installing: /home/jeongtae/umv_control/install/umv_msgs/include/umv_msgs/umv_msgs/msg/detail/local_ref_path__functions.h
[2.379s] -- Installing: /home/jeongtae/umv_control/install/umv_msgs/include/umv_msgs/umv_msgs/msg/detail/host_vehicle_filter__functions.h
[2.380s] -- Installing: /home/jeongtae/umv_control/install/umv_msgs/include/umv_msgs/umv_msgs/msg/detail/host_vehicle_filter__struct.h
[2.380s] -- Installing: /home/jeongtae/umv_control/install/umv_msgs/include/umv_msgs/umv_msgs/msg/detail/acu_cmd__struct.h
[2.380s] -- Installing: /home/jeongtae/umv_control/install/umv_msgs/include/umv_msgs/umv_msgs/msg/detail/acu_cmd__functions.h
[2.380s] -- Installing: /home/jeongtae/umv_control/install/umv_msgs/include/umv_msgs/umv_msgs/msg/detail/host_vehicle_filter__type_support.h
[2.380s] -- Installing: /home/jeongtae/umv_control/install/umv_msgs/include/umv_msgs/umv_msgs/msg/detail/global_path__type_support.h
[2.380s] -- Installing: /home/jeongtae/umv_control/install/umv_msgs/include/umv_msgs/umv_msgs/msg/detail/global_path__functions.c
[2.380s] -- Installing: /home/jeongtae/umv_control/install/umv_msgs/include/umv_msgs/umv_msgs/msg/detail/local_ref_path__struct.h
[2.380s] -- Installing: /home/jeongtae/umv_control/install/umv_msgs/include/umv_msgs/umv_msgs/msg/detail/local_ref_path__functions.c
[2.380s] -- Installing: /home/jeongtae/umv_control/install/umv_msgs/include/umv_msgs/umv_msgs/msg/detail/host_vehicle_filter__functions.c
[2.380s] -- Installing: /home/jeongtae/umv_control/install/umv_msgs/include/umv_msgs/umv_msgs/msg/detail/acu_cmd__type_support.h
[2.380s] -- Installing: /home/jeongtae/umv_control/install/umv_msgs/include/umv_msgs/umv_msgs/msg/detail/global_path__functions.h
[2.380s] -- Installing: /home/jeongtae/umv_control/install/umv_msgs/include/umv_msgs/umv_msgs/msg/detail/local_ref_path__type_support.h
[2.380s] -- Installing: /home/jeongtae/umv_control/install/umv_msgs/include/umv_msgs/umv_msgs/msg/local_ref_path.h
[2.380s] -- Installing: /home/jeongtae/umv_control/install/umv_msgs/include/umv_msgs/umv_msgs/msg/global_path.h
[2.380s] -- Installing: /home/jeongtae/umv_control/install/umv_msgs/include/umv_msgs/umv_msgs/msg/acu_cmd.h
[2.380s] -- Installing: /home/jeongtae/umv_control/install/umv_msgs/include/umv_msgs/umv_msgs/msg/host_vehicle_filter.h
[2.380s] -- Installing: /home/jeongtae/umv_control/install/umv_msgs/share/umv_msgs/environment/library_path.sh
[2.380s] -- Installing: /home/jeongtae/umv_control/install/umv_msgs/share/umv_msgs/environment/library_path.dsv
[2.380s] -- Installing: /home/jeongtae/umv_control/install/umv_msgs/lib/libumv_msgs__rosidl_generator_c.so
[2.381s] -- Set runtime path of "/home/jeongtae/umv_control/install/umv_msgs/lib/libumv_msgs__rosidl_generator_c.so" to ""
[2.381s] -- Up-to-date: /home/jeongtae/umv_control/install/umv_msgs/include/umv_msgs/umv_msgs
[2.381s] -- Up-to-date: /home/jeongtae/umv_control/install/umv_msgs/include/umv_msgs/umv_msgs/msg
[2.381s] -- Up-to-date: /home/jeongtae/umv_control/install/umv_msgs/include/umv_msgs/umv_msgs/msg/detail
[2.381s] -- Installing: /home/jeongtae/umv_control/install/umv_msgs/include/umv_msgs/umv_msgs/msg/detail/local_ref_path__rosidl_typesupport_fastrtps_c.h
[2.381s] -- Installing: /home/jeongtae/umv_control/install/umv_msgs/include/umv_msgs/umv_msgs/msg/detail/acu_cmd__rosidl_typesupport_fastrtps_c.h
[2.381s] -- Installing: /home/jeongtae/umv_control/install/umv_msgs/include/umv_msgs/umv_msgs/msg/detail/host_vehicle_filter__rosidl_typesupport_fastrtps_c.h
[2.381s] -- Installing: /home/jeongtae/umv_control/install/umv_msgs/include/umv_msgs/umv_msgs/msg/detail/global_path__rosidl_typesupport_fastrtps_c.h
[2.381s] -- Installing: /home/jeongtae/umv_control/install/umv_msgs/include/umv_msgs/umv_msgs/msg/rosidl_typesupport_fastrtps_c__visibility_control.h
[2.381s] -- Installing: /home/jeongtae/umv_control/install/umv_msgs/lib/libumv_msgs__rosidl_typesupport_fastrtps_c.so
[2.381s] -- Set runtime path of "/home/jeongtae/umv_control/install/umv_msgs/lib/libumv_msgs__rosidl_typesupport_fastrtps_c.so" to ""
[2.381s] -- Up-to-date: /home/jeongtae/umv_control/install/umv_msgs/include/umv_msgs/umv_msgs
[2.381s] -- Up-to-date: /home/jeongtae/umv_control/install/umv_msgs/include/umv_msgs/umv_msgs/msg
[2.381s] -- Installing: /home/jeongtae/umv_control/install/umv_msgs/include/umv_msgs/umv_msgs/msg/rosidl_typesupport_introspection_c__visibility_control.h
[2.381s] -- Up-to-date: /home/jeongtae/umv_control/install/umv_msgs/include/umv_msgs/umv_msgs/msg/detail
[2.381s] -- Installing: /home/jeongtae/umv_control/install/umv_msgs/include/umv_msgs/umv_msgs/msg/detail/host_vehicle_filter__rosidl_typesupport_introspection_c.h
[2.381s] -- Installing: /home/jeongtae/umv_control/install/umv_msgs/include/umv_msgs/umv_msgs/msg/detail/global_path__type_support.c
[2.381s] -- Installing: /home/jeongtae/umv_control/install/umv_msgs/include/umv_msgs/umv_msgs/msg/detail/local_ref_path__rosidl_typesupport_introspection_c.h
[2.381s] -- Installing: /home/jeongtae/umv_control/install/umv_msgs/include/umv_msgs/umv_msgs/msg/detail/acu_cmd__rosidl_typesupport_introspection_c.h
[2.381s] -- Installing: /home/jeongtae/umv_control/install/umv_msgs/include/umv_msgs/umv_msgs/msg/detail/host_vehicle_filter__type_support.c
[2.381s] -- Installing: /home/jeongtae/umv_control/install/umv_msgs/include/umv_msgs/umv_msgs/msg/detail/global_path__rosidl_typesupport_introspection_c.h
[2.382s] -- Installing: /home/jeongtae/umv_control/install/umv_msgs/include/umv_msgs/umv_msgs/msg/detail/local_ref_path__type_support.c
[2.382s] -- Installing: /home/jeongtae/umv_control/install/umv_msgs/include/umv_msgs/umv_msgs/msg/detail/acu_cmd__type_support.c
[2.382s] -- Installing: /home/jeongtae/umv_control/install/umv_msgs/lib/libumv_msgs__rosidl_typesupport_introspection_c.so
[2.382s] -- Set runtime path of "/home/jeongtae/umv_control/install/umv_msgs/lib/libumv_msgs__rosidl_typesupport_introspection_c.so" to ""
[2.382s] -- Installing: /home/jeongtae/umv_control/install/umv_msgs/lib/libumv_msgs__rosidl_typesupport_c.so
[2.382s] -- Set runtime path of "/home/jeongtae/umv_control/install/umv_msgs/lib/libumv_msgs__rosidl_typesupport_c.so" to ""
[2.382s] -- Up-to-date: /home/jeongtae/umv_control/install/umv_msgs/include/umv_msgs/umv_msgs
[2.382s] -- Up-to-date: /home/jeongtae/umv_control/install/umv_msgs/include/umv_msgs/umv_msgs/msg
[2.382s] -- Installing: /home/jeongtae/umv_control/install/umv_msgs/include/umv_msgs/umv_msgs/msg/local_ref_path.hpp
[2.382s] -- Installing: /home/jeongtae/umv_control/install/umv_msgs/include/umv_msgs/umv_msgs/msg/acu_cmd.hpp
[2.382s] -- Installing: /home/jeongtae/umv_control/install/umv_msgs/include/umv_msgs/umv_msgs/msg/host_vehicle_filter.hpp
[2.382s] -- Up-to-date: /home/jeongtae/umv_control/install/umv_msgs/include/umv_msgs/umv_msgs/msg/detail
[2.382s] -- Installing: /home/jeongtae/umv_control/install/umv_msgs/include/umv_msgs/umv_msgs/msg/detail/acu_cmd__struct.hpp
[2.382s] -- Installing: /home/jeongtae/umv_control/install/umv_msgs/include/umv_msgs/umv_msgs/msg/detail/local_ref_path__builder.hpp
[2.382s] -- Installing: /home/jeongtae/umv_control/install/umv_msgs/include/umv_msgs/umv_msgs/msg/detail/host_vehicle_filter__traits.hpp
[2.382s] -- Installing: /home/jeongtae/umv_control/install/umv_msgs/include/umv_msgs/umv_msgs/msg/detail/global_path__traits.hpp
[2.382s] -- Installing: /home/jeongtae/umv_control/install/umv_msgs/include/umv_msgs/umv_msgs/msg/detail/global_path__struct.hpp
[2.382s] -- Installing: /home/jeongtae/umv_control/install/umv_msgs/include/umv_msgs/umv_msgs/msg/detail/local_ref_path__struct.hpp
[2.382s] -- Installing: /home/jeongtae/umv_control/install/umv_msgs/include/umv_msgs/umv_msgs/msg/detail/acu_cmd__traits.hpp
[2.383s] -- Installing: /home/jeongtae/umv_control/install/umv_msgs/include/umv_msgs/umv_msgs/msg/detail/acu_cmd__builder.hpp
[2.383s] -- Installing: /home/jeongtae/umv_control/install/umv_msgs/include/umv_msgs/umv_msgs/msg/detail/local_ref_path__traits.hpp
[2.383s] -- Installing: /home/jeongtae/umv_control/install/umv_msgs/include/umv_msgs/umv_msgs/msg/detail/global_path__builder.hpp
[2.383s] -- Installing: /home/jeongtae/umv_control/install/umv_msgs/include/umv_msgs/umv_msgs/msg/detail/host_vehicle_filter__struct.hpp
[2.383s] -- Installing: /home/jeongtae/umv_control/install/umv_msgs/include/umv_msgs/umv_msgs/msg/detail/host_vehicle_filter__builder.hpp
[2.383s] -- Installing: /home/jeongtae/umv_control/install/umv_msgs/include/umv_msgs/umv_msgs/msg/global_path.hpp
[2.383s] -- Up-to-date: /home/jeongtae/umv_control/install/umv_msgs/include/umv_msgs/umv_msgs
[2.383s] -- Up-to-date: /home/jeongtae/umv_control/install/umv_msgs/include/umv_msgs/umv_msgs/msg
[2.383s] -- Up-to-date: /home/jeongtae/umv_control/install/umv_msgs/include/umv_msgs/umv_msgs/msg/detail
[2.383s] -- Installing: /home/jeongtae/umv_control/install/umv_msgs/include/umv_msgs/umv_msgs/msg/detail/host_vehicle_filter__rosidl_typesupport_fastrtps_cpp.hpp
[2.383s] -- Installing: /home/jeongtae/umv_control/install/umv_msgs/include/umv_msgs/umv_msgs/msg/detail/global_path__rosidl_typesupport_fastrtps_cpp.hpp
[2.383s] -- Installing: /home/jeongtae/umv_control/install/umv_msgs/include/umv_msgs/umv_msgs/msg/detail/acu_cmd__rosidl_typesupport_fastrtps_cpp.hpp
[2.383s] -- Installing: /home/jeongtae/umv_control/install/umv_msgs/include/umv_msgs/umv_msgs/msg/detail/dds_fastrtps
[2.383s] -- Installing: /home/jeongtae/umv_control/install/umv_msgs/include/umv_msgs/umv_msgs/msg/detail/local_ref_path__rosidl_typesupport_fastrtps_cpp.hpp
[2.384s] -- Installing: /home/jeongtae/umv_control/install/umv_msgs/include/umv_msgs/umv_msgs/msg/rosidl_typesupport_fastrtps_cpp__visibility_control.h
[2.384s] -- Installing: /home/jeongtae/umv_control/install/umv_msgs/lib/libumv_msgs__rosidl_typesupport_fastrtps_cpp.so
[2.384s] -- Set runtime path of "/home/jeongtae/umv_control/install/umv_msgs/lib/libumv_msgs__rosidl_typesupport_fastrtps_cpp.so" to ""
[2.384s] -- Up-to-date: /home/jeongtae/umv_control/install/umv_msgs/include/umv_msgs/umv_msgs
[2.384s] -- Up-to-date: /home/jeongtae/umv_control/install/umv_msgs/include/umv_msgs/umv_msgs/msg
[2.384s] -- Up-to-date: /home/jeongtae/umv_control/install/umv_msgs/include/umv_msgs/umv_msgs/msg/detail
[2.384s] -- Installing: /home/jeongtae/umv_control/install/umv_msgs/include/umv_msgs/umv_msgs/msg/detail/global_path__rosidl_typesupport_introspection_cpp.hpp
[2.384s] -- Installing: /home/jeongtae/umv_control/install/umv_msgs/include/umv_msgs/umv_msgs/msg/detail/host_vehicle_filter__type_support.cpp
[2.384s] -- Installing: /home/jeongtae/umv_control/install/umv_msgs/include/umv_msgs/umv_msgs/msg/detail/local_ref_path__type_support.cpp
[2.384s] -- Installing: /home/jeongtae/umv_control/install/umv_msgs/include/umv_msgs/umv_msgs/msg/detail/acu_cmd__type_support.cpp
[2.384s] -- Installing: /home/jeongtae/umv_control/install/umv_msgs/include/umv_msgs/umv_msgs/msg/detail/host_vehicle_filter__rosidl_typesupport_introspection_cpp.hpp
[2.384s] -- Installing: /home/jeongtae/umv_control/install/umv_msgs/include/umv_msgs/umv_msgs/msg/detail/acu_cmd__rosidl_typesupport_introspection_cpp.hpp
[2.384s] -- Installing: /home/jeongtae/umv_control/install/umv_msgs/include/umv_msgs/umv_msgs/msg/detail/local_ref_path__rosidl_typesupport_introspection_cpp.hpp
[2.384s] -- Installing: /home/jeongtae/umv_control/install/umv_msgs/include/umv_msgs/umv_msgs/msg/detail/global_path__type_support.cpp
[2.384s] -- Installing: /home/jeongtae/umv_control/install/umv_msgs/lib/libumv_msgs__rosidl_typesupport_introspection_cpp.so
[2.384s] -- Set runtime path of "/home/jeongtae/umv_control/install/umv_msgs/lib/libumv_msgs__rosidl_typesupport_introspection_cpp.so" to ""
[2.384s] -- Installing: /home/jeongtae/umv_control/install/umv_msgs/lib/libumv_msgs__rosidl_typesupport_cpp.so
[2.384s] -- Set runtime path of "/home/jeongtae/umv_control/install/umv_msgs/lib/libumv_msgs__rosidl_typesupport_cpp.so" to ""
[2.384s] -- Installing: /home/jeongtae/umv_control/install/umv_msgs/share/umv_msgs/environment/pythonpath.sh
[2.384s] -- Installing: /home/jeongtae/umv_control/install/umv_msgs/share/umv_msgs/environment/pythonpath.dsv
[2.385s] -- Installing: /home/jeongtae/umv_control/install/umv_msgs/local/lib/python3.10/dist-packages/umv_msgs-0.0.0-py3.10.egg-info
[2.385s] -- Installing: /home/jeongtae/umv_control/install/umv_msgs/local/lib/python3.10/dist-packages/umv_msgs-0.0.0-py3.10.egg-info/SOURCES.txt
[2.385s] -- Installing: /home/jeongtae/umv_control/install/umv_msgs/local/lib/python3.10/dist-packages/umv_msgs-0.0.0-py3.10.egg-info/PKG-INFO
[2.385s] -- Installing: /home/jeongtae/umv_control/install/umv_msgs/local/lib/python3.10/dist-packages/umv_msgs-0.0.0-py3.10.egg-info/top_level.txt
[2.385s] -- Installing: /home/jeongtae/umv_control/install/umv_msgs/local/lib/python3.10/dist-packages/umv_msgs-0.0.0-py3.10.egg-info/dependency_links.txt
[2.385s] -- Installing: /home/jeongtae/umv_control/install/umv_msgs/local/lib/python3.10/dist-packages/umv_msgs
[2.385s] -- Installing: /home/jeongtae/umv_control/install/umv_msgs/local/lib/python3.10/dist-packages/umv_msgs/libumv_msgs__rosidl_generator_py.so
[2.385s] -- Installing: /home/jeongtae/umv_control/install/umv_msgs/local/lib/python3.10/dist-packages/umv_msgs/umv_msgs_s__rosidl_typesupport_fastrtps_c.cpython-310-x86_64-linux-gnu.so
[2.385s] -- Installing: /home/jeongtae/umv_control/install/umv_msgs/local/lib/python3.10/dist-packages/umv_msgs/_umv_msgs_s.ep.rosidl_typesupport_introspection_c.c
[2.385s] -- Installing: /home/jeongtae/umv_control/install/umv_msgs/local/lib/python3.10/dist-packages/umv_msgs/msg
[2.385s] -- Installing: /home/jeongtae/umv_control/install/umv_msgs/local/lib/python3.10/dist-packages/umv_msgs/msg/_host_vehicle_filter.py
[2.385s] -- Installing: /home/jeongtae/umv_control/install/umv_msgs/local/lib/python3.10/dist-packages/umv_msgs/msg/_acu_cmd_s.c
[2.385s] -- Installing: /home/jeongtae/umv_control/install/umv_msgs/local/lib/python3.10/dist-packages/umv_msgs/msg/_local_ref_path.py
[2.385s] -- Installing: /home/jeongtae/umv_control/install/umv_msgs/local/lib/python3.10/dist-packages/umv_msgs/msg/_global_path_s.c
[2.385s] -- Installing: /home/jeongtae/umv_control/install/umv_msgs/local/lib/python3.10/dist-packages/umv_msgs/msg/_acu_cmd.py
[2.385s] -- Installing: /home/jeongtae/umv_control/install/umv_msgs/local/lib/python3.10/dist-packages/umv_msgs/msg/_global_path.py
[2.385s] -- Installing: /home/jeongtae/umv_control/install/umv_msgs/local/lib/python3.10/dist-packages/umv_msgs/msg/_local_ref_path_s.c
[2.385s] -- Installing: /home/jeongtae/umv_control/install/umv_msgs/local/lib/python3.10/dist-packages/umv_msgs/msg/_host_vehicle_filter_s.c
[2.385s] -- Installing: /home/jeongtae/umv_control/install/umv_msgs/local/lib/python3.10/dist-packages/umv_msgs/msg/__init__.py
[2.385s] -- Installing: /home/jeongtae/umv_control/install/umv_msgs/local/lib/python3.10/dist-packages/umv_msgs/_umv_msgs_s.ep.rosidl_typesupport_c.c
[2.385s] -- Installing: /home/jeongtae/umv_control/install/umv_msgs/local/lib/python3.10/dist-packages/umv_msgs/umv_msgs_s__rosidl_typesupport_c.cpython-310-x86_64-linux-gnu.so
[2.385s] -- Installing: /home/jeongtae/umv_control/install/umv_msgs/local/lib/python3.10/dist-packages/umv_msgs/_umv_msgs_s.ep.rosidl_typesupport_fastrtps_c.c
[2.385s] -- Installing: /home/jeongtae/umv_control/install/umv_msgs/local/lib/python3.10/dist-packages/umv_msgs/umv_msgs_s__rosidl_typesupport_introspection_c.cpython-310-x86_64-linux-gnu.so
[2.385s] -- Installing: /home/jeongtae/umv_control/install/umv_msgs/local/lib/python3.10/dist-packages/umv_msgs/__init__.py
[2.406s] Listing '/home/jeongtae/umv_control/install/umv_msgs/local/lib/python3.10/dist-packages/umv_msgs'...
[2.406s] Compiling '/home/jeongtae/umv_control/install/umv_msgs/local/lib/python3.10/dist-packages/umv_msgs/__init__.py'...
[2.406s] Listing '/home/jeongtae/umv_control/install/umv_msgs/local/lib/python3.10/dist-packages/umv_msgs/msg'...
[2.406s] Compiling '/home/jeongtae/umv_control/install/umv_msgs/local/lib/python3.10/dist-packages/umv_msgs/msg/__init__.py'...
[2.406s] Compiling '/home/jeongtae/umv_control/install/umv_msgs/local/lib/python3.10/dist-packages/umv_msgs/msg/_acu_cmd.py'...
[2.406s] Compiling '/home/jeongtae/umv_control/install/umv_msgs/local/lib/python3.10/dist-packages/umv_msgs/msg/_global_path.py'...
[2.406s] Compiling '/home/jeongtae/umv_control/install/umv_msgs/local/lib/python3.10/dist-packages/umv_msgs/msg/_host_vehicle_filter.py'...
[2.406s] Compiling '/home/jeongtae/umv_control/install/umv_msgs/local/lib/python3.10/dist-packages/umv_msgs/msg/_local_ref_path.py'...
[2.408s] -- Installing: /home/jeongtae/umv_control/install/umv_msgs/local/lib/python3.10/dist-packages/umv_msgs/umv_msgs_s__rosidl_typesupport_fastrtps_c.cpython-310-x86_64-linux-gnu.so
[2.408s] -- Set runtime path of "/home/jeongtae/umv_control/install/umv_msgs/local/lib/python3.10/dist-packages/umv_msgs/umv_msgs_s__rosidl_typesupport_fastrtps_c.cpython-310-x86_64-linux-gnu.so" to ""
[2.408s] -- Installing: /home/jeongtae/umv_control/install/umv_msgs/local/lib/python3.10/dist-packages/umv_msgs/umv_msgs_s__rosidl_typesupport_introspection_c.cpython-310-x86_64-linux-gnu.so
[2.408s] -- Set runtime path of "/home/jeongtae/umv_control/install/umv_msgs/local/lib/python3.10/dist-packages/umv_msgs/umv_msgs_s__rosidl_typesupport_introspection_c.cpython-310-x86_64-linux-gnu.so" to ""
[2.408s] -- Installing: /home/jeongtae/umv_control/install/umv_msgs/local/lib/python3.10/dist-packages/umv_msgs/umv_msgs_s__rosidl_typesupport_c.cpython-310-x86_64-linux-gnu.so
[2.408s] -- Set runtime path of "/home/jeongtae/umv_control/install/umv_msgs/local/lib/python3.10/dist-packages/umv_msgs/umv_msgs_s__rosidl_typesupport_c.cpython-310-x86_64-linux-gnu.so" to ""
[2.408s] -- Installing: /home/jeongtae/umv_control/install/umv_msgs/lib/libumv_msgs__rosidl_generator_py.so
[2.408s] -- Set runtime path of "/home/jeongtae/umv_control/install/umv_msgs/lib/libumv_msgs__rosidl_generator_py.so" to ""
[2.408s] -- Installing: /home/jeongtae/umv_control/install/umv_msgs/share/umv_msgs/msg/LocalRefPath.idl
[2.408s] -- Installing: /home/jeongtae/umv_control/install/umv_msgs/share/umv_msgs/msg/HostVehicleFilter.idl
[2.408s] -- Installing: /home/jeongtae/umv_control/install/umv_msgs/share/umv_msgs/msg/AcuCmd.idl
[2.408s] -- Installing: /home/jeongtae/umv_control/install/umv_msgs/share/umv_msgs/msg/GlobalPath.idl
[2.408s] -- Installing: /home/jeongtae/umv_control/install/umv_msgs/share/umv_msgs/msg/LocalRefPath.msg
[2.408s] -- Installing: /home/jeongtae/umv_control/install/umv_msgs/share/umv_msgs/msg/HostVehicleFilter.msg
[2.408s] -- Installing: /home/jeongtae/umv_control/install/umv_msgs/share/umv_msgs/msg/AcuCmd.msg
[2.408s] -- Installing: /home/jeongtae/umv_control/install/umv_msgs/share/umv_msgs/msg/GlobalPath.msg
[2.409s] -- Installing: /home/jeongtae/umv_control/install/umv_msgs/share/ament_index/resource_index/package_run_dependencies/umv_msgs
[2.409s] -- Installing: /home/jeongtae/umv_control/install/umv_msgs/share/ament_index/resource_index/parent_prefix_path/umv_msgs
[2.409s] -- Installing: /home/jeongtae/umv_control/install/umv_msgs/share/umv_msgs/environment/ament_prefix_path.sh
[2.409s] -- Installing: /home/jeongtae/umv_control/install/umv_msgs/share/umv_msgs/environment/ament_prefix_path.dsv
[2.409s] -- Installing: /home/jeongtae/umv_control/install/umv_msgs/share/umv_msgs/environment/path.sh
[2.409s] -- Installing: /home/jeongtae/umv_control/install/umv_msgs/share/umv_msgs/environment/path.dsv
[2.409s] -- Installing: /home/jeongtae/umv_control/install/umv_msgs/share/umv_msgs/local_setup.bash
[2.409s] -- Installing: /home/jeongtae/umv_control/install/umv_msgs/share/umv_msgs/local_setup.sh
[2.409s] -- Installing: /home/jeongtae/umv_control/install/umv_msgs/share/umv_msgs/local_setup.zsh
[2.409s] -- Installing: /home/jeongtae/umv_control/install/umv_msgs/share/umv_msgs/local_setup.dsv
[2.409s] -- Installing: /home/jeongtae/umv_control/install/umv_msgs/share/umv_msgs/package.dsv
[2.409s] -- Installing: /home/jeongtae/umv_control/install/umv_msgs/share/ament_index/resource_index/packages/umv_msgs
[2.409s] -- Installing: /home/jeongtae/umv_control/install/umv_msgs/share/umv_msgs/cmake/export_umv_msgs__rosidl_generator_cExport.cmake
[2.409s] -- Installing: /home/jeongtae/umv_control/install/umv_msgs/share/umv_msgs/cmake/export_umv_msgs__rosidl_generator_cExport-noconfig.cmake
[2.409s] -- Installing: /home/jeongtae/umv_control/install/umv_msgs/share/umv_msgs/cmake/export_umv_msgs__rosidl_typesupport_fastrtps_cExport.cmake
[2.409s] -- Installing: /home/jeongtae/umv_control/install/umv_msgs/share/umv_msgs/cmake/export_umv_msgs__rosidl_typesupport_fastrtps_cExport-noconfig.cmake
[2.409s] -- Installing: /home/jeongtae/umv_control/install/umv_msgs/share/umv_msgs/cmake/umv_msgs__rosidl_typesupport_introspection_cExport.cmake
[2.409s] -- Installing: /home/jeongtae/umv_control/install/umv_msgs/share/umv_msgs/cmake/umv_msgs__rosidl_typesupport_introspection_cExport-noconfig.cmake
[2.409s] -- Installing: /home/jeongtae/umv_control/install/umv_msgs/share/umv_msgs/cmake/umv_msgs__rosidl_typesupport_cExport.cmake
[2.409s] -- Installing: /home/jeongtae/umv_control/install/umv_msgs/share/umv_msgs/cmake/umv_msgs__rosidl_typesupport_cExport-noconfig.cmake
[2.409s] -- Installing: /home/jeongtae/umv_control/install/umv_msgs/share/umv_msgs/cmake/export_umv_msgs__rosidl_generator_cppExport.cmake
[2.409s] -- Installing: /home/jeongtae/umv_control/install/umv_msgs/share/umv_msgs/cmake/export_umv_msgs__rosidl_typesupport_fastrtps_cppExport.cmake
[2.409s] -- Installing: /home/jeongtae/umv_control/install/umv_msgs/share/umv_msgs/cmake/export_umv_msgs__rosidl_typesupport_fastrtps_cppExport-noconfig.cmake
[2.409s] -- Installing: /home/jeongtae/umv_control/install/umv_msgs/share/umv_msgs/cmake/umv_msgs__rosidl_typesupport_introspection_cppExport.cmake
[2.409s] -- Installing: /home/jeongtae/umv_control/install/umv_msgs/share/umv_msgs/cmake/umv_msgs__rosidl_typesupport_introspection_cppExport-noconfig.cmake
[2.410s] -- Installing: /home/jeongtae/umv_control/install/umv_msgs/share/umv_msgs/cmake/umv_msgs__rosidl_typesupport_cppExport.cmake
[2.410s] -- Installing: /home/jeongtae/umv_control/install/umv_msgs/share/umv_msgs/cmake/umv_msgs__rosidl_typesupport_cppExport-noconfig.cmake
[2.410s] -- Installing: /home/jeongtae/umv_control/install/umv_msgs/share/umv_msgs/cmake/export_umv_msgs__rosidl_generator_pyExport.cmake
[2.410s] -- Installing: /home/jeongtae/umv_control/install/umv_msgs/share/umv_msgs/cmake/export_umv_msgs__rosidl_generator_pyExport-noconfig.cmake
[2.410s] -- Installing: /home/jeongtae/umv_control/install/umv_msgs/share/umv_msgs/cmake/rosidl_cmake-extras.cmake
[2.410s] -- Installing: /home/jeongtae/umv_control/install/umv_msgs/share/umv_msgs/cmake/ament_cmake_export_dependencies-extras.cmake
[2.410s] -- Installing: /home/jeongtae/umv_control/install/umv_msgs/share/umv_msgs/cmake/ament_cmake_export_include_directories-extras.cmake
[2.410s] -- Installing: /home/jeongtae/umv_control/install/umv_msgs/share/umv_msgs/cmake/ament_cmake_export_libraries-extras.cmake
[2.410s] -- Installing: /home/jeongtae/umv_control/install/umv_msgs/share/umv_msgs/cmake/ament_cmake_export_targets-extras.cmake
[2.410s] -- Installing: /home/jeongtae/umv_control/install/umv_msgs/share/umv_msgs/cmake/rosidl_cmake_export_typesupport_targets-extras.cmake
[2.410s] -- Installing: /home/jeongtae/umv_control/install/umv_msgs/share/umv_msgs/cmake/rosidl_cmake_export_typesupport_libraries-extras.cmake
[2.410s] -- Installing: /home/jeongtae/umv_control/install/umv_msgs/share/umv_msgs/cmake/umv_msgsConfig.cmake
[2.410s] -- Installing: /home/jeongtae/umv_control/install/umv_msgs/share/umv_msgs/cmake/umv_msgsConfig-version.cmake
[2.410s] -- Installing: /home/jeongtae/umv_control/install/umv_msgs/share/umv_msgs/package.xml
[2.411s] Invoked command in '/home/jeongtae/umv_control/build/umv_msgs' returned '0': CMAKE_PREFIX_PATH=${CMAKE_PREFIX_PATH}:/home/jeongtae/umv_control/install/lower_controller:/home/jeongtae/umv_control/install/host_vehicle_filter:/home/jeongtae/umv_control/install/motion_planner:/opt/ros/humble /usr/bin/cmake --install /home/jeongtae/umv_control/build/umv_msgs
