[0.007s] Invoking command in '/home/jeongtae/umv_control/build/umv_msgs': CMAKE_PREFIX_PATH=${CMAKE_PREFIX_PATH}:/home/jeongtae/umv_control/install/lower_controller:/home/jeongtae/umv_control/install/host_vehicle_filter:/home/jeongtae/umv_control/install/motion_planner:/opt/ros/humble /usr/bin/cmake --build /home/jeongtae/umv_control/build/umv_msgs -- -j24 -l24
[0.032s] [  1%] Built target umv_msgs__cpp
[0.032s] [ 12%] Built target umv_msgs__rosidl_generator_c
[0.038s] [ 12%] Built target ament_cmake_python_copy_umv_msgs
[0.043s] [ 23%] Built target umv_msgs__rosidl_typesupport_c
[0.043s] [ 36%] Built target umv_msgs__rosidl_typesupport_fastrtps_cpp
[0.043s] [ 49%] Built target umv_msgs__rosidl_typesupport_cpp
[0.043s] [ 56%] Built target umv_msgs__rosidl_typesupport_fastrtps_c
[0.043s] [ 67%] Built target umv_msgs__rosidl_typesupport_introspection_c
[0.044s] [ 78%] Built target umv_msgs__rosidl_typesupport_introspection_cpp
[0.053s] [ 78%] Built target umv_msgs
[0.063s] [ 80%] Built target umv_msgs__py
[0.074s] [ 89%] Built target umv_msgs__rosidl_generator_py
[0.085s] [ 96%] Built target umv_msgs__rosidl_typesupport_introspection_c__pyext
[0.085s] [ 96%] Built target umv_msgs__rosidl_typesupport_c__pyext
[0.085s] [100%] Built target umv_msgs__rosidl_typesupport_fastrtps_c__pyext
[0.152s] running egg_info
[0.152s] writing umv_msgs.egg-info/PKG-INFO
[0.152s] writing dependency_links to umv_msgs.egg-info/dependency_links.txt
[0.152s] writing top-level names to umv_msgs.egg-info/top_level.txt
[0.153s] reading manifest file 'umv_msgs.egg-info/SOURCES.txt'
[0.153s] writing manifest file 'umv_msgs.egg-info/SOURCES.txt'
[0.166s] [100%] Built target ament_cmake_python_build_umv_msgs_egg
[0.172s] Invoked command in '/home/jeongtae/umv_control/build/umv_msgs' returned '0': CMAKE_PREFIX_PATH=${CMAKE_PREFIX_PATH}:/home/jeongtae/umv_control/install/lower_controller:/home/jeongtae/umv_control/install/host_vehicle_filter:/home/jeongtae/umv_control/install/motion_planner:/opt/ros/humble /usr/bin/cmake --build /home/jeongtae/umv_control/build/umv_msgs -- -j24 -l24
[0.223s] Invoking command in '/home/jeongtae/umv_control/build/umv_msgs': CMAKE_PREFIX_PATH=${CMAKE_PREFIX_PATH}:/home/jeongtae/umv_control/install/lower_controller:/home/jeongtae/umv_control/install/host_vehicle_filter:/home/jeongtae/umv_control/install/motion_planner:/opt/ros/humble /usr/bin/cmake --install /home/jeongtae/umv_control/build/umv_msgs
[0.227s] -- Install configuration: ""
[0.228s] -- Up-to-date: /home/jeongtae/umv_control/install/umv_msgs/share/ament_index/resource_index/rosidl_interfaces/umv_msgs
[0.228s] -- Up-to-date: /home/jeongtae/umv_control/install/umv_msgs/include/umv_msgs/umv_msgs
[0.228s] -- Up-to-date: /home/jeongtae/umv_control/install/umv_msgs/include/umv_msgs/umv_msgs/msg
[0.228s] -- Up-to-date: /home/jeongtae/umv_control/install/umv_msgs/include/umv_msgs/umv_msgs/msg/rosidl_generator_c__visibility_control.h
[0.228s] -- Up-to-date: /home/jeongtae/umv_control/install/umv_msgs/include/umv_msgs/umv_msgs/msg/detail
[0.228s] -- Up-to-date: /home/jeongtae/umv_control/install/umv_msgs/include/umv_msgs/umv_msgs/msg/detail/acu_cmd__functions.c
[0.228s] -- Up-to-date: /home/jeongtae/umv_control/install/umv_msgs/include/umv_msgs/umv_msgs/msg/detail/global_path__struct.h
[0.228s] -- Up-to-date: /home/jeongtae/umv_control/install/umv_msgs/include/umv_msgs/umv_msgs/msg/detail/local_ref_path__functions.h
[0.228s] -- Up-to-date: /home/jeongtae/umv_control/install/umv_msgs/include/umv_msgs/umv_msgs/msg/detail/host_vehicle_filter__functions.h
[0.228s] -- Up-to-date: /home/jeongtae/umv_control/install/umv_msgs/include/umv_msgs/umv_msgs/msg/detail/host_vehicle_filter__struct.h
[0.228s] -- Up-to-date: /home/jeongtae/umv_control/install/umv_msgs/include/umv_msgs/umv_msgs/msg/detail/acu_cmd__struct.h
[0.228s] -- Up-to-date: /home/jeongtae/umv_control/install/umv_msgs/include/umv_msgs/umv_msgs/msg/detail/acu_cmd__functions.h
[0.228s] -- Up-to-date: /home/jeongtae/umv_control/install/umv_msgs/include/umv_msgs/umv_msgs/msg/detail/host_vehicle_filter__type_support.h
[0.228s] -- Up-to-date: /home/jeongtae/umv_control/install/umv_msgs/include/umv_msgs/umv_msgs/msg/detail/global_path__type_support.h
[0.228s] -- Up-to-date: /home/jeongtae/umv_control/install/umv_msgs/include/umv_msgs/umv_msgs/msg/detail/global_path__functions.c
[0.228s] -- Up-to-date: /home/jeongtae/umv_control/install/umv_msgs/include/umv_msgs/umv_msgs/msg/detail/local_ref_path__struct.h
[0.228s] -- Up-to-date: /home/jeongtae/umv_control/install/umv_msgs/include/umv_msgs/umv_msgs/msg/detail/local_ref_path__functions.c
[0.228s] -- Up-to-date: /home/jeongtae/umv_control/install/umv_msgs/include/umv_msgs/umv_msgs/msg/detail/host_vehicle_filter__functions.c
[0.228s] -- Up-to-date: /home/jeongtae/umv_control/install/umv_msgs/include/umv_msgs/umv_msgs/msg/detail/acu_cmd__type_support.h
[0.228s] -- Up-to-date: /home/jeongtae/umv_control/install/umv_msgs/include/umv_msgs/umv_msgs/msg/detail/global_path__functions.h
[0.228s] -- Up-to-date: /home/jeongtae/umv_control/install/umv_msgs/include/umv_msgs/umv_msgs/msg/detail/local_ref_path__type_support.h
[0.228s] -- Up-to-date: /home/jeongtae/umv_control/install/umv_msgs/include/umv_msgs/umv_msgs/msg/local_ref_path.h
[0.228s] -- Up-to-date: /home/jeongtae/umv_control/install/umv_msgs/include/umv_msgs/umv_msgs/msg/global_path.h
[0.228s] -- Up-to-date: /home/jeongtae/umv_control/install/umv_msgs/include/umv_msgs/umv_msgs/msg/acu_cmd.h
[0.228s] -- Up-to-date: /home/jeongtae/umv_control/install/umv_msgs/include/umv_msgs/umv_msgs/msg/host_vehicle_filter.h
[0.228s] -- Up-to-date: /home/jeongtae/umv_control/install/umv_msgs/share/umv_msgs/environment/library_path.sh
[0.228s] -- Up-to-date: /home/jeongtae/umv_control/install/umv_msgs/share/umv_msgs/environment/library_path.dsv
[0.228s] -- Up-to-date: /home/jeongtae/umv_control/install/umv_msgs/lib/libumv_msgs__rosidl_generator_c.so
[0.228s] -- Up-to-date: /home/jeongtae/umv_control/install/umv_msgs/include/umv_msgs/umv_msgs
[0.228s] -- Up-to-date: /home/jeongtae/umv_control/install/umv_msgs/include/umv_msgs/umv_msgs/msg
[0.229s] -- Up-to-date: /home/jeongtae/umv_control/install/umv_msgs/include/umv_msgs/umv_msgs/msg/detail
[0.229s] -- Up-to-date: /home/jeongtae/umv_control/install/umv_msgs/include/umv_msgs/umv_msgs/msg/detail/local_ref_path__rosidl_typesupport_fastrtps_c.h
[0.229s] -- Up-to-date: /home/jeongtae/umv_control/install/umv_msgs/include/umv_msgs/umv_msgs/msg/detail/acu_cmd__rosidl_typesupport_fastrtps_c.h
[0.229s] -- Up-to-date: /home/jeongtae/umv_control/install/umv_msgs/include/umv_msgs/umv_msgs/msg/detail/host_vehicle_filter__rosidl_typesupport_fastrtps_c.h
[0.229s] -- Up-to-date: /home/jeongtae/umv_control/install/umv_msgs/include/umv_msgs/umv_msgs/msg/detail/global_path__rosidl_typesupport_fastrtps_c.h
[0.229s] -- Up-to-date: /home/jeongtae/umv_control/install/umv_msgs/include/umv_msgs/umv_msgs/msg/rosidl_typesupport_fastrtps_c__visibility_control.h
[0.229s] -- Up-to-date: /home/jeongtae/umv_control/install/umv_msgs/lib/libumv_msgs__rosidl_typesupport_fastrtps_c.so
[0.229s] -- Up-to-date: /home/jeongtae/umv_control/install/umv_msgs/include/umv_msgs/umv_msgs
[0.229s] -- Up-to-date: /home/jeongtae/umv_control/install/umv_msgs/include/umv_msgs/umv_msgs/msg
[0.229s] -- Up-to-date: /home/jeongtae/umv_control/install/umv_msgs/include/umv_msgs/umv_msgs/msg/rosidl_typesupport_introspection_c__visibility_control.h
[0.229s] -- Up-to-date: /home/jeongtae/umv_control/install/umv_msgs/include/umv_msgs/umv_msgs/msg/detail
[0.229s] -- Up-to-date: /home/jeongtae/umv_control/install/umv_msgs/include/umv_msgs/umv_msgs/msg/detail/host_vehicle_filter__rosidl_typesupport_introspection_c.h
[0.229s] -- Up-to-date: /home/jeongtae/umv_control/install/umv_msgs/include/umv_msgs/umv_msgs/msg/detail/global_path__type_support.c
[0.229s] -- Up-to-date: /home/jeongtae/umv_control/install/umv_msgs/include/umv_msgs/umv_msgs/msg/detail/local_ref_path__rosidl_typesupport_introspection_c.h
[0.229s] -- Up-to-date: /home/jeongtae/umv_control/install/umv_msgs/include/umv_msgs/umv_msgs/msg/detail/acu_cmd__rosidl_typesupport_introspection_c.h
[0.229s] -- Up-to-date: /home/jeongtae/umv_control/install/umv_msgs/include/umv_msgs/umv_msgs/msg/detail/host_vehicle_filter__type_support.c
[0.229s] -- Up-to-date: /home/jeongtae/umv_control/install/umv_msgs/include/umv_msgs/umv_msgs/msg/detail/global_path__rosidl_typesupport_introspection_c.h
[0.229s] -- Up-to-date: /home/jeongtae/umv_control/install/umv_msgs/include/umv_msgs/umv_msgs/msg/detail/local_ref_path__type_support.c
[0.229s] -- Up-to-date: /home/jeongtae/umv_control/install/umv_msgs/include/umv_msgs/umv_msgs/msg/detail/acu_cmd__type_support.c
[0.229s] -- Up-to-date: /home/jeongtae/umv_control/install/umv_msgs/lib/libumv_msgs__rosidl_typesupport_introspection_c.so
[0.229s] -- Up-to-date: /home/jeongtae/umv_control/install/umv_msgs/lib/libumv_msgs__rosidl_typesupport_c.so
[0.229s] -- Up-to-date: /home/jeongtae/umv_control/install/umv_msgs/include/umv_msgs/umv_msgs
[0.229s] -- Up-to-date: /home/jeongtae/umv_control/install/umv_msgs/include/umv_msgs/umv_msgs/msg
[0.229s] -- Up-to-date: /home/jeongtae/umv_control/install/umv_msgs/include/umv_msgs/umv_msgs/msg/local_ref_path.hpp
[0.229s] -- Up-to-date: /home/jeongtae/umv_control/install/umv_msgs/include/umv_msgs/umv_msgs/msg/acu_cmd.hpp
[0.229s] -- Up-to-date: /home/jeongtae/umv_control/install/umv_msgs/include/umv_msgs/umv_msgs/msg/host_vehicle_filter.hpp
[0.229s] -- Up-to-date: /home/jeongtae/umv_control/install/umv_msgs/include/umv_msgs/umv_msgs/msg/detail
[0.229s] -- Up-to-date: /home/jeongtae/umv_control/install/umv_msgs/include/umv_msgs/umv_msgs/msg/detail/acu_cmd__struct.hpp
[0.229s] -- Up-to-date: /home/jeongtae/umv_control/install/umv_msgs/include/umv_msgs/umv_msgs/msg/detail/local_ref_path__builder.hpp
[0.229s] -- Up-to-date: /home/jeongtae/umv_control/install/umv_msgs/include/umv_msgs/umv_msgs/msg/detail/host_vehicle_filter__traits.hpp
[0.229s] -- Up-to-date: /home/jeongtae/umv_control/install/umv_msgs/include/umv_msgs/umv_msgs/msg/detail/global_path__traits.hpp
[0.229s] -- Up-to-date: /home/jeongtae/umv_control/install/umv_msgs/include/umv_msgs/umv_msgs/msg/detail/global_path__struct.hpp
[0.229s] -- Up-to-date: /home/jeongtae/umv_control/install/umv_msgs/include/umv_msgs/umv_msgs/msg/detail/local_ref_path__struct.hpp
[0.229s] -- Up-to-date: /home/jeongtae/umv_control/install/umv_msgs/include/umv_msgs/umv_msgs/msg/detail/acu_cmd__traits.hpp
[0.229s] -- Up-to-date: /home/jeongtae/umv_control/install/umv_msgs/include/umv_msgs/umv_msgs/msg/detail/acu_cmd__builder.hpp
[0.229s] -- Up-to-date: /home/jeongtae/umv_control/install/umv_msgs/include/umv_msgs/umv_msgs/msg/detail/local_ref_path__traits.hpp
[0.229s] -- Up-to-date: /home/jeongtae/umv_control/install/umv_msgs/include/umv_msgs/umv_msgs/msg/detail/global_path__builder.hpp
[0.230s] -- Up-to-date: /home/jeongtae/umv_control/install/umv_msgs/include/umv_msgs/umv_msgs/msg/detail/host_vehicle_filter__struct.hpp
[0.230s] -- Up-to-date: /home/jeongtae/umv_control/install/umv_msgs/include/umv_msgs/umv_msgs/msg/detail/host_vehicle_filter__builder.hpp
[0.230s] -- Up-to-date: /home/jeongtae/umv_control/install/umv_msgs/include/umv_msgs/umv_msgs/msg/global_path.hpp
[0.230s] -- Up-to-date: /home/jeongtae/umv_control/install/umv_msgs/include/umv_msgs/umv_msgs
[0.230s] -- Up-to-date: /home/jeongtae/umv_control/install/umv_msgs/include/umv_msgs/umv_msgs/msg
[0.230s] -- Up-to-date: /home/jeongtae/umv_control/install/umv_msgs/include/umv_msgs/umv_msgs/msg/detail
[0.230s] -- Up-to-date: /home/jeongtae/umv_control/install/umv_msgs/include/umv_msgs/umv_msgs/msg/detail/host_vehicle_filter__rosidl_typesupport_fastrtps_cpp.hpp
[0.230s] -- Up-to-date: /home/jeongtae/umv_control/install/umv_msgs/include/umv_msgs/umv_msgs/msg/detail/global_path__rosidl_typesupport_fastrtps_cpp.hpp
[0.230s] -- Up-to-date: /home/jeongtae/umv_control/install/umv_msgs/include/umv_msgs/umv_msgs/msg/detail/acu_cmd__rosidl_typesupport_fastrtps_cpp.hpp
[0.230s] -- Up-to-date: /home/jeongtae/umv_control/install/umv_msgs/include/umv_msgs/umv_msgs/msg/detail/dds_fastrtps
[0.230s] -- Up-to-date: /home/jeongtae/umv_control/install/umv_msgs/include/umv_msgs/umv_msgs/msg/detail/local_ref_path__rosidl_typesupport_fastrtps_cpp.hpp
[0.230s] -- Up-to-date: /home/jeongtae/umv_control/install/umv_msgs/include/umv_msgs/umv_msgs/msg/rosidl_typesupport_fastrtps_cpp__visibility_control.h
[0.230s] -- Up-to-date: /home/jeongtae/umv_control/install/umv_msgs/lib/libumv_msgs__rosidl_typesupport_fastrtps_cpp.so
[0.230s] -- Up-to-date: /home/jeongtae/umv_control/install/umv_msgs/include/umv_msgs/umv_msgs
[0.230s] -- Up-to-date: /home/jeongtae/umv_control/install/umv_msgs/include/umv_msgs/umv_msgs/msg
[0.230s] -- Up-to-date: /home/jeongtae/umv_control/install/umv_msgs/include/umv_msgs/umv_msgs/msg/detail
[0.230s] -- Up-to-date: /home/jeongtae/umv_control/install/umv_msgs/include/umv_msgs/umv_msgs/msg/detail/global_path__rosidl_typesupport_introspection_cpp.hpp
[0.230s] -- Up-to-date: /home/jeongtae/umv_control/install/umv_msgs/include/umv_msgs/umv_msgs/msg/detail/host_vehicle_filter__type_support.cpp
[0.230s] -- Up-to-date: /home/jeongtae/umv_control/install/umv_msgs/include/umv_msgs/umv_msgs/msg/detail/local_ref_path__type_support.cpp
[0.230s] -- Up-to-date: /home/jeongtae/umv_control/install/umv_msgs/include/umv_msgs/umv_msgs/msg/detail/acu_cmd__type_support.cpp
[0.230s] -- Up-to-date: /home/jeongtae/umv_control/install/umv_msgs/include/umv_msgs/umv_msgs/msg/detail/host_vehicle_filter__rosidl_typesupport_introspection_cpp.hpp
[0.230s] -- Up-to-date: /home/jeongtae/umv_control/install/umv_msgs/include/umv_msgs/umv_msgs/msg/detail/acu_cmd__rosidl_typesupport_introspection_cpp.hpp
[0.230s] -- Up-to-date: /home/jeongtae/umv_control/install/umv_msgs/include/umv_msgs/umv_msgs/msg/detail/local_ref_path__rosidl_typesupport_introspection_cpp.hpp
[0.230s] -- Up-to-date: /home/jeongtae/umv_control/install/umv_msgs/include/umv_msgs/umv_msgs/msg/detail/global_path__type_support.cpp
[0.230s] -- Up-to-date: /home/jeongtae/umv_control/install/umv_msgs/lib/libumv_msgs__rosidl_typesupport_introspection_cpp.so
[0.230s] -- Up-to-date: /home/jeongtae/umv_control/install/umv_msgs/lib/libumv_msgs__rosidl_typesupport_cpp.so
[0.230s] -- Up-to-date: /home/jeongtae/umv_control/install/umv_msgs/share/umv_msgs/environment/pythonpath.sh
[0.230s] -- Up-to-date: /home/jeongtae/umv_control/install/umv_msgs/share/umv_msgs/environment/pythonpath.dsv
[0.230s] -- Up-to-date: /home/jeongtae/umv_control/install/umv_msgs/local/lib/python3.10/dist-packages/umv_msgs-0.0.0-py3.10.egg-info
[0.230s] -- Installing: /home/jeongtae/umv_control/install/umv_msgs/local/lib/python3.10/dist-packages/umv_msgs-0.0.0-py3.10.egg-info/SOURCES.txt
[0.230s] -- Installing: /home/jeongtae/umv_control/install/umv_msgs/local/lib/python3.10/dist-packages/umv_msgs-0.0.0-py3.10.egg-info/PKG-INFO
[0.230s] -- Installing: /home/jeongtae/umv_control/install/umv_msgs/local/lib/python3.10/dist-packages/umv_msgs-0.0.0-py3.10.egg-info/top_level.txt
[0.230s] -- Installing: /home/jeongtae/umv_control/install/umv_msgs/local/lib/python3.10/dist-packages/umv_msgs-0.0.0-py3.10.egg-info/dependency_links.txt
[0.230s] -- Up-to-date: /home/jeongtae/umv_control/install/umv_msgs/local/lib/python3.10/dist-packages/umv_msgs
[0.230s] -- Up-to-date: /home/jeongtae/umv_control/install/umv_msgs/local/lib/python3.10/dist-packages/umv_msgs/libumv_msgs__rosidl_generator_py.so
[0.230s] -- Up-to-date: /home/jeongtae/umv_control/install/umv_msgs/local/lib/python3.10/dist-packages/umv_msgs/umv_msgs_s__rosidl_typesupport_fastrtps_c.cpython-310-x86_64-linux-gnu.so
[0.230s] -- Up-to-date: /home/jeongtae/umv_control/install/umv_msgs/local/lib/python3.10/dist-packages/umv_msgs/_umv_msgs_s.ep.rosidl_typesupport_introspection_c.c
[0.230s] -- Up-to-date: /home/jeongtae/umv_control/install/umv_msgs/local/lib/python3.10/dist-packages/umv_msgs/msg
[0.231s] -- Up-to-date: /home/jeongtae/umv_control/install/umv_msgs/local/lib/python3.10/dist-packages/umv_msgs/msg/_host_vehicle_filter.py
[0.231s] -- Up-to-date: /home/jeongtae/umv_control/install/umv_msgs/local/lib/python3.10/dist-packages/umv_msgs/msg/_acu_cmd_s.c
[0.231s] -- Up-to-date: /home/jeongtae/umv_control/install/umv_msgs/local/lib/python3.10/dist-packages/umv_msgs/msg/_local_ref_path.py
[0.231s] -- Up-to-date: /home/jeongtae/umv_control/install/umv_msgs/local/lib/python3.10/dist-packages/umv_msgs/msg/_global_path_s.c
[0.231s] -- Up-to-date: /home/jeongtae/umv_control/install/umv_msgs/local/lib/python3.10/dist-packages/umv_msgs/msg/_acu_cmd.py
[0.231s] -- Up-to-date: /home/jeongtae/umv_control/install/umv_msgs/local/lib/python3.10/dist-packages/umv_msgs/msg/_global_path.py
[0.231s] -- Up-to-date: /home/jeongtae/umv_control/install/umv_msgs/local/lib/python3.10/dist-packages/umv_msgs/msg/_local_ref_path_s.c
[0.231s] -- Up-to-date: /home/jeongtae/umv_control/install/umv_msgs/local/lib/python3.10/dist-packages/umv_msgs/msg/_host_vehicle_filter_s.c
[0.231s] -- Up-to-date: /home/jeongtae/umv_control/install/umv_msgs/local/lib/python3.10/dist-packages/umv_msgs/msg/__init__.py
[0.231s] -- Up-to-date: /home/jeongtae/umv_control/install/umv_msgs/local/lib/python3.10/dist-packages/umv_msgs/_umv_msgs_s.ep.rosidl_typesupport_c.c
[0.231s] -- Up-to-date: /home/jeongtae/umv_control/install/umv_msgs/local/lib/python3.10/dist-packages/umv_msgs/umv_msgs_s__rosidl_typesupport_c.cpython-310-x86_64-linux-gnu.so
[0.231s] -- Up-to-date: /home/jeongtae/umv_control/install/umv_msgs/local/lib/python3.10/dist-packages/umv_msgs/_umv_msgs_s.ep.rosidl_typesupport_fastrtps_c.c
[0.231s] -- Up-to-date: /home/jeongtae/umv_control/install/umv_msgs/local/lib/python3.10/dist-packages/umv_msgs/umv_msgs_s__rosidl_typesupport_introspection_c.cpython-310-x86_64-linux-gnu.so
[0.231s] -- Up-to-date: /home/jeongtae/umv_control/install/umv_msgs/local/lib/python3.10/dist-packages/umv_msgs/__init__.py
[0.247s] Listing '/home/jeongtae/umv_control/install/umv_msgs/local/lib/python3.10/dist-packages/umv_msgs'...
[0.247s] Listing '/home/jeongtae/umv_control/install/umv_msgs/local/lib/python3.10/dist-packages/umv_msgs/msg'...
[0.249s] -- Up-to-date: /home/jeongtae/umv_control/install/umv_msgs/local/lib/python3.10/dist-packages/umv_msgs/umv_msgs_s__rosidl_typesupport_fastrtps_c.cpython-310-x86_64-linux-gnu.so
[0.250s] -- Up-to-date: /home/jeongtae/umv_control/install/umv_msgs/local/lib/python3.10/dist-packages/umv_msgs/umv_msgs_s__rosidl_typesupport_introspection_c.cpython-310-x86_64-linux-gnu.so
[0.250s] -- Up-to-date: /home/jeongtae/umv_control/install/umv_msgs/local/lib/python3.10/dist-packages/umv_msgs/umv_msgs_s__rosidl_typesupport_c.cpython-310-x86_64-linux-gnu.so
[0.250s] -- Up-to-date: /home/jeongtae/umv_control/install/umv_msgs/lib/libumv_msgs__rosidl_generator_py.so
[0.250s] -- Up-to-date: /home/jeongtae/umv_control/install/umv_msgs/share/umv_msgs/msg/LocalRefPath.idl
[0.250s] -- Up-to-date: /home/jeongtae/umv_control/install/umv_msgs/share/umv_msgs/msg/HostVehicleFilter.idl
[0.250s] -- Up-to-date: /home/jeongtae/umv_control/install/umv_msgs/share/umv_msgs/msg/AcuCmd.idl
[0.250s] -- Up-to-date: /home/jeongtae/umv_control/install/umv_msgs/share/umv_msgs/msg/GlobalPath.idl
[0.250s] -- Up-to-date: /home/jeongtae/umv_control/install/umv_msgs/share/umv_msgs/msg/LocalRefPath.msg
[0.250s] -- Up-to-date: /home/jeongtae/umv_control/install/umv_msgs/share/umv_msgs/msg/HostVehicleFilter.msg
[0.250s] -- Up-to-date: /home/jeongtae/umv_control/install/umv_msgs/share/umv_msgs/msg/AcuCmd.msg
[0.250s] -- Up-to-date: /home/jeongtae/umv_control/install/umv_msgs/share/umv_msgs/msg/GlobalPath.msg
[0.250s] -- Up-to-date: /home/jeongtae/umv_control/install/umv_msgs/share/ament_index/resource_index/package_run_dependencies/umv_msgs
[0.251s] -- Up-to-date: /home/jeongtae/umv_control/install/umv_msgs/share/ament_index/resource_index/parent_prefix_path/umv_msgs
[0.251s] -- Up-to-date: /home/jeongtae/umv_control/install/umv_msgs/share/umv_msgs/environment/ament_prefix_path.sh
[0.251s] -- Up-to-date: /home/jeongtae/umv_control/install/umv_msgs/share/umv_msgs/environment/ament_prefix_path.dsv
[0.251s] -- Up-to-date: /home/jeongtae/umv_control/install/umv_msgs/share/umv_msgs/environment/path.sh
[0.251s] -- Up-to-date: /home/jeongtae/umv_control/install/umv_msgs/share/umv_msgs/environment/path.dsv
[0.251s] -- Up-to-date: /home/jeongtae/umv_control/install/umv_msgs/share/umv_msgs/local_setup.bash
[0.251s] -- Up-to-date: /home/jeongtae/umv_control/install/umv_msgs/share/umv_msgs/local_setup.sh
[0.251s] -- Up-to-date: /home/jeongtae/umv_control/install/umv_msgs/share/umv_msgs/local_setup.zsh
[0.251s] -- Up-to-date: /home/jeongtae/umv_control/install/umv_msgs/share/umv_msgs/local_setup.dsv
[0.251s] -- Installing: /home/jeongtae/umv_control/install/umv_msgs/share/umv_msgs/package.dsv
[0.251s] -- Up-to-date: /home/jeongtae/umv_control/install/umv_msgs/share/ament_index/resource_index/packages/umv_msgs
[0.251s] -- Up-to-date: /home/jeongtae/umv_control/install/umv_msgs/share/umv_msgs/cmake/export_umv_msgs__rosidl_generator_cExport.cmake
[0.251s] -- Up-to-date: /home/jeongtae/umv_control/install/umv_msgs/share/umv_msgs/cmake/export_umv_msgs__rosidl_generator_cExport-noconfig.cmake
[0.251s] -- Up-to-date: /home/jeongtae/umv_control/install/umv_msgs/share/umv_msgs/cmake/export_umv_msgs__rosidl_typesupport_fastrtps_cExport.cmake
[0.251s] -- Up-to-date: /home/jeongtae/umv_control/install/umv_msgs/share/umv_msgs/cmake/export_umv_msgs__rosidl_typesupport_fastrtps_cExport-noconfig.cmake
[0.251s] -- Up-to-date: /home/jeongtae/umv_control/install/umv_msgs/share/umv_msgs/cmake/umv_msgs__rosidl_typesupport_introspection_cExport.cmake
[0.251s] -- Up-to-date: /home/jeongtae/umv_control/install/umv_msgs/share/umv_msgs/cmake/umv_msgs__rosidl_typesupport_introspection_cExport-noconfig.cmake
[0.251s] -- Up-to-date: /home/jeongtae/umv_control/install/umv_msgs/share/umv_msgs/cmake/umv_msgs__rosidl_typesupport_cExport.cmake
[0.251s] -- Up-to-date: /home/jeongtae/umv_control/install/umv_msgs/share/umv_msgs/cmake/umv_msgs__rosidl_typesupport_cExport-noconfig.cmake
[0.251s] -- Up-to-date: /home/jeongtae/umv_control/install/umv_msgs/share/umv_msgs/cmake/export_umv_msgs__rosidl_generator_cppExport.cmake
[0.251s] -- Up-to-date: /home/jeongtae/umv_control/install/umv_msgs/share/umv_msgs/cmake/export_umv_msgs__rosidl_typesupport_fastrtps_cppExport.cmake
[0.251s] -- Up-to-date: /home/jeongtae/umv_control/install/umv_msgs/share/umv_msgs/cmake/export_umv_msgs__rosidl_typesupport_fastrtps_cppExport-noconfig.cmake
[0.251s] -- Up-to-date: /home/jeongtae/umv_control/install/umv_msgs/share/umv_msgs/cmake/umv_msgs__rosidl_typesupport_introspection_cppExport.cmake
[0.251s] -- Up-to-date: /home/jeongtae/umv_control/install/umv_msgs/share/umv_msgs/cmake/umv_msgs__rosidl_typesupport_introspection_cppExport-noconfig.cmake
[0.251s] -- Up-to-date: /home/jeongtae/umv_control/install/umv_msgs/share/umv_msgs/cmake/umv_msgs__rosidl_typesupport_cppExport.cmake
[0.251s] -- Up-to-date: /home/jeongtae/umv_control/install/umv_msgs/share/umv_msgs/cmake/umv_msgs__rosidl_typesupport_cppExport-noconfig.cmake
[0.251s] -- Up-to-date: /home/jeongtae/umv_control/install/umv_msgs/share/umv_msgs/cmake/export_umv_msgs__rosidl_generator_pyExport.cmake
[0.251s] -- Up-to-date: /home/jeongtae/umv_control/install/umv_msgs/share/umv_msgs/cmake/export_umv_msgs__rosidl_generator_pyExport-noconfig.cmake
[0.251s] -- Up-to-date: /home/jeongtae/umv_control/install/umv_msgs/share/umv_msgs/cmake/rosidl_cmake-extras.cmake
[0.252s] -- Up-to-date: /home/jeongtae/umv_control/install/umv_msgs/share/umv_msgs/cmake/ament_cmake_export_dependencies-extras.cmake
[0.252s] -- Up-to-date: /home/jeongtae/umv_control/install/umv_msgs/share/umv_msgs/cmake/ament_cmake_export_include_directories-extras.cmake
[0.252s] -- Up-to-date: /home/jeongtae/umv_control/install/umv_msgs/share/umv_msgs/cmake/ament_cmake_export_libraries-extras.cmake
[0.252s] -- Up-to-date: /home/jeongtae/umv_control/install/umv_msgs/share/umv_msgs/cmake/ament_cmake_export_targets-extras.cmake
[0.252s] -- Up-to-date: /home/jeongtae/umv_control/install/umv_msgs/share/umv_msgs/cmake/rosidl_cmake_export_typesupport_targets-extras.cmake
[0.252s] -- Up-to-date: /home/jeongtae/umv_control/install/umv_msgs/share/umv_msgs/cmake/rosidl_cmake_export_typesupport_libraries-extras.cmake
[0.252s] -- Up-to-date: /home/jeongtae/umv_control/install/umv_msgs/share/umv_msgs/cmake/umv_msgsConfig.cmake
[0.252s] -- Up-to-date: /home/jeongtae/umv_control/install/umv_msgs/share/umv_msgs/cmake/umv_msgsConfig-version.cmake
[0.252s] -- Up-to-date: /home/jeongtae/umv_control/install/umv_msgs/share/umv_msgs/package.xml
[0.252s] Invoked command in '/home/jeongtae/umv_control/build/umv_msgs' returned '0': CMAKE_PREFIX_PATH=${CMAKE_PREFIX_PATH}:/home/jeongtae/umv_control/install/lower_controller:/home/jeongtae/umv_control/install/host_vehicle_filter:/home/jeongtae/umv_control/install/motion_planner:/opt/ros/humble /usr/bin/cmake --install /home/jeongtae/umv_control/build/umv_msgs
